<?xml version="1.0" encoding="UTF-8"?>
<!-- Generated by org.testng.reporters.JUnitXMLReporter -->
<testsuite hostname="qtlsys2-178" ignored="0" name="Default test" tests="71" failures="1" timestamp="29 Aug 2019 15:52:48 GMT" time="34.479" errors="0">
  <testcase name="@AfterMethod getResult" time="1.035" classname="pack.AA_TN_PDL">
    <failure type="org.openqa.selenium.WebDriverException" message="java.net.ConnectException: Failed to connect to localhost/127.0.0.1:17012
Build info: version: &amp;apos;3.14.0&amp;apos;, revision: &amp;apos;aacccce0&amp;apos;, time: &amp;apos;2018-08-02T20:19:58.91Z&amp;apos;
System info: host: &amp;apos;QTLSYS2-178&amp;apos;, ip: &amp;apos;10.10.8.94&amp;apos;, os.name: &amp;apos;Windows 7&amp;apos;, os.arch: &amp;apos;amd64&amp;apos;, os.version: &amp;apos;6.1&amp;apos;, java.version: &amp;apos;1.8.0_101&amp;apos;
Driver info: driver.version: RemoteWebDriver">
      <![CDATA[org.openqa.selenium.WebDriverException: java.net.ConnectException: Failed to connect to localhost/127.0.0.1:17012
Build info: version: '3.14.0', revision: 'aacccce0', time: '2018-08-02T20:19:58.91Z'
System info: host: 'QTLSYS2-178', ip: '10.10.8.94', os.name: 'Windows 7', os.arch: 'amd64', os.version: '6.1', java.version: '1.8.0_101'
Driver info: driver.version: RemoteWebDriver
at org.openqa.selenium.remote.service.DriverCommandExecutor.execute(DriverCommandExecutor.java:92)
at org.openqa.selenium.remote.RemoteWebDriver.execute(RemoteWebDriver.java:548)
at org.openqa.selenium.remote.RemoteWebDriver.execute(RemoteWebDriver.java:605)
at org.openqa.selenium.remote.RemoteWebDriver.getScreenshotAs(RemoteWebDriver.java:294)
at pack.AA_TN_PDL.getScreenhot(AA_TN_PDL.java:3743)
at pack.AA_TN_PDL.getResult(AA_TN_PDL.java:3724)
at sun.reflect.NativeMethodAccessorImpl.invoke0(Native Method)
at sun.reflect.NativeMethodAccessorImpl.invoke(Unknown Source)
at sun.reflect.DelegatingMethodAccessorImpl.invoke(Unknown Source)
at java.lang.reflect.Method.invoke(Unknown Source)
at org.testng.internal.MethodInvocationHelper.invokeMethod(MethodInvocationHelper.java:124)
at org.testng.internal.MethodInvocationHelper.invokeMethodConsideringTimeout(MethodInvocationHelper.java:59)
at org.testng.internal.Invoker.invokeConfigurationMethod(Invoker.java:458)
at org.testng.internal.Invoker.invokeConfigurations(Invoker.java:222)
at org.testng.internal.Invoker.invokeMethod(Invoker.java:646)
at org.testng.internal.Invoker.invokeTestMethod(Invoker.java:719)
at org.testng.internal.Invoker.invokeTestMethods(Invoker.java:989)
at org.testng.internal.TestMethodWorker.invokeTestMethods(TestMethodWorker.java:125)
at org.testng.internal.TestMethodWorker.run(TestMethodWorker.java:109)
at org.testng.TestRunner.privateRun(TestRunner.java:648)
at org.testng.TestRunner.run(TestRunner.java:505)
at org.testng.SuiteRunner.runTest(SuiteRunner.java:455)
at org.testng.SuiteRunner.runSequentially(SuiteRunner.java:450)
at org.testng.SuiteRunner.privateRun(SuiteRunner.java:415)
at org.testng.SuiteRunner.run(SuiteRunner.java:364)
at org.testng.SuiteRunnerWorker.runSuite(SuiteRunnerWorker.java:52)
at org.testng.SuiteRunnerWorker.run(SuiteRunnerWorker.java:84)
at org.testng.TestNG.runSuitesSequentially(TestNG.java:1208)
at org.testng.TestNG.runSuitesLocally(TestNG.java:1137)
at org.testng.TestNG.runSuites(TestNG.java:1049)
at org.testng.TestNG.run(TestNG.java:1017)
at org.testng.remote.AbstractRemoteTestNG.run(AbstractRemoteTestNG.java:114)
at org.testng.remote.RemoteTestNG.initAndRun(RemoteTestNG.java:251)
at org.testng.remote.RemoteTestNG.main(RemoteTestNG.java:77)
Caused by: java.net.ConnectException: Failed to connect to localhost/127.0.0.1:17012
at okhttp3.internal.connection.RealConnection.connectSocket(RealConnection.java:242)
at okhttp3.internal.connection.RealConnection.connect(RealConnection.java:160)
at okhttp3.internal.connection.StreamAllocation.findConnection(StreamAllocation.java:257)
at okhttp3.internal.connection.StreamAllocation.findHealthyConnection(StreamAllocation.java:135)
at okhttp3.internal.connection.StreamAllocation.newStream(StreamAllocation.java:114)
at okhttp3.internal.connection.ConnectInterceptor.intercept(ConnectInterceptor.java:42)
at okhttp3.internal.http.RealInterceptorChain.proceed(RealInterceptorChain.java:147)
at okhttp3.internal.http.RealInterceptorChain.proceed(RealInterceptorChain.java:121)
at okhttp3.internal.cache.CacheInterceptor.intercept(CacheInterceptor.java:93)
at okhttp3.internal.http.RealInterceptorChain.proceed(RealInterceptorChain.java:147)
at okhttp3.internal.http.RealInterceptorChain.proceed(RealInterceptorChain.java:121)
at okhttp3.internal.http.BridgeInterceptor.intercept(BridgeInterceptor.java:93)
at okhttp3.internal.http.RealInterceptorChain.proceed(RealInterceptorChain.java:147)
at okhttp3.internal.http.RetryAndFollowUpInterceptor.intercept(RetryAndFollowUpInterceptor.java:126)
at okhttp3.internal.http.RealInterceptorChain.proceed(RealInterceptorChain.java:147)
at okhttp3.internal.http.RealInterceptorChain.proceed(RealInterceptorChain.java:121)
at okhttp3.RealCall.getResponseWithInterceptorChain(RealCall.java:200)
at okhttp3.RealCall.execute(RealCall.java:77)
at org.openqa.selenium.remote.internal.OkHttpClient.execute(OkHttpClient.java:105)
at org.openqa.selenium.remote.HttpCommandExecutor.execute(HttpCommandExecutor.java:155)
at org.openqa.selenium.remote.service.DriverCommandExecutor.execute(DriverCommandExecutor.java:83)
... 33 more
Caused by: java.net.ConnectException: Connection refused: connect
at java.net.DualStackPlainSocketImpl.waitForConnect(Native Method)
at java.net.DualStackPlainSocketImpl.socketConnect(Unknown Source)
at java.net.AbstractPlainSocketImpl.doConnect(Unknown Source)
at java.net.AbstractPlainSocketImpl.connectToAddress(Unknown Source)
at java.net.AbstractPlainSocketImpl.connect(Unknown Source)
at java.net.PlainSocketImpl.connect(Unknown Source)
at java.net.SocksSocketImpl.connect(Unknown Source)
at java.net.Socket.connect(Unknown Source)
at okhttp3.internal.platform.Platform.connectSocket(Platform.java:129)
at okhttp3.internal.connection.RealConnection.connectSocket(RealConnection.java:240)
... 53 more
]]>
    </failure>
  </testcase> <!-- @AfterMethod getResult -->
  <testcase name="@AfterMethod tearDown" time="0.0" classname="pack.AA_TN_PDL">
    <skipped/>
  </testcase> <!-- @AfterMethod tearDown -->
  <testcase name="@AfterMethod tearDown" time="0.0" classname="pack.AA_TN_PDL">
    <skipped/>
  </testcase> <!-- @AfterMethod tearDown -->
  <testcase name="@AfterMethod tearDown" time="0.0" classname="pack.AA_TN_PDL">
    <skipped/>
  </testcase> <!-- @AfterMethod tearDown -->
  <testcase name="@AfterMethod tearDown" time="0.0" classname="pack.AA_TN_PDL">
    <skipped/>
  </testcase> <!-- @AfterMethod tearDown -->
  <testcase name="@AfterMethod tearDown" time="0.0" classname="pack.AA_TN_PDL">
    <skipped/>
  </testcase> <!-- @AfterMethod tearDown -->
  <testcase name="@AfterMethod tearDown" time="0.0" classname="pack.AA_TN_PDL">
    <skipped/>
  </testcase> <!-- @AfterMethod tearDown -->
  <testcase name="@AfterMethod tearDown" time="0.0" classname="pack.AA_TN_PDL">
    <skipped/>
  </testcase> <!-- @AfterMethod tearDown -->
  <testcase name="@AfterMethod tearDown" time="0.0" classname="pack.AA_TN_PDL">
    <skipped/>
  </testcase> <!-- @AfterMethod tearDown -->
  <testcase name="@AfterMethod tearDown" time="0.0" classname="pack.AA_TN_PDL">
    <skipped/>
  </testcase> <!-- @AfterMethod tearDown -->
  <testcase name="@AfterMethod tearDown" time="0.0" classname="pack.AA_TN_PDL">
    <skipped/>
  </testcase> <!-- @AfterMethod tearDown -->
  <testcase name="@AfterMethod tearDown" time="0.0" classname="pack.AA_TN_PDL">
    <skipped/>
  </testcase> <!-- @AfterMethod tearDown -->
  <testcase name="@AfterMethod tearDown" time="0.0" classname="pack.AA_TN_PDL">
    <skipped/>
  </testcase> <!-- @AfterMethod tearDown -->
  <testcase name="@AfterMethod tearDown" time="0.0" classname="pack.AA_TN_PDL">
    <skipped/>
  </testcase> <!-- @AfterMethod tearDown -->
  <testcase name="@AfterMethod tearDown" time="0.0" classname="pack.AA_TN_PDL">
    <skipped/>
  </testcase> <!-- @AfterMethod tearDown -->
  <testcase name="@AfterMethod tearDown" time="0.0" classname="pack.AA_TN_PDL">
    <skipped/>
  </testcase> <!-- @AfterMethod tearDown -->
  <testcase name="@AfterMethod tearDown" time="0.0" classname="pack.AA_TN_PDL">
    <skipped/>
  </testcase> <!-- @AfterMethod tearDown -->
  <testcase name="@AfterMethod tearDown" time="0.0" classname="pack.AA_TN_PDL">
    <skipped/>
  </testcase> <!-- @AfterMethod tearDown -->
  <testcase name="@AfterMethod tearDown" time="0.0" classname="pack.AA_TN_PDL">
    <skipped/>
  </testcase> <!-- @AfterMethod tearDown -->
  <testcase name="@AfterMethod tearDown" time="0.0" classname="pack.AA_TN_PDL">
    <skipped/>
  </testcase> <!-- @AfterMethod tearDown -->
  <testcase name="@AfterMethod tearDown" time="0.0" classname="pack.AA_TN_PDL">
    <skipped/>
  </testcase> <!-- @AfterMethod tearDown -->
  <testcase name="@AfterMethod tearDown" time="0.0" classname="pack.AA_TN_PDL">
    <skipped/>
  </testcase> <!-- @AfterMethod tearDown -->
  <testcase name="@AfterMethod tearDown" time="0.0" classname="pack.AA_TN_PDL">
    <skipped/>
  </testcase> <!-- @AfterMethod tearDown -->
  <testcase name="@AfterMethod tearDown" time="0.0" classname="pack.AA_TN_PDL">
    <skipped/>
  </testcase> <!-- @AfterMethod tearDown -->
  <testcase name="@AfterMethod tearDown" time="0.0" classname="pack.AA_TN_PDL">
    <skipped/>
  </testcase> <!-- @AfterMethod tearDown -->
  <testcase name="@AfterMethod tearDown" time="0.0" classname="pack.AA_TN_PDL">
    <skipped/>
  </testcase> <!-- @AfterMethod tearDown -->
  <testcase name="@AfterMethod tearDown" time="0.0" classname="pack.AA_TN_PDL">
    <skipped/>
  </testcase> <!-- @AfterMethod tearDown -->
  <testcase name="@AfterMethod tearDown" time="0.0" classname="pack.AA_TN_PDL">
    <skipped/>
  </testcase> <!-- @AfterMethod tearDown -->
  <testcase name="@AfterMethod tearDown" time="0.0" classname="pack.AA_TN_PDL">
    <skipped/>
  </testcase> <!-- @AfterMethod tearDown -->
  <testcase name="@AfterMethod tearDown" time="0.0" classname="pack.AA_TN_PDL">
    <skipped/>
  </testcase> <!-- @AfterMethod tearDown -->
  <testcase name="@AfterMethod tearDown" time="0.0" classname="pack.AA_TN_PDL">
    <skipped/>
  </testcase> <!-- @AfterMethod tearDown -->
  <testcase name="@AfterMethod tearDown" time="0.0" classname="pack.AA_TN_PDL">
    <skipped/>
  </testcase> <!-- @AfterMethod tearDown -->
  <testcase name="@AfterMethod tearDown" time="0.0" classname="pack.AA_TN_PDL">
    <skipped/>
  </testcase> <!-- @AfterMethod tearDown -->
  <testcase name="@AfterMethod tearDown" time="0.0" classname="pack.AA_TN_PDL">
    <skipped/>
  </testcase> <!-- @AfterMethod tearDown -->
  <testcase name="@AfterMethod tearDown" time="0.0" classname="pack.AA_TN_PDL">
    <skipped/>
  </testcase> <!-- @AfterMethod tearDown -->
  <testcase name="@AfterMethod tearDown" time="0.0" classname="pack.AA_TN_PDL">
    <skipped/>
  </testcase> <!-- @AfterMethod tearDown -->
  <testcase name="@AfterMethod tearDown" time="0.0" classname="pack.AA_TN_PDL">
    <skipped/>
  </testcase> <!-- @AfterMethod tearDown -->
  <testcase name="@AfterMethod tearDown" time="0.0" classname="pack.AA_TN_PDL">
    <skipped/>
  </testcase> <!-- @AfterMethod tearDown -->
  <testcase name="@AfterMethod tearDown" time="0.0" classname="pack.AA_TN_PDL">
    <skipped/>
  </testcase> <!-- @AfterMethod tearDown -->
  <testcase name="@AfterMethod tearDown" time="0.0" classname="pack.AA_TN_PDL">
    <skipped/>
  </testcase> <!-- @AfterMethod tearDown -->
  <testcase name="@AfterMethod tearDown" time="0.0" classname="pack.AA_TN_PDL">
    <skipped/>
  </testcase> <!-- @AfterMethod tearDown -->
  <testcase name="@AfterMethod tearDown" time="0.0" classname="pack.AA_TN_PDL">
    <skipped/>
  </testcase> <!-- @AfterMethod tearDown -->
  <testcase name="@AfterMethod tearDown" time="0.0" classname="pack.AA_TN_PDL">
    <skipped/>
  </testcase> <!-- @AfterMethod tearDown -->
  <testcase name="@AfterMethod tearDown" time="0.0" classname="pack.AA_TN_PDL">
    <skipped/>
  </testcase> <!-- @AfterMethod tearDown -->
  <testcase name="@AfterMethod tearDown" time="0.0" classname="pack.AA_TN_PDL">
    <skipped/>
  </testcase> <!-- @AfterMethod tearDown -->
  <testcase name="@AfterMethod tearDown" time="0.0" classname="pack.AA_TN_PDL">
    <skipped/>
  </testcase> <!-- @AfterMethod tearDown -->
  <testcase name="@AfterMethod tearDown" time="0.0" classname="pack.AA_TN_PDL">
    <skipped/>
  </testcase> <!-- @AfterMethod tearDown -->
  <testcase name="@AfterMethod tearDown" time="0.0" classname="pack.AA_TN_PDL">
    <skipped/>
  </testcase> <!-- @AfterMethod tearDown -->
  <testcase name="@AfterMethod tearDown" time="0.0" classname="pack.AA_TN_PDL">
    <skipped/>
  </testcase> <!-- @AfterMethod tearDown -->
  <testcase name="@AfterMethod tearDown" time="0.0" classname="pack.AA_TN_PDL">
    <skipped/>
  </testcase> <!-- @AfterMethod tearDown -->
  <testcase name="@AfterMethod tearDown" time="0.0" classname="pack.AA_TN_PDL">
    <skipped/>
  </testcase> <!-- @AfterMethod tearDown -->
  <testcase name="@AfterMethod tearDown" time="0.0" classname="pack.AA_TN_PDL">
    <skipped/>
  </testcase> <!-- @AfterMethod tearDown -->
  <testcase name="@AfterMethod tearDown" time="0.0" classname="pack.AA_TN_PDL">
    <skipped/>
  </testcase> <!-- @AfterMethod tearDown -->
  <testcase name="@AfterMethod tearDown" time="0.0" classname="pack.AA_TN_PDL">
    <skipped/>
  </testcase> <!-- @AfterMethod tearDown -->
  <testcase name="@AfterMethod tearDown" time="0.0" classname="pack.AA_TN_PDL">
    <skipped/>
  </testcase> <!-- @AfterMethod tearDown -->
  <testcase name="@AfterMethod tearDown" time="0.0" classname="pack.AA_TN_PDL">
    <skipped/>
  </testcase> <!-- @AfterMethod tearDown -->
  <testcase name="@AfterMethod tearDown" time="0.0" classname="pack.AA_TN_PDL">
    <skipped/>
  </testcase> <!-- @AfterMethod tearDown -->
  <testcase name="@AfterMethod tearDown" time="0.0" classname="pack.AA_TN_PDL">
    <skipped/>
  </testcase> <!-- @AfterMethod tearDown -->
  <testcase name="@AfterMethod tearDown" time="0.0" classname="pack.AA_TN_PDL">
    <skipped/>
  </testcase> <!-- @AfterMethod tearDown -->
  <testcase name="@AfterMethod tearDown" time="0.0" classname="pack.AA_TN_PDL">
    <skipped/>
  </testcase> <!-- @AfterMethod tearDown -->
  <testcase name="@AfterMethod tearDown" time="0.0" classname="pack.AA_TN_PDL">
    <skipped/>
  </testcase> <!-- @AfterMethod tearDown -->
  <testcase name="@AfterMethod tearDown" time="0.0" classname="pack.AA_TN_PDL">
    <skipped/>
  </testcase> <!-- @AfterMethod tearDown -->
  <testcase name="@AfterMethod tearDown" time="0.0" classname="pack.AA_TN_PDL">
    <skipped/>
  </testcase> <!-- @AfterMethod tearDown -->
  <testcase name="@AfterMethod tearDown" time="0.0" classname="pack.AA_TN_PDL">
    <skipped/>
  </testcase> <!-- @AfterMethod tearDown -->
  <testcase name="@AfterMethod tearDown" time="0.0" classname="pack.AA_TN_PDL">
    <skipped/>
  </testcase> <!-- @AfterMethod tearDown -->
  <testcase name="@AfterMethod tearDown" time="0.0" classname="pack.AA_TN_PDL">
    <skipped/>
  </testcase> <!-- @AfterMethod tearDown -->
  <testcase name="@AfterMethod tearDown" time="0.0" classname="pack.AA_TN_PDL">
    <skipped/>
  </testcase> <!-- @AfterMethod tearDown -->
  <testcase name="@AfterMethod tearDown" time="0.0" classname="pack.AA_TN_PDL">
    <skipped/>
  </testcase> <!-- @AfterMethod tearDown -->
  <testcase name="@AfterMethod tearDown" time="0.0" classname="pack.AA_TN_PDL">
    <skipped/>
  </testcase> <!-- @AfterMethod tearDown -->
  <testcase name="@AfterMethod tearDown" time="0.0" classname="pack.AA_TN_PDL">
    <skipped/>
  </testcase> <!-- @AfterMethod tearDown -->
  <testcase name="@AfterMethod tearDown" time="0.0" classname="pack.AA_TN_PDL">
    <skipped/>
  </testcase> <!-- @AfterMethod tearDown -->
  <testcase name="@AfterMethod tearDown" time="0.0" classname="pack.AA_TN_PDL">
    <skipped/>
  </testcase> <!-- @AfterMethod tearDown -->
  <testcase name="@AfterClass quit" time="1.514" classname="pack.AA_TN_PDL">
    <failure type="org.openqa.selenium.WebDriverException" message="java.net.ConnectException: Failed to connect to localhost/127.0.0.1:17012
Build info: version: &amp;apos;3.14.0&amp;apos;, revision: &amp;apos;aacccce0&amp;apos;, time: &amp;apos;2018-08-02T20:19:58.91Z&amp;apos;
System info: host: &amp;apos;QTLSYS2-178&amp;apos;, ip: &amp;apos;10.10.8.94&amp;apos;, os.name: &amp;apos;Windows 7&amp;apos;, os.arch: &amp;apos;amd64&amp;apos;, os.version: &amp;apos;6.1&amp;apos;, java.version: &amp;apos;1.8.0_101&amp;apos;
Driver info: driver.version: RemoteWebDriver">
      <![CDATA[org.openqa.selenium.WebDriverException: java.net.ConnectException: Failed to connect to localhost/127.0.0.1:17012
Build info: version: '3.14.0', revision: 'aacccce0', time: '2018-08-02T20:19:58.91Z'
System info: host: 'QTLSYS2-178', ip: '10.10.8.94', os.name: 'Windows 7', os.arch: 'amd64', os.version: '6.1', java.version: '1.8.0_101'
Driver info: driver.version: RemoteWebDriver
at org.openqa.selenium.remote.service.DriverCommandExecutor.execute(DriverCommandExecutor.java:92)
at org.openqa.selenium.remote.RemoteWebDriver.execute(RemoteWebDriver.java:548)
at org.openqa.selenium.remote.RemoteWebDriver.execute(RemoteWebDriver.java:605)
at org.openqa.selenium.remote.RemoteWebDriver.quit(RemoteWebDriver.java:448)
at pack.AA_TN_PDL.quit(AA_TN_PDL.java:3766)
at sun.reflect.NativeMethodAccessorImpl.invoke0(Native Method)
at sun.reflect.NativeMethodAccessorImpl.invoke(Unknown Source)
at sun.reflect.DelegatingMethodAccessorImpl.invoke(Unknown Source)
at java.lang.reflect.Method.invoke(Unknown Source)
at org.testng.internal.MethodInvocationHelper.invokeMethod(MethodInvocationHelper.java:124)
at org.testng.internal.MethodInvocationHelper.invokeMethodConsideringTimeout(MethodInvocationHelper.java:59)
at org.testng.internal.Invoker.invokeConfigurationMethod(Invoker.java:458)
at org.testng.internal.Invoker.invokeConfigurations(Invoker.java:222)
at org.testng.internal.Invoker.invokeConfigurations(Invoker.java:142)
at org.testng.internal.TestMethodWorker.invokeAfterClassMethods(TestMethodWorker.java:214)
at org.testng.internal.TestMethodWorker.run(TestMethodWorker.java:111)
at org.testng.TestRunner.privateRun(TestRunner.java:648)
at org.testng.TestRunner.run(TestRunner.java:505)
at org.testng.SuiteRunner.runTest(SuiteRunner.java:455)
at org.testng.SuiteRunner.runSequentially(SuiteRunner.java:450)
at org.testng.SuiteRunner.privateRun(SuiteRunner.java:415)
at org.testng.SuiteRunner.run(SuiteRunner.java:364)
at org.testng.SuiteRunnerWorker.runSuite(SuiteRunnerWorker.java:52)
at org.testng.SuiteRunnerWorker.run(SuiteRunnerWorker.java:84)
at org.testng.TestNG.runSuitesSequentially(TestNG.java:1208)
at org.testng.TestNG.runSuitesLocally(TestNG.java:1137)
at org.testng.TestNG.runSuites(TestNG.java:1049)
at org.testng.TestNG.run(TestNG.java:1017)
at org.testng.remote.AbstractRemoteTestNG.run(AbstractRemoteTestNG.java:114)
at org.testng.remote.RemoteTestNG.initAndRun(RemoteTestNG.java:251)
at org.testng.remote.RemoteTestNG.main(RemoteTestNG.java:77)
Caused by: java.net.ConnectException: Failed to connect to localhost/127.0.0.1:17012
at okhttp3.internal.connection.RealConnection.connectSocket(RealConnection.java:242)
at okhttp3.internal.connection.RealConnection.connect(RealConnection.java:160)
at okhttp3.internal.connection.StreamAllocation.findConnection(StreamAllocation.java:257)
at okhttp3.internal.connection.StreamAllocation.findHealthyConnection(StreamAllocation.java:135)
at okhttp3.internal.connection.StreamAllocation.newStream(StreamAllocation.java:114)
at okhttp3.internal.connection.ConnectInterceptor.intercept(ConnectInterceptor.java:42)
at okhttp3.internal.http.RealInterceptorChain.proceed(RealInterceptorChain.java:147)
at okhttp3.internal.http.RealInterceptorChain.proceed(RealInterceptorChain.java:121)
at okhttp3.internal.cache.CacheInterceptor.intercept(CacheInterceptor.java:93)
at okhttp3.internal.http.RealInterceptorChain.proceed(RealInterceptorChain.java:147)
at okhttp3.internal.http.RealInterceptorChain.proceed(RealInterceptorChain.java:121)
at okhttp3.internal.http.BridgeInterceptor.intercept(BridgeInterceptor.java:93)
at okhttp3.internal.http.RealInterceptorChain.proceed(RealInterceptorChain.java:147)
at okhttp3.internal.http.RetryAndFollowUpInterceptor.intercept(RetryAndFollowUpInterceptor.java:126)
at okhttp3.internal.http.RealInterceptorChain.proceed(RealInterceptorChain.java:147)
at okhttp3.internal.http.RealInterceptorChain.proceed(RealInterceptorChain.java:121)
at okhttp3.RealCall.getResponseWithInterceptorChain(RealCall.java:200)
at okhttp3.RealCall.execute(RealCall.java:77)
at org.openqa.selenium.remote.internal.OkHttpClient.execute(OkHttpClient.java:105)
at org.openqa.selenium.remote.HttpCommandExecutor.execute(HttpCommandExecutor.java:155)
at org.openqa.selenium.remote.service.DriverCommandExecutor.execute(DriverCommandExecutor.java:83)
... 30 more
Caused by: java.net.ConnectException: Connection refused: connect
at java.net.DualStackPlainSocketImpl.waitForConnect(Native Method)
at java.net.DualStackPlainSocketImpl.socketConnect(Unknown Source)
at java.net.AbstractPlainSocketImpl.doConnect(Unknown Source)
at java.net.AbstractPlainSocketImpl.connectToAddress(Unknown Source)
at java.net.AbstractPlainSocketImpl.connect(Unknown Source)
at java.net.PlainSocketImpl.connect(Unknown Source)
at java.net.SocksSocketImpl.connect(Unknown Source)
at java.net.Socket.connect(Unknown Source)
at okhttp3.internal.platform.Platform.connectSocket(Platform.java:129)
at okhttp3.internal.connection.RealConnection.connectSocket(RealConnection.java:240)
... 50 more
]]>
    </failure>
  </testcase> <!-- @AfterClass quit -->
  <testcase name="@AfterTest tearDown" time="0.0" classname="pack.AA_TN_PDL">
    <skipped/>
  </testcase> <!-- @AfterTest tearDown -->
  <testcase name="BorrRegistration_NewLoan" time="21.14" classname="pack.AA_TN_PDL">
    <failure type="org.openqa.selenium.WebDriverException" message="java.net.SocketException: Connection reset
Build info: version: &amp;apos;3.14.0&amp;apos;, revision: &amp;apos;aacccce0&amp;apos;, time: &amp;apos;2018-08-02T20:19:58.91Z&amp;apos;
System info: host: &amp;apos;QTLSYS2-178&amp;apos;, ip: &amp;apos;10.10.8.94&amp;apos;, os.name: &amp;apos;Windows 7&amp;apos;, os.arch: &amp;apos;amd64&amp;apos;, os.version: &amp;apos;6.1&amp;apos;, java.version: &amp;apos;1.8.0_101&amp;apos;
Driver info: driver.version: RemoteWebDriver">
      <![CDATA[org.openqa.selenium.WebDriverException: java.net.SocketException: Connection reset
Build info: version: '3.14.0', revision: 'aacccce0', time: '2018-08-02T20:19:58.91Z'
System info: host: 'QTLSYS2-178', ip: '10.10.8.94', os.name: 'Windows 7', os.arch: 'amd64', os.version: '6.1', java.version: '1.8.0_101'
Driver info: driver.version: RemoteWebDriver
at org.openqa.selenium.remote.service.DriverCommandExecutor.execute(DriverCommandExecutor.java:92)
at org.openqa.selenium.remote.RemoteWebDriver.execute(RemoteWebDriver.java:548)
at org.openqa.selenium.remote.RemoteWebDriver.findElements(RemoteWebDriver.java:349)
at org.openqa.selenium.remote.RemoteWebDriver.findElementsByCssSelector(RemoteWebDriver.java:420)
at org.openqa.selenium.By$ByCssSelector.findElements(By.java:441)
at org.openqa.selenium.remote.RemoteWebDriver.findElements(RemoteWebDriver.java:310)
at org.openqa.selenium.remote.RemoteWebDriver$RemoteTargetLocator.frame(RemoteWebDriver.java:874)
at pack.RegistrationPage_NewLoan_PDL.RegistrationPage_NewLoan_PDL(RegistrationPage_NewLoan_PDL.java:158)
at pack.AA_TN_PDL.BorrRegistration_NewLoan(AA_TN_PDL.java:120)
at sun.reflect.NativeMethodAccessorImpl.invoke0(Native Method)
at sun.reflect.NativeMethodAccessorImpl.invoke(Unknown Source)
at sun.reflect.DelegatingMethodAccessorImpl.invoke(Unknown Source)
at java.lang.reflect.Method.invoke(Unknown Source)
at org.testng.internal.MethodInvocationHelper.invokeMethod(MethodInvocationHelper.java:124)
at org.testng.internal.Invoker.invokeMethod(Invoker.java:583)
at org.testng.internal.Invoker.invokeTestMethod(Invoker.java:719)
at org.testng.internal.Invoker.invokeTestMethods(Invoker.java:989)
at org.testng.internal.TestMethodWorker.invokeTestMethods(TestMethodWorker.java:125)
at org.testng.internal.TestMethodWorker.run(TestMethodWorker.java:109)
at org.testng.TestRunner.privateRun(TestRunner.java:648)
at org.testng.TestRunner.run(TestRunner.java:505)
at org.testng.SuiteRunner.runTest(SuiteRunner.java:455)
at org.testng.SuiteRunner.runSequentially(SuiteRunner.java:450)
at org.testng.SuiteRunner.privateRun(SuiteRunner.java:415)
at org.testng.SuiteRunner.run(SuiteRunner.java:364)
at org.testng.SuiteRunnerWorker.runSuite(SuiteRunnerWorker.java:52)
at org.testng.SuiteRunnerWorker.run(SuiteRunnerWorker.java:84)
at org.testng.TestNG.runSuitesSequentially(TestNG.java:1208)
at org.testng.TestNG.runSuitesLocally(TestNG.java:1137)
at org.testng.TestNG.runSuites(TestNG.java:1049)
at org.testng.TestNG.run(TestNG.java:1017)
at org.testng.remote.AbstractRemoteTestNG.run(AbstractRemoteTestNG.java:114)
at org.testng.remote.RemoteTestNG.initAndRun(RemoteTestNG.java:251)
at org.testng.remote.RemoteTestNG.main(RemoteTestNG.java:77)
Caused by: java.net.SocketException: Connection reset
at java.net.SocketInputStream.read(Unknown Source)
at java.net.SocketInputStream.read(Unknown Source)
at okio.Okio$2.read(Okio.java:140)
at okio.AsyncTimeout$2.read(AsyncTimeout.java:237)
at okio.RealBufferedSource.indexOf(RealBufferedSource.java:355)
at okio.RealBufferedSource.readUtf8LineStrict(RealBufferedSource.java:227)
at okhttp3.internal.http1.Http1Codec.readHeaderLine(Http1Codec.java:215)
at okhttp3.internal.http1.Http1Codec.readResponseHeaders(Http1Codec.java:189)
at okhttp3.internal.http.CallServerInterceptor.intercept(CallServerInterceptor.java:88)
at okhttp3.internal.http.RealInterceptorChain.proceed(RealInterceptorChain.java:147)
at okhttp3.internal.connection.ConnectInterceptor.intercept(ConnectInterceptor.java:45)
at okhttp3.internal.http.RealInterceptorChain.proceed(RealInterceptorChain.java:147)
at okhttp3.internal.http.RealInterceptorChain.proceed(RealInterceptorChain.java:121)
at okhttp3.internal.cache.CacheInterceptor.intercept(CacheInterceptor.java:93)
at okhttp3.internal.http.RealInterceptorChain.proceed(RealInterceptorChain.java:147)
at okhttp3.internal.http.RealInterceptorChain.proceed(RealInterceptorChain.java:121)
at okhttp3.internal.http.BridgeInterceptor.intercept(BridgeInterceptor.java:93)
at okhttp3.internal.http.RealInterceptorChain.proceed(RealInterceptorChain.java:147)
at okhttp3.internal.http.RetryAndFollowUpInterceptor.intercept(RetryAndFollowUpInterceptor.java:126)
at okhttp3.internal.http.RealInterceptorChain.proceed(RealInterceptorChain.java:147)
at okhttp3.internal.http.RealInterceptorChain.proceed(RealInterceptorChain.java:121)
at okhttp3.RealCall.getResponseWithInterceptorChain(RealCall.java:200)
at okhttp3.RealCall.execute(RealCall.java:77)
at org.openqa.selenium.remote.internal.OkHttpClient.execute(OkHttpClient.java:105)
at org.openqa.selenium.remote.HttpCommandExecutor.execute(HttpCommandExecutor.java:155)
at org.openqa.selenium.remote.service.DriverCommandExecutor.execute(DriverCommandExecutor.java:83)
... 33 more
]]>
    </failure>
  </testcase> <!-- BorrRegistration_NewLoan -->
  <testcase name="BorrowerNewLoan_Rule" time="0.0" classname="pack.AA_TN_PDL">
    <skipped/>
  </testcase> <!-- BorrowerNewLoan_Rule -->
  <testcase name="NewLoan_Biweekly_Duedate" time="0.0" classname="pack.AA_TN_PDL">
    <skipped/>
  </testcase> <!-- NewLoan_Biweekly_Duedate -->
  <testcase name="NewLoan_Monthly_Duedate" time="0.0" classname="pack.AA_TN_PDL">
    <skipped/>
  </testcase> <!-- NewLoan_Monthly_Duedate -->
  <testcase name="NewLoan_SemiMonthly_Duedate" time="0.0" classname="pack.AA_TN_PDL">
    <skipped/>
  </testcase> <!-- NewLoan_SemiMonthly_Duedate -->
  <testcase name="NewLoan_Weekly_Duedate" time="0.0" classname="pack.AA_TN_PDL">
    <skipped/>
  </testcase> <!-- NewLoan_Weekly_Duedate -->
  <testcase name="VerifyLoanAmount" time="0.0" classname="pack.AA_TN_PDL">
    <skipped/>
  </testcase> <!-- VerifyLoanAmount -->
  <testcase name="Newloan_MultipullDisb" time="0.0" classname="pack.AA_TN_PDL">
    <skipped/>
  </testcase> <!-- Newloan_MultipullDisb -->
  <testcase name="NewLoan_Void" time="0.0" classname="pack.AA_TN_PDL">
    <skipped/>
  </testcase> <!-- NewLoan_Void -->
  <testcase name="NewLoan_VoidEncryptionKey" time="0.0" classname="pack.AA_TN_PDL">
    <skipped/>
  </testcase> <!-- NewLoan_VoidEncryptionKey -->
  <testcase name="Rescind" time="0.0" classname="pack.AA_TN_PDL">
    <skipped/>
  </testcase> <!-- Rescind -->
  <testcase name="Rescind_AgeStore" time="0.0" classname="pack.AA_TN_PDL">
    <skipped/>
  </testcase> <!-- Rescind_AgeStore -->
  <testcase name="Partialpayment_void" time="0.0" classname="pack.AA_TN_PDL">
    <skipped/>
  </testcase> <!-- Partialpayment_void -->
  <testcase name="Partialpayment_agestorevoid" time="0.0" classname="pack.AA_TN_PDL">
    <skipped/>
  </testcase> <!-- Partialpayment_agestorevoid -->
  <testcase name="NewLoanMultiDisb_Void" time="0.0" classname="pack.AA_TN_PDL">
    <skipped/>
  </testcase> <!-- NewLoanMultiDisb_Void -->
  <testcase name="NewLoanMultipledisbursement_AgestoreVoid" time="0.0" classname="pack.AA_TN_PDL">
    <skipped/>
  </testcase> <!-- NewLoanMultipledisbursement_AgestoreVoid -->
  <testcase name="NewLoan_AgeStore_BuyBack" time="0.0" classname="pack.AA_TN_PDL">
    <skipped/>
  </testcase> <!-- NewLoan_AgeStore_BuyBack -->
  <testcase name="BuyBack_Void" time="0.0" classname="pack.AA_TN_PDL">
    <skipped/>
  </testcase> <!-- BuyBack_Void -->
  <testcase name="Byback_agestore_void" time="0.0" classname="pack.AA_TN_PDL">
    <skipped/>
  </testcase> <!-- Byback_agestore_void -->
  <testcase name="VerifyBuyBack_TotalDue" time="0.0" classname="pack.AA_TN_PDL">
    <skipped/>
  </testcase> <!-- VerifyBuyBack_TotalDue -->
  <testcase name="PartialPayment_BuyBack" time="0.0" classname="pack.AA_TN_PDL">
    <skipped/>
  </testcase> <!-- PartialPayment_BuyBack -->
  <testcase name="PartialPayment_BuyBack_Void" time="0.0" classname="pack.AA_TN_PDL">
    <skipped/>
  </testcase> <!-- PartialPayment_BuyBack_Void -->
  <testcase name="PartialPayment_BuyBackChange_Void" time="0.0" classname="pack.AA_TN_PDL">
    <skipped/>
  </testcase> <!-- PartialPayment_BuyBackChange_Void -->
  <testcase name="NewLoan_PreNoteDiposit_6daysBeforeDueDate" time="0.0" classname="pack.AA_TN_PDL">
    <skipped/>
  </testcase> <!-- NewLoan_PreNoteDiposit_6daysBeforeDueDate -->
  <testcase name="NewLoan_Duedate_Holiday" time="0.0" classname="pack.AA_TN_PDL">
    <skipped/>
  </testcase> <!-- NewLoan_Duedate_Holiday -->
  <testcase name="Prenotedeposit_Verification" time="0.0" classname="pack.AA_TN_PDL">
    <skipped/>
  </testcase> <!-- Prenotedeposit_Verification -->
  <testcase name="NewLoan_Deposit_Return_Prenotedeposit" time="0.0" classname="pack.AA_TN_PDL">
    <skipped/>
  </testcase> <!-- NewLoan_Deposit_Return_Prenotedeposit -->
  <testcase name="Loan__ACHOptOutBeforePrenotedate_PrenoteDepositShouldnotpost" time="0.0" classname="pack.AA_TN_PDL">
    <skipped/>
  </testcase> <!-- Loan__ACHOptOutBeforePrenotedate_PrenoteDepositShouldnotpost -->
  <testcase name="Loan__ACHOptOutBeforePrenotedate__ACHOptInAfterPrenOteDate__PrenoteDepInAdmin___PreNotedep" time="0.0" classname="pack.AA_TN_PDL">
    <skipped/>
  </testcase> <!-- Loan__ACHOptOutBeforePrenotedate__ACHOptInAfterPrenOteDate__PrenoteDepInAdmin___PreNotedep -->
  <testcase name="NewLoan_PerformDeposit_ThroughEOD" time="0.0" classname="pack.AA_TN_PDL">
    <skipped/>
  </testcase> <!-- NewLoan_PerformDeposit_ThroughEOD -->
  <testcase name="ACH_Nacha_AchDepAdmin" time="0.0" classname="pack.AA_TN_PDL">
    <skipped/>
  </testcase> <!-- ACH_Nacha_AchDepAdmin -->
  <testcase name="NewLoan_AchRevoke_DepositShouldNotDisplay" time="0.0" classname="pack.AA_TN_PDL">
    <skipped/>
  </testcase> <!-- NewLoan_AchRevoke_DepositShouldNotDisplay -->
  <testcase name="NewLoan_PartialPayment_throghEOD_CheckDepositdAmount" time="0.0" classname="pack.AA_TN_PDL">
    <skipped/>
  </testcase> <!-- NewLoan_PartialPayment_throghEOD_CheckDepositdAmount -->
  <testcase name="LoanWithACH_PartialPayment_Nacha_ACHDepositFromAdmin_checkherethedepositedamount" time="0.0" classname="pack.AA_TN_PDL">
    <skipped/>
  </testcase> <!-- LoanWithACH_PartialPayment_Nacha_ACHDepositFromAdmin_checkherethedepositedamount -->
  <testcase name="PreNotDeposit_PreNoteClear_CustomerInactive_Deposit" time="0.0" classname="pack.AA_TN_PDL">
    <skipped/>
  </testcase> <!-- PreNotDeposit_PreNoteClear_CustomerInactive_Deposit -->
  <testcase name="PreNoteDepositClear_CustomerInactiveAndActive_EOD" time="0.0" classname="pack.AA_TN_PDL">
    <skipped/>
  </testcase> <!-- PreNoteDepositClear_CustomerInactiveAndActive_EOD -->
  <testcase name="ACHRevokeBeforePreNoteDate_ACHAuthAfterPreNoteDate" time="0.0" classname="pack.AA_TN_PDL">
    <skipped/>
  </testcase> <!-- ACHRevokeBeforePreNoteDate_ACHAuthAfterPreNoteDate -->
  <testcase name="ACHLoan_ACHRev_ACHAuth_ACHDep_CheckDepwithNewBnkDet" time="0.0" classname="pack.AA_TN_PDL">
    <skipped/>
  </testcase> <!-- ACHLoan_ACHRev_ACHAuth_ACHDep_CheckDepwithNewBnkDet -->
  <testcase name="NewLoan_PartialPayment" time="0.0" classname="pack.AA_TN_PDL">
    <skipped/>
  </testcase> <!-- NewLoan_PartialPayment -->
  <testcase name="CheckingPartialPmt_SomeDaysAfterDueDate" time="0.0" classname="pack.AA_TN_PDL">
    <skipped/>
  </testcase> <!-- CheckingPartialPmt_SomeDaysAfterDueDate -->
  <testcase name="PartialPayment_MultipleTenderTypes" time="0.0" classname="pack.AA_TN_PDL">
    <skipped/>
  </testcase> <!-- PartialPayment_MultipleTenderTypes -->
  <testcase name="NewLoan_Deposit_CheckPartialPaymentDisplay_AfterDeposit" time="0.0" classname="pack.AA_TN_PDL">
    <skipped/>
  </testcase> <!-- NewLoan_Deposit_CheckPartialPaymentDisplay_AfterDeposit -->
  <testcase name="PartialPayment_Agestore_CheckLoanDisplayedEOD" time="0.0" classname="pack.AA_TN_PDL">
    <skipped/>
  </testcase> <!-- PartialPayment_Agestore_CheckLoanDisplayedEOD -->
  <testcase name="Loan_AgeStore_ProcessDeposit_Nacha_DepositShouldPost" time="0.0" classname="pack.AA_TN_PDL">
    <skipped/>
  </testcase> <!-- Loan_AgeStore_ProcessDeposit_Nacha_DepositShouldPost -->
  <testcase name="LoanWithCheck_DepConvertToACH_ACHDep_ProcessEOD" time="0.0" classname="pack.AA_TN_PDL">
    <skipped/>
  </testcase> <!-- LoanWithCheck_DepConvertToACH_ACHDep_ProcessEOD -->
  <testcase name="LoanWithCheck_ConvertACH_Deposit_ACHClear" time="0.0" classname="pack.AA_TN_PDL">
    <skipped/>
  </testcase> <!-- LoanWithCheck_ConvertACH_Deposit_ACHClear -->
  <testcase name="LoanwithCheck__DepConvertACH__Deposit__ACHReturn" time="0.0" classname="pack.AA_TN_PDL">
    <skipped/>
  </testcase> <!-- LoanwithCheck__DepConvertACH__Deposit__ACHReturn -->
  <testcase name="Loan_Full_PrePayment" time="0.0" classname="pack.AA_TN_PDL">
    <skipped/>
  </testcase> <!-- Loan_Full_PrePayment -->
  <testcase name="Newloan_VoidPrePayment" time="0.0" classname="pack.AA_TN_PDL">
    <skipped/>
  </testcase> <!-- Newloan_VoidPrePayment -->
  <testcase name="PartialPayment_ACH_Deposit" time="0.0" classname="pack.AA_TN_PDL">
    <skipped/>
  </testcase> <!-- PartialPayment_ACH_Deposit -->
  <testcase name="Nacha_ACHDepositProcess_ACHReturn" time="0.0" classname="pack.AA_TN_PDL">
    <skipped/>
  </testcase> <!-- Nacha_ACHDepositProcess_ACHReturn -->
  <testcase name="ConvertCheckToACHNacha_ACHDepositProcess_ACHReturn" time="0.0" classname="pack.AA_TN_PDL">
    <skipped/>
  </testcase> <!-- ConvertCheckToACHNacha_ACHDepositProcess_ACHReturn -->
  <testcase name="Loan_Deposit_PrePayment_Return" time="0.0" classname="pack.AA_TN_PDL">
    <skipped/>
  </testcase> <!-- Loan_Deposit_PrePayment_Return -->
  <testcase name="LoanwithCheck_Deposit_ReturnwithoutR01R09_FutureDepositNotposted" time="0.0" classname="pack.AA_TN_PDL">
    <skipped/>
  </testcase> <!-- LoanwithCheck_Deposit_ReturnwithoutR01R09_FutureDepositNotposted -->
  <testcase name="LoanwithACH_NACHA_ACHDepProc_ProcessClear" time="0.0" classname="pack.AA_TN_PDL">
    <skipped/>
  </testcase> <!-- LoanwithACH_NACHA_ACHDepProc_ProcessClear -->
  <testcase name="NewLoan_PreNoteDeposit_PreNoteClear" time="0.0" classname="pack.AA_TN_PDL">
    <skipped/>
  </testcase> <!-- NewLoan_PreNoteDeposit_PreNoteClear -->
  <testcase name="LoanwithCheck_ConverttoACH_ACHDepproc_ProcClear" time="0.0" classname="pack.AA_TN_PDL">
    <skipped/>
  </testcase> <!-- LoanwithCheck_ConverttoACH_ACHDepproc_ProcClear -->
  <testcase name="Loan_Agestoreduedate_performdepositPrepayment_agestore_ProcessClear" time="0.0" classname="pack.AA_TN_PDL">
    <skipped/>
  </testcase> <!-- Loan_Agestoreduedate_performdepositPrepayment_agestore_ProcessClear -->
  <testcase name="NewLoan_Perform_EPP" time="0.0" classname="pack.AA_TN_PDL">
    <skipped/>
  </testcase> <!-- NewLoan_Perform_EPP -->
  <testcase name="EPP_MissRPPPayment_EOD_Checkbox" time="0.0" classname="pack.AA_TN_PDL">
    <skipped/>
  </testcase> <!-- EPP_MissRPPPayment_EOD_Checkbox -->
  <testcase name="EPP_MissRPPPayment_EOD_Forcefully" time="0.0" classname="pack.AA_TN_PDL">
    <skipped/>
  </testcase> <!-- EPP_MissRPPPayment_EOD_Forcefully -->
  <testcase name="Newloan_PartialPayment_Deposit_Clear_Refund" time="0.0" classname="pack.AA_TN_PDL">
    <skipped/>
  </testcase> <!-- Newloan_PartialPayment_Deposit_Clear_Refund -->
  <testcase name="Loan_Deposit_FullPrePayment_Clear_Refund" time="0.0" classname="pack.AA_TN_PDL">
    <skipped/>
  </testcase> <!-- Loan_Deposit_FullPrePayment_Clear_Refund -->
  <testcase name="LoanWithCheck_ConvertAch_AchPrePayment_AchClr_Refund" time="0.0" classname="pack.AA_TN_PDL">
    <skipped/>
  </testcase> <!-- LoanWithCheck_ConvertAch_AchPrePayment_AchClr_Refund -->
  <testcase name="NewLoan_ReturnPosting_60days_Writeoff" time="0.0" classname="pack.AA_TN_PDL">
    <skipped/>
  </testcase> <!-- NewLoan_ReturnPosting_60days_Writeoff -->
  <testcase name="Loan_ReturnPosting_15PerofTotalDue__CheckWriteOff120daystoretdate" time="0.0" classname="pack.AA_TN_PDL">
    <skipped/>
  </testcase> <!-- Loan_ReturnPosting_15PerofTotalDue__CheckWriteOff120daystoretdate -->
  <testcase name="Loan_ReturnPosting_NSF15_Void_WO60days_Returndate" time="0.0" classname="pack.AA_TN_PDL">
    <skipped/>
  </testcase> <!-- Loan_ReturnPosting_NSF15_Void_WO60days_Returndate -->
  <testcase name="Loan_ReturnPosting_30PerofTotalDue__CheckWriteOff180daystoretdate" time="0.0" classname="pack.AA_TN_PDL">
    <skipped/>
  </testcase> <!-- Loan_ReturnPosting_30PerofTotalDue__CheckWriteOff180daystoretdate -->
  <testcase name="NewLoan_RPP_AgeInstwise_PPPayment" time="0.0" classname="pack.AA_TN_PDL">
    <skipped/>
  </testcase> <!-- NewLoan_RPP_AgeInstwise_PPPayment -->
  <testcase name="NewLoan_DueDate_Holiday_Verification" time="0.0" classname="pack.AA_TN_PDL">
    <skipped/>
  </testcase> <!-- NewLoan_DueDate_Holiday_Verification -->
  <testcase name="Loan_Deposit_PrePaymentfull_Return_RefundnotDisplay" time="0.0" classname="pack.AA_TN_PDL">
    <skipped/>
  </testcase> <!-- Loan_Deposit_PrePaymentfull_Return_RefundnotDisplay -->
</testsuite> <!-- Default test -->
