<?xml version="1.0" encoding="UTF-8"?>
<!-- Generated by org.testng.reporters.JUnitXMLReporter -->
<<<<<<< HEAD
<testsuite hostname="Administrator50" ignored="1" name="Test" tests="36" failures="24" timestamp="11 Sep 2019 10:05:09 GMT" time="1415.628" errors="0">
  <testcase name="@AfterMethod getResult" time="1.282" classname="pack.AA_TN_PDL">
    <failure type="org.openqa.selenium.UnhandledAlertException" message="Modal dialog present: SSN must be 9 Digits
Build info: version: &amp;apos;3.14.0&amp;apos;, revision: &amp;apos;aacccce0&amp;apos;, time: &amp;apos;2018-08-02T20:19:58.91Z&amp;apos;
System info: host: &amp;apos;ADMINISTRATOR50&amp;apos;, ip: &amp;apos;10.10.88.51&amp;apos;, os.name: &amp;apos;Windows 8.1&amp;apos;, os.arch: &amp;apos;amd64&amp;apos;, os.version: &amp;apos;6.3&amp;apos;, java.version: &amp;apos;1.8.0_161&amp;apos;
Driver info: org.openqa.selenium.ie.InternetExplorerDriver
Capabilities {browserAttachTimeout: 0, browserName: internet explorer, cssSelectorsEnabled: true, elementScrollBehavior: 0, enableElementCacheCleanup: true, enablePersistentHover: true, handlesAlerts: true, ie.browserCommandLineSwitches: , ie.ensureCleanSession: false, ie.forceCreateProcessApi: false, ie.usePerProcessProxy: false, ignoreProtectedModeSettings: false, ignoreZoomSetting: false, initialBrowserUrl: http://localhost:2062/, javascriptEnabled: true, nativeEvents: true, platform: WINDOWS, platformName: WINDOWS, requireWindowFocus: false, takesScreenshot: true, unexpectedAlertBehaviour: dismiss, unhandledPromptBehavior: dismiss, version: 11}
Session ID: a671f733-90af-4057-a8a8-0120048e52b4">
      <![CDATA[org.openqa.selenium.UnhandledAlertException: Modal dialog present: SSN must be 9 Digits
Build info: version: '3.14.0', revision: 'aacccce0', time: '2018-08-02T20:19:58.91Z'
System info: host: 'ADMINISTRATOR50', ip: '10.10.88.51', os.name: 'Windows 8.1', os.arch: 'amd64', os.version: '6.3', java.version: '1.8.0_161'
Driver info: org.openqa.selenium.ie.InternetExplorerDriver
Capabilities {browserAttachTimeout: 0, browserName: internet explorer, cssSelectorsEnabled: true, elementScrollBehavior: 0, enableElementCacheCleanup: true, enablePersistentHover: true, handlesAlerts: true, ie.browserCommandLineSwitches: , ie.ensureCleanSession: false, ie.forceCreateProcessApi: false, ie.usePerProcessProxy: false, ignoreProtectedModeSettings: false, ignoreZoomSetting: false, initialBrowserUrl: http://localhost:2062/, javascriptEnabled: true, nativeEvents: true, platform: WINDOWS, platformName: WINDOWS, requireWindowFocus: false, takesScreenshot: true, unexpectedAlertBehaviour: dismiss, unhandledPromptBehavior: dismiss, version: 11}
Session ID: a671f733-90af-4057-a8a8-0120048e52b4
at org.openqa.selenium.remote.ErrorHandler.createThrowable(ErrorHandler.java:214)
at org.openqa.selenium.remote.ErrorHandler.createUnhandledAlertException(ErrorHandler.java:195)
at org.openqa.selenium.remote.ErrorHandler.throwIfResponseFailed(ErrorHandler.java:156)
at org.openqa.selenium.remote.http.JsonHttpResponseCodec.reconstructValue(JsonHttpResponseCodec.java:40)
at org.openqa.selenium.remote.http.AbstractHttpResponseCodec.decode(AbstractHttpResponseCodec.java:80)
at org.openqa.selenium.remote.http.AbstractHttpResponseCodec.decode(AbstractHttpResponseCodec.java:44)
at org.openqa.selenium.remote.HttpCommandExecutor.execute(HttpCommandExecutor.java:158)
at org.openqa.selenium.remote.service.DriverCommandExecutor.execute(DriverCommandExecutor.java:83)
at org.openqa.selenium.remote.RemoteWebDriver.execute(RemoteWebDriver.java:548)
at org.openqa.selenium.remote.RemoteWebDriver.execute(RemoteWebDriver.java:605)
at org.openqa.selenium.remote.RemoteWebDriver.getScreenshotAs(RemoteWebDriver.java:294)
at pack.AA_TN_PDL.getScreenhot(AA_TN_PDL.java:3746)
at pack.AA_TN_PDL.getResult(AA_TN_PDL.java:3727)
... Removed 31 stack frames]]>
    </failure>
  </testcase> <!-- @AfterMethod getResult -->
  <testcase name="PreNoteDepositClear_CustomerInactiveAndActive_EOD" time="135.5" classname="pack.AA_TN_PDL">
    <failure type="org.openqa.selenium.NoSuchElementException" message="Unable to find element with xpath == /html/body/form[1]/table/tbody/tr[1]/td/table[2]/tbody/tr/td/table/tbody/tr[3]/td[3]/select (WARNING: The server did not provide any stacktrace information)
Command duration or timeout: 0 milliseconds
For documentation on this error, please visit: http://seleniumhq.org/exceptions/no_such_element.html
Build info: version: &amp;apos;3.14.0&amp;apos;, revision: &amp;apos;aacccce0&amp;apos;, time: &amp;apos;2018-08-02T20:19:58.91Z&amp;apos;
System info: host: &amp;apos;ADMINISTRATOR50&amp;apos;, ip: &amp;apos;10.10.88.51&amp;apos;, os.name: &amp;apos;Windows 8.1&amp;apos;, os.arch: &amp;apos;amd64&amp;apos;, os.version: &amp;apos;6.3&amp;apos;, java.version: &amp;apos;1.8.0_161&amp;apos;
Driver info: org.openqa.selenium.ie.InternetExplorerDriver
Capabilities {browserAttachTimeout: 0, browserName: internet explorer, cssSelectorsEnabled: true, elementScrollBehavior: 0, enableElementCacheCleanup: true, enablePersistentHover: true, handlesAlerts: true, ie.browserCommandLineSwitches: , ie.ensureCleanSession: false, ie.forceCreateProcessApi: false, ie.usePerProcessProxy: false, ignoreProtectedModeSettings: false, ignoreZoomSetting: false, initialBrowserUrl: http://localhost:2062/, javascriptEnabled: true, nativeEvents: true, platform: WINDOWS, platformName: WINDOWS, requireWindowFocus: false, takesScreenshot: true, unexpectedAlertBehaviour: dismiss, unhandledPromptBehavior: dismiss, version: 11}
Session ID: a671f733-90af-4057-a8a8-0120048e52b4
*** Element info: {Using=xpath, value=/html/body/form[1]/table/tbody/tr[1]/td/table[2]/tbody/tr/td/table/tbody/tr[3]/td[3]/select}">
      <![CDATA[org.openqa.selenium.NoSuchElementException: Unable to find element with xpath == /html/body/form[1]/table/tbody/tr[1]/td/table[2]/tbody/tr/td/table/tbody/tr[3]/td[3]/select (WARNING: The server did not provide any stacktrace information)
Command duration or timeout: 0 milliseconds
For documentation on this error, please visit: http://seleniumhq.org/exceptions/no_such_element.html
Build info: version: '3.14.0', revision: 'aacccce0', time: '2018-08-02T20:19:58.91Z'
System info: host: 'ADMINISTRATOR50', ip: '10.10.88.51', os.name: 'Windows 8.1', os.arch: 'amd64', os.version: '6.3', java.version: '1.8.0_161'
Driver info: org.openqa.selenium.ie.InternetExplorerDriver
Capabilities {browserAttachTimeout: 0, browserName: internet explorer, cssSelectorsEnabled: true, elementScrollBehavior: 0, enableElementCacheCleanup: true, enablePersistentHover: true, handlesAlerts: true, ie.browserCommandLineSwitches: , ie.ensureCleanSession: false, ie.forceCreateProcessApi: false, ie.usePerProcessProxy: false, ignoreProtectedModeSettings: false, ignoreZoomSetting: false, initialBrowserUrl: http://localhost:2062/, javascriptEnabled: true, nativeEvents: true, platform: WINDOWS, platformName: WINDOWS, requireWindowFocus: false, takesScreenshot: true, unexpectedAlertBehaviour: dismiss, unhandledPromptBehavior: dismiss, version: 11}
Session ID: a671f733-90af-4057-a8a8-0120048e52b4
*** Element info: {Using=xpath, value=/html/body/form[1]/table/tbody/tr[1]/td/table[2]/tbody/tr/td/table/tbody/tr[3]/td[3]/select}
at org.openqa.selenium.remote.ErrorHandler.createThrowable(ErrorHandler.java:214)
at org.openqa.selenium.remote.ErrorHandler.throwIfResponseFailed(ErrorHandler.java:166)
at org.openqa.selenium.remote.http.JsonHttpResponseCodec.reconstructValue(JsonHttpResponseCodec.java:40)
at org.openqa.selenium.remote.http.AbstractHttpResponseCodec.decode(AbstractHttpResponseCodec.java:80)
at org.openqa.selenium.remote.http.AbstractHttpResponseCodec.decode(AbstractHttpResponseCodec.java:44)
at org.openqa.selenium.remote.HttpCommandExecutor.execute(HttpCommandExecutor.java:158)
at org.openqa.selenium.remote.service.DriverCommandExecutor.execute(DriverCommandExecutor.java:83)
at org.openqa.selenium.remote.RemoteWebDriver.execute(RemoteWebDriver.java:548)
at org.openqa.selenium.remote.RemoteWebDriver.findElement(RemoteWebDriver.java:322)
at org.openqa.selenium.remote.RemoteWebDriver.findElementByXPath(RemoteWebDriver.java:424)
at org.openqa.selenium.By$ByXPath.findElement(By.java:353)
at org.openqa.selenium.remote.RemoteWebDriver.findElement(RemoteWebDriver.java:314)
at pack.NewLoan.NewLoan(NewLoan.java:221)
at pack.AA_TN_PDL.PreNoteDepositClear_CustomerInactiveAndActive_EOD(AA_TN_PDL.java:1658)
... Removed 29 stack frames]]>
    </failure>
  </testcase> <!-- PreNoteDepositClear_CustomerInactiveAndActive_EOD -->
  <testcase name="ACHRevokeBeforePreNoteDate_ACHAuthAfterPreNoteDate" time="56.911" classname="pack.AA_TN_PDL">
    <failure type="org.openqa.selenium.NoSuchElementException" message="Unable to find element with name == ShareScreenBtn (WARNING: The server did not provide any stacktrace information)
Command duration or timeout: 0 milliseconds
For documentation on this error, please visit: http://seleniumhq.org/exceptions/no_such_element.html
Build info: version: &amp;apos;3.14.0&amp;apos;, revision: &amp;apos;aacccce0&amp;apos;, time: &amp;apos;2018-08-02T20:19:58.91Z&amp;apos;
System info: host: &amp;apos;ADMINISTRATOR50&amp;apos;, ip: &amp;apos;10.10.88.51&amp;apos;, os.name: &amp;apos;Windows 8.1&amp;apos;, os.arch: &amp;apos;amd64&amp;apos;, os.version: &amp;apos;6.3&amp;apos;, java.version: &amp;apos;1.8.0_161&amp;apos;
Driver info: org.openqa.selenium.ie.InternetExplorerDriver
Capabilities {browserAttachTimeout: 0, browserName: internet explorer, cssSelectorsEnabled: true, elementScrollBehavior: 0, enableElementCacheCleanup: true, enablePersistentHover: true, handlesAlerts: true, ie.browserCommandLineSwitches: , ie.ensureCleanSession: false, ie.forceCreateProcessApi: false, ie.usePerProcessProxy: false, ignoreProtectedModeSettings: false, ignoreZoomSetting: false, initialBrowserUrl: http://localhost:2062/, javascriptEnabled: true, nativeEvents: true, platform: WINDOWS, platformName: WINDOWS, requireWindowFocus: false, takesScreenshot: true, unexpectedAlertBehaviour: dismiss, unhandledPromptBehavior: dismiss, version: 11}
Session ID: a671f733-90af-4057-a8a8-0120048e52b4
*** Element info: {Using=name, value=ShareScreenBtn}">
      <![CDATA[org.openqa.selenium.NoSuchElementException: Unable to find element with name == ShareScreenBtn (WARNING: The server did not provide any stacktrace information)
Command duration or timeout: 0 milliseconds
For documentation on this error, please visit: http://seleniumhq.org/exceptions/no_such_element.html
Build info: version: '3.14.0', revision: 'aacccce0', time: '2018-08-02T20:19:58.91Z'
System info: host: 'ADMINISTRATOR50', ip: '10.10.88.51', os.name: 'Windows 8.1', os.arch: 'amd64', os.version: '6.3', java.version: '1.8.0_161'
Driver info: org.openqa.selenium.ie.InternetExplorerDriver
Capabilities {browserAttachTimeout: 0, browserName: internet explorer, cssSelectorsEnabled: true, elementScrollBehavior: 0, enableElementCacheCleanup: true, enablePersistentHover: true, handlesAlerts: true, ie.browserCommandLineSwitches: , ie.ensureCleanSession: false, ie.forceCreateProcessApi: false, ie.usePerProcessProxy: false, ignoreProtectedModeSettings: false, ignoreZoomSetting: false, initialBrowserUrl: http://localhost:2062/, javascriptEnabled: true, nativeEvents: true, platform: WINDOWS, platformName: WINDOWS, requireWindowFocus: false, takesScreenshot: true, unexpectedAlertBehaviour: dismiss, unhandledPromptBehavior: dismiss, version: 11}
Session ID: a671f733-90af-4057-a8a8-0120048e52b4
*** Element info: {Using=name, value=ShareScreenBtn}
at org.openqa.selenium.remote.ErrorHandler.createThrowable(ErrorHandler.java:214)
at org.openqa.selenium.remote.ErrorHandler.throwIfResponseFailed(ErrorHandler.java:166)
at org.openqa.selenium.remote.http.JsonHttpResponseCodec.reconstructValue(JsonHttpResponseCodec.java:40)
at org.openqa.selenium.remote.http.AbstractHttpResponseCodec.decode(AbstractHttpResponseCodec.java:80)
at org.openqa.selenium.remote.http.AbstractHttpResponseCodec.decode(AbstractHttpResponseCodec.java:44)
at org.openqa.selenium.remote.HttpCommandExecutor.execute(HttpCommandExecutor.java:158)
at org.openqa.selenium.remote.service.DriverCommandExecutor.execute(DriverCommandExecutor.java:83)
at org.openqa.selenium.remote.RemoteWebDriver.execute(RemoteWebDriver.java:548)
at org.openqa.selenium.remote.RemoteWebDriver.findElement(RemoteWebDriver.java:322)
at org.openqa.selenium.remote.RemoteWebDriver.findElementByName(RemoteWebDriver.java:400)
at org.openqa.selenium.By$ByName.findElement(By.java:284)
at org.openqa.selenium.remote.RemoteWebDriver.findElement(RemoteWebDriver.java:314)
at pack.RegistrationPage_NewLoan_PDL.RegistrationPage_NewLoan_PDL(RegistrationPage_NewLoan_PDL.java:407)
at pack.AA_TN_PDL.ACHRevokeBeforePreNoteDate_ACHAuthAfterPreNoteDate(AA_TN_PDL.java:1716)
... Removed 29 stack frames]]>
    </failure>
  </testcase> <!-- ACHRevokeBeforePreNoteDate_ACHAuthAfterPreNoteDate -->
  <testcase name="ACHLoan_ACHRev_ACHAuth_ACHDep_CheckDepwithNewBnkDet" time="57.057" classname="pack.AA_TN_PDL">
    <failure type="org.openqa.selenium.NoSuchElementException" message="Unable to find element with name == ShareScreenBtn (WARNING: The server did not provide any stacktrace information)
Command duration or timeout: 0 milliseconds
For documentation on this error, please visit: http://seleniumhq.org/exceptions/no_such_element.html
Build info: version: &amp;apos;3.14.0&amp;apos;, revision: &amp;apos;aacccce0&amp;apos;, time: &amp;apos;2018-08-02T20:19:58.91Z&amp;apos;
System info: host: &amp;apos;ADMINISTRATOR50&amp;apos;, ip: &amp;apos;10.10.88.51&amp;apos;, os.name: &amp;apos;Windows 8.1&amp;apos;, os.arch: &amp;apos;amd64&amp;apos;, os.version: &amp;apos;6.3&amp;apos;, java.version: &amp;apos;1.8.0_161&amp;apos;
Driver info: org.openqa.selenium.ie.InternetExplorerDriver
Capabilities {browserAttachTimeout: 0, browserName: internet explorer, cssSelectorsEnabled: true, elementScrollBehavior: 0, enableElementCacheCleanup: true, enablePersistentHover: true, handlesAlerts: true, ie.browserCommandLineSwitches: , ie.ensureCleanSession: false, ie.forceCreateProcessApi: false, ie.usePerProcessProxy: false, ignoreProtectedModeSettings: false, ignoreZoomSetting: false, initialBrowserUrl: http://localhost:2062/, javascriptEnabled: true, nativeEvents: true, platform: WINDOWS, platformName: WINDOWS, requireWindowFocus: false, takesScreenshot: true, unexpectedAlertBehaviour: dismiss, unhandledPromptBehavior: dismiss, version: 11}
Session ID: a671f733-90af-4057-a8a8-0120048e52b4
*** Element info: {Using=name, value=ShareScreenBtn}">
      <![CDATA[org.openqa.selenium.NoSuchElementException: Unable to find element with name == ShareScreenBtn (WARNING: The server did not provide any stacktrace information)
Command duration or timeout: 0 milliseconds
For documentation on this error, please visit: http://seleniumhq.org/exceptions/no_such_element.html
Build info: version: '3.14.0', revision: 'aacccce0', time: '2018-08-02T20:19:58.91Z'
System info: host: 'ADMINISTRATOR50', ip: '10.10.88.51', os.name: 'Windows 8.1', os.arch: 'amd64', os.version: '6.3', java.version: '1.8.0_161'
Driver info: org.openqa.selenium.ie.InternetExplorerDriver
Capabilities {browserAttachTimeout: 0, browserName: internet explorer, cssSelectorsEnabled: true, elementScrollBehavior: 0, enableElementCacheCleanup: true, enablePersistentHover: true, handlesAlerts: true, ie.browserCommandLineSwitches: , ie.ensureCleanSession: false, ie.forceCreateProcessApi: false, ie.usePerProcessProxy: false, ignoreProtectedModeSettings: false, ignoreZoomSetting: false, initialBrowserUrl: http://localhost:2062/, javascriptEnabled: true, nativeEvents: true, platform: WINDOWS, platformName: WINDOWS, requireWindowFocus: false, takesScreenshot: true, unexpectedAlertBehaviour: dismiss, unhandledPromptBehavior: dismiss, version: 11}
Session ID: a671f733-90af-4057-a8a8-0120048e52b4
*** Element info: {Using=name, value=ShareScreenBtn}
at org.openqa.selenium.remote.ErrorHandler.createThrowable(ErrorHandler.java:214)
at org.openqa.selenium.remote.ErrorHandler.throwIfResponseFailed(ErrorHandler.java:166)
at org.openqa.selenium.remote.http.JsonHttpResponseCodec.reconstructValue(JsonHttpResponseCodec.java:40)
at org.openqa.selenium.remote.http.AbstractHttpResponseCodec.decode(AbstractHttpResponseCodec.java:80)
at org.openqa.selenium.remote.http.AbstractHttpResponseCodec.decode(AbstractHttpResponseCodec.java:44)
at org.openqa.selenium.remote.HttpCommandExecutor.execute(HttpCommandExecutor.java:158)
at org.openqa.selenium.remote.service.DriverCommandExecutor.execute(DriverCommandExecutor.java:83)
at org.openqa.selenium.remote.RemoteWebDriver.execute(RemoteWebDriver.java:548)
at org.openqa.selenium.remote.RemoteWebDriver.findElement(RemoteWebDriver.java:322)
at org.openqa.selenium.remote.RemoteWebDriver.findElementByName(RemoteWebDriver.java:400)
at org.openqa.selenium.By$ByName.findElement(By.java:284)
at org.openqa.selenium.remote.RemoteWebDriver.findElement(RemoteWebDriver.java:314)
at pack.RegistrationPage_NewLoan_PDL.RegistrationPage_NewLoan_PDL(RegistrationPage_NewLoan_PDL.java:407)
at pack.AA_TN_PDL.ACHLoan_ACHRev_ACHAuth_ACHDep_CheckDepwithNewBnkDet(AA_TN_PDL.java:1779)
... Removed 29 stack frames]]>
    </failure>
  </testcase> <!-- ACHLoan_ACHRev_ACHAuth_ACHDep_CheckDepwithNewBnkDet -->
  <testcase name="NewLoan_PartialPayment" time="57.893" classname="pack.AA_TN_PDL">
    <failure type="org.openqa.selenium.NoSuchElementException" message="Unable to find element with name == ShareScreenBtn (WARNING: The server did not provide any stacktrace information)
Command duration or timeout: 0 milliseconds
For documentation on this error, please visit: http://seleniumhq.org/exceptions/no_such_element.html
Build info: version: &amp;apos;3.14.0&amp;apos;, revision: &amp;apos;aacccce0&amp;apos;, time: &amp;apos;2018-08-02T20:19:58.91Z&amp;apos;
System info: host: &amp;apos;ADMINISTRATOR50&amp;apos;, ip: &amp;apos;10.10.88.51&amp;apos;, os.name: &amp;apos;Windows 8.1&amp;apos;, os.arch: &amp;apos;amd64&amp;apos;, os.version: &amp;apos;6.3&amp;apos;, java.version: &amp;apos;1.8.0_161&amp;apos;
Driver info: org.openqa.selenium.ie.InternetExplorerDriver
Capabilities {browserAttachTimeout: 0, browserName: internet explorer, cssSelectorsEnabled: true, elementScrollBehavior: 0, enableElementCacheCleanup: true, enablePersistentHover: true, handlesAlerts: true, ie.browserCommandLineSwitches: , ie.ensureCleanSession: false, ie.forceCreateProcessApi: false, ie.usePerProcessProxy: false, ignoreProtectedModeSettings: false, ignoreZoomSetting: false, initialBrowserUrl: http://localhost:2062/, javascriptEnabled: true, nativeEvents: true, platform: WINDOWS, platformName: WINDOWS, requireWindowFocus: false, takesScreenshot: true, unexpectedAlertBehaviour: dismiss, unhandledPromptBehavior: dismiss, version: 11}
Session ID: a671f733-90af-4057-a8a8-0120048e52b4
*** Element info: {Using=name, value=ShareScreenBtn}">
      <![CDATA[org.openqa.selenium.NoSuchElementException: Unable to find element with name == ShareScreenBtn (WARNING: The server did not provide any stacktrace information)
Command duration or timeout: 0 milliseconds
For documentation on this error, please visit: http://seleniumhq.org/exceptions/no_such_element.html
Build info: version: '3.14.0', revision: 'aacccce0', time: '2018-08-02T20:19:58.91Z'
System info: host: 'ADMINISTRATOR50', ip: '10.10.88.51', os.name: 'Windows 8.1', os.arch: 'amd64', os.version: '6.3', java.version: '1.8.0_161'
Driver info: org.openqa.selenium.ie.InternetExplorerDriver
Capabilities {browserAttachTimeout: 0, browserName: internet explorer, cssSelectorsEnabled: true, elementScrollBehavior: 0, enableElementCacheCleanup: true, enablePersistentHover: true, handlesAlerts: true, ie.browserCommandLineSwitches: , ie.ensureCleanSession: false, ie.forceCreateProcessApi: false, ie.usePerProcessProxy: false, ignoreProtectedModeSettings: false, ignoreZoomSetting: false, initialBrowserUrl: http://localhost:2062/, javascriptEnabled: true, nativeEvents: true, platform: WINDOWS, platformName: WINDOWS, requireWindowFocus: false, takesScreenshot: true, unexpectedAlertBehaviour: dismiss, unhandledPromptBehavior: dismiss, version: 11}
Session ID: a671f733-90af-4057-a8a8-0120048e52b4
*** Element info: {Using=name, value=ShareScreenBtn}
=======
<<<<<<< HEAD
<<<<<<< HEAD
<testsuite hostname="QTLSYS0-167-pc" ignored="66" name="Test" tests="1" failures="1" timestamp="26 Aug 2019 11:30:09 GMT" time="53.456" errors="0">
  <testcase name="NewLoan_Deposit_Clear_transactions_dropdown" time="39.392" classname="pack.AA_TN_PDL">
    <failure type="org.openqa.selenium.NoSuchElementException" message="Unable to find element with xpath == /html/body/form[1]/table/tbody/tr/td/table/tbody/tr/td/table[2]/tbody/tr[7]/td[2]/table/tbody/tr/td/table/tbody/tr[4]/td[4] (WARNING: The server did not provide any stacktrace information)
=======
<testsuite hostname="QTLSYS0-167-pc" ignored="78" name="Test" tests="11" failures="2" timestamp="17 Sep 2019 05:31:43 GMT" time="59.828" errors="0">
  <testcase name="@AfterMethod getResult" time="0.018" classname="pack.AA_FL_PDL">
    <failure type="org.openqa.selenium.NoSuchWindowException" message="Unable to get browser (WARNING: The server did not provide any stacktrace information)
>>>>>>> chary1
Command duration or timeout: 0 milliseconds
Build info: version: &amp;apos;3.14.0&amp;apos;, revision: &amp;apos;aacccce0&amp;apos;, time: &amp;apos;2018-08-02T20:19:58.91Z&amp;apos;
System info: host: &amp;apos;QTLSYS0-167-PC&amp;apos;, ip: &amp;apos;192.168.0.167&amp;apos;, os.name: &amp;apos;Windows 7&amp;apos;, os.arch: &amp;apos;amd64&amp;apos;, os.version: &amp;apos;6.1&amp;apos;, java.version: &amp;apos;1.8.0_171&amp;apos;
Driver info: org.openqa.selenium.ie.InternetExplorerDriver
Capabilities {browserAttachTimeout: 0, browserName: internet explorer, cssSelectorsEnabled: true, elementScrollBehavior: 0, enableElementCacheCleanup: true, enablePersistentHover: true, handlesAlerts: true, ie.browserCommandLineSwitches: , ie.ensureCleanSession: false, ie.forceCreateProcessApi: false, ie.usePerProcessProxy: false, ignoreProtectedModeSettings: false, ignoreZoomSetting: false, initialBrowserUrl: http://localhost:33072/, javascriptEnabled: true, nativeEvents: true, platform: WINDOWS, platformName: WINDOWS, requireWindowFocus: false, takesScreenshot: true, unexpectedAlertBehaviour: dismiss, unhandledPromptBehavior: dismiss, version: 11}
Session ID: 3e30af5d-3f94-4a58-ab2e-97c2869f13cb">
      <![CDATA[org.openqa.selenium.NoSuchWindowException: Unable to get browser (WARNING: The server did not provide any stacktrace information)
Command duration or timeout: 0 milliseconds
Build info: version: '3.14.0', revision: 'aacccce0', time: '2018-08-02T20:19:58.91Z'
System info: host: 'QTLSYS0-167-PC', ip: '192.168.0.167', os.name: 'Windows 7', os.arch: 'amd64', os.version: '6.1', java.version: '1.8.0_171'
Driver info: org.openqa.selenium.ie.InternetExplorerDriver
Capabilities {browserAttachTimeout: 0, browserName: internet explorer, cssSelectorsEnabled: true, elementScrollBehavior: 0, enableElementCacheCleanup: true, enablePersistentHover: true, handlesAlerts: true, ie.browserCommandLineSwitches: , ie.ensureCleanSession: false, ie.forceCreateProcessApi: false, ie.usePerProcessProxy: false, ignoreProtectedModeSettings: false, ignoreZoomSetting: false, initialBrowserUrl: http://localhost:33072/, javascriptEnabled: true, nativeEvents: true, platform: WINDOWS, platformName: WINDOWS, requireWindowFocus: false, takesScreenshot: true, unexpectedAlertBehaviour: dismiss, unhandledPromptBehavior: dismiss, version: 11}
Session ID: 3e30af5d-3f94-4a58-ab2e-97c2869f13cb
>>>>>>> 99f7b1da04307c058e2d38ab42d6146b465ed3d1
at org.openqa.selenium.remote.ErrorHandler.createThrowable(ErrorHandler.java:214)
at org.openqa.selenium.remote.ErrorHandler.throwIfResponseFailed(ErrorHandler.java:166)
at org.openqa.selenium.remote.http.JsonHttpResponseCodec.reconstructValue(JsonHttpResponseCodec.java:40)
at org.openqa.selenium.remote.http.AbstractHttpResponseCodec.decode(AbstractHttpResponseCodec.java:80)
at org.openqa.selenium.remote.http.AbstractHttpResponseCodec.decode(AbstractHttpResponseCodec.java:44)
at org.openqa.selenium.remote.HttpCommandExecutor.execute(HttpCommandExecutor.java:158)
at org.openqa.selenium.remote.service.DriverCommandExecutor.execute(DriverCommandExecutor.java:83)
at org.openqa.selenium.remote.RemoteWebDriver.execute(RemoteWebDriver.java:548)
<<<<<<< HEAD
at org.openqa.selenium.remote.RemoteWebDriver.findElement(RemoteWebDriver.java:322)
at org.openqa.selenium.remote.RemoteWebDriver.findElementByName(RemoteWebDriver.java:400)
at org.openqa.selenium.By$ByName.findElement(By.java:284)
at org.openqa.selenium.remote.RemoteWebDriver.findElement(RemoteWebDriver.java:314)
at pack.RegistrationPage_NewLoan_PDL.RegistrationPage_NewLoan_PDL(RegistrationPage_NewLoan_PDL.java:407)
at pack.AA_TN_PDL.NewLoan_PartialPayment(AA_TN_PDL.java:1840)
... Removed 29 stack frames]]>
    </failure>
  </testcase> <!-- NewLoan_PartialPayment -->
  <testcase name="CheckingPartialPmt_SomeDaysAfterDueDate" time="57.512" classname="pack.AA_TN_PDL">
    <failure type="org.openqa.selenium.NoSuchElementException" message="Unable to find element with name == ShareScreenBtn (WARNING: The server did not provide any stacktrace information)
Command duration or timeout: 0 milliseconds
For documentation on this error, please visit: http://seleniumhq.org/exceptions/no_such_element.html
Build info: version: &amp;apos;3.14.0&amp;apos;, revision: &amp;apos;aacccce0&amp;apos;, time: &amp;apos;2018-08-02T20:19:58.91Z&amp;apos;
System info: host: &amp;apos;ADMINISTRATOR50&amp;apos;, ip: &amp;apos;10.10.88.51&amp;apos;, os.name: &amp;apos;Windows 8.1&amp;apos;, os.arch: &amp;apos;amd64&amp;apos;, os.version: &amp;apos;6.3&amp;apos;, java.version: &amp;apos;1.8.0_161&amp;apos;
Driver info: org.openqa.selenium.ie.InternetExplorerDriver
Capabilities {browserAttachTimeout: 0, browserName: internet explorer, cssSelectorsEnabled: true, elementScrollBehavior: 0, enableElementCacheCleanup: true, enablePersistentHover: true, handlesAlerts: true, ie.browserCommandLineSwitches: , ie.ensureCleanSession: false, ie.forceCreateProcessApi: false, ie.usePerProcessProxy: false, ignoreProtectedModeSettings: false, ignoreZoomSetting: false, initialBrowserUrl: http://localhost:2062/, javascriptEnabled: true, nativeEvents: true, platform: WINDOWS, platformName: WINDOWS, requireWindowFocus: false, takesScreenshot: true, unexpectedAlertBehaviour: dismiss, unhandledPromptBehavior: dismiss, version: 11}
Session ID: a671f733-90af-4057-a8a8-0120048e52b4
*** Element info: {Using=name, value=ShareScreenBtn}">
      <![CDATA[org.openqa.selenium.NoSuchElementException: Unable to find element with name == ShareScreenBtn (WARNING: The server did not provide any stacktrace information)
Command duration or timeout: 0 milliseconds
For documentation on this error, please visit: http://seleniumhq.org/exceptions/no_such_element.html
Build info: version: '3.14.0', revision: 'aacccce0', time: '2018-08-02T20:19:58.91Z'
System info: host: 'ADMINISTRATOR50', ip: '10.10.88.51', os.name: 'Windows 8.1', os.arch: 'amd64', os.version: '6.3', java.version: '1.8.0_161'
Driver info: org.openqa.selenium.ie.InternetExplorerDriver
Capabilities {browserAttachTimeout: 0, browserName: internet explorer, cssSelectorsEnabled: true, elementScrollBehavior: 0, enableElementCacheCleanup: true, enablePersistentHover: true, handlesAlerts: true, ie.browserCommandLineSwitches: , ie.ensureCleanSession: false, ie.forceCreateProcessApi: false, ie.usePerProcessProxy: false, ignoreProtectedModeSettings: false, ignoreZoomSetting: false, initialBrowserUrl: http://localhost:2062/, javascriptEnabled: true, nativeEvents: true, platform: WINDOWS, platformName: WINDOWS, requireWindowFocus: false, takesScreenshot: true, unexpectedAlertBehaviour: dismiss, unhandledPromptBehavior: dismiss, version: 11}
Session ID: a671f733-90af-4057-a8a8-0120048e52b4
*** Element info: {Using=name, value=ShareScreenBtn}
at org.openqa.selenium.remote.ErrorHandler.createThrowable(ErrorHandler.java:214)
at org.openqa.selenium.remote.ErrorHandler.throwIfResponseFailed(ErrorHandler.java:166)
at org.openqa.selenium.remote.http.JsonHttpResponseCodec.reconstructValue(JsonHttpResponseCodec.java:40)
at org.openqa.selenium.remote.http.AbstractHttpResponseCodec.decode(AbstractHttpResponseCodec.java:80)
at org.openqa.selenium.remote.http.AbstractHttpResponseCodec.decode(AbstractHttpResponseCodec.java:44)
at org.openqa.selenium.remote.HttpCommandExecutor.execute(HttpCommandExecutor.java:158)
at org.openqa.selenium.remote.service.DriverCommandExecutor.execute(DriverCommandExecutor.java:83)
at org.openqa.selenium.remote.RemoteWebDriver.execute(RemoteWebDriver.java:548)
at org.openqa.selenium.remote.RemoteWebDriver.findElement(RemoteWebDriver.java:322)
at org.openqa.selenium.remote.RemoteWebDriver.findElementByName(RemoteWebDriver.java:400)
at org.openqa.selenium.By$ByName.findElement(By.java:284)
at org.openqa.selenium.remote.RemoteWebDriver.findElement(RemoteWebDriver.java:314)
at pack.RegistrationPage_NewLoan_PDL.RegistrationPage_NewLoan_PDL(RegistrationPage_NewLoan_PDL.java:407)
at pack.AA_TN_PDL.CheckingPartialPmt_SomeDaysAfterDueDate(AA_TN_PDL.java:1888)
... Removed 29 stack frames]]>
    </failure>
  </testcase> <!-- CheckingPartialPmt_SomeDaysAfterDueDate -->
  <testcase name="PartialPayment_MultipleTenderTypes" time="57.232" classname="pack.AA_TN_PDL">
    <failure type="org.openqa.selenium.NoSuchElementException" message="Unable to find element with name == ShareScreenBtn (WARNING: The server did not provide any stacktrace information)
Command duration or timeout: 0 milliseconds
For documentation on this error, please visit: http://seleniumhq.org/exceptions/no_such_element.html
Build info: version: &amp;apos;3.14.0&amp;apos;, revision: &amp;apos;aacccce0&amp;apos;, time: &amp;apos;2018-08-02T20:19:58.91Z&amp;apos;
System info: host: &amp;apos;ADMINISTRATOR50&amp;apos;, ip: &amp;apos;10.10.88.51&amp;apos;, os.name: &amp;apos;Windows 8.1&amp;apos;, os.arch: &amp;apos;amd64&amp;apos;, os.version: &amp;apos;6.3&amp;apos;, java.version: &amp;apos;1.8.0_161&amp;apos;
Driver info: org.openqa.selenium.ie.InternetExplorerDriver
Capabilities {browserAttachTimeout: 0, browserName: internet explorer, cssSelectorsEnabled: true, elementScrollBehavior: 0, enableElementCacheCleanup: true, enablePersistentHover: true, handlesAlerts: true, ie.browserCommandLineSwitches: , ie.ensureCleanSession: false, ie.forceCreateProcessApi: false, ie.usePerProcessProxy: false, ignoreProtectedModeSettings: false, ignoreZoomSetting: false, initialBrowserUrl: http://localhost:2062/, javascriptEnabled: true, nativeEvents: true, platform: WINDOWS, platformName: WINDOWS, requireWindowFocus: false, takesScreenshot: true, unexpectedAlertBehaviour: dismiss, unhandledPromptBehavior: dismiss, version: 11}
Session ID: a671f733-90af-4057-a8a8-0120048e52b4
*** Element info: {Using=name, value=ShareScreenBtn}">
      <![CDATA[org.openqa.selenium.NoSuchElementException: Unable to find element with name == ShareScreenBtn (WARNING: The server did not provide any stacktrace information)
Command duration or timeout: 0 milliseconds
For documentation on this error, please visit: http://seleniumhq.org/exceptions/no_such_element.html
Build info: version: '3.14.0', revision: 'aacccce0', time: '2018-08-02T20:19:58.91Z'
System info: host: 'ADMINISTRATOR50', ip: '10.10.88.51', os.name: 'Windows 8.1', os.arch: 'amd64', os.version: '6.3', java.version: '1.8.0_161'
Driver info: org.openqa.selenium.ie.InternetExplorerDriver
Capabilities {browserAttachTimeout: 0, browserName: internet explorer, cssSelectorsEnabled: true, elementScrollBehavior: 0, enableElementCacheCleanup: true, enablePersistentHover: true, handlesAlerts: true, ie.browserCommandLineSwitches: , ie.ensureCleanSession: false, ie.forceCreateProcessApi: false, ie.usePerProcessProxy: false, ignoreProtectedModeSettings: false, ignoreZoomSetting: false, initialBrowserUrl: http://localhost:2062/, javascriptEnabled: true, nativeEvents: true, platform: WINDOWS, platformName: WINDOWS, requireWindowFocus: false, takesScreenshot: true, unexpectedAlertBehaviour: dismiss, unhandledPromptBehavior: dismiss, version: 11}
Session ID: a671f733-90af-4057-a8a8-0120048e52b4
*** Element info: {Using=name, value=ShareScreenBtn}
at org.openqa.selenium.remote.ErrorHandler.createThrowable(ErrorHandler.java:214)
at org.openqa.selenium.remote.ErrorHandler.throwIfResponseFailed(ErrorHandler.java:166)
at org.openqa.selenium.remote.http.JsonHttpResponseCodec.reconstructValue(JsonHttpResponseCodec.java:40)
at org.openqa.selenium.remote.http.AbstractHttpResponseCodec.decode(AbstractHttpResponseCodec.java:80)
at org.openqa.selenium.remote.http.AbstractHttpResponseCodec.decode(AbstractHttpResponseCodec.java:44)
at org.openqa.selenium.remote.HttpCommandExecutor.execute(HttpCommandExecutor.java:158)
at org.openqa.selenium.remote.service.DriverCommandExecutor.execute(DriverCommandExecutor.java:83)
at org.openqa.selenium.remote.RemoteWebDriver.execute(RemoteWebDriver.java:548)
at org.openqa.selenium.remote.RemoteWebDriver.findElement(RemoteWebDriver.java:322)
at org.openqa.selenium.remote.RemoteWebDriver.findElementByName(RemoteWebDriver.java:400)
at org.openqa.selenium.By$ByName.findElement(By.java:284)
at org.openqa.selenium.remote.RemoteWebDriver.findElement(RemoteWebDriver.java:314)
at pack.RegistrationPage_NewLoan_PDL.RegistrationPage_NewLoan_PDL(RegistrationPage_NewLoan_PDL.java:407)
at pack.AA_TN_PDL.PartialPayment_MultipleTenderTypes(AA_TN_PDL.java:1937)
... Removed 29 stack frames]]>
    </failure>
  </testcase> <!-- PartialPayment_MultipleTenderTypes -->
  <testcase name="NewLoan_Deposit_CheckPartialPaymentDisplay_AfterDeposit" time="57.892" classname="pack.AA_TN_PDL">
    <failure type="org.openqa.selenium.NoSuchElementException" message="Unable to find element with name == ShareScreenBtn (WARNING: The server did not provide any stacktrace information)
Command duration or timeout: 0 milliseconds
For documentation on this error, please visit: http://seleniumhq.org/exceptions/no_such_element.html
Build info: version: &amp;apos;3.14.0&amp;apos;, revision: &amp;apos;aacccce0&amp;apos;, time: &amp;apos;2018-08-02T20:19:58.91Z&amp;apos;
System info: host: &amp;apos;ADMINISTRATOR50&amp;apos;, ip: &amp;apos;10.10.88.51&amp;apos;, os.name: &amp;apos;Windows 8.1&amp;apos;, os.arch: &amp;apos;amd64&amp;apos;, os.version: &amp;apos;6.3&amp;apos;, java.version: &amp;apos;1.8.0_161&amp;apos;
Driver info: org.openqa.selenium.ie.InternetExplorerDriver
Capabilities {browserAttachTimeout: 0, browserName: internet explorer, cssSelectorsEnabled: true, elementScrollBehavior: 0, enableElementCacheCleanup: true, enablePersistentHover: true, handlesAlerts: true, ie.browserCommandLineSwitches: , ie.ensureCleanSession: false, ie.forceCreateProcessApi: false, ie.usePerProcessProxy: false, ignoreProtectedModeSettings: false, ignoreZoomSetting: false, initialBrowserUrl: http://localhost:2062/, javascriptEnabled: true, nativeEvents: true, platform: WINDOWS, platformName: WINDOWS, requireWindowFocus: false, takesScreenshot: true, unexpectedAlertBehaviour: dismiss, unhandledPromptBehavior: dismiss, version: 11}
Session ID: a671f733-90af-4057-a8a8-0120048e52b4
*** Element info: {Using=name, value=ShareScreenBtn}">
      <![CDATA[org.openqa.selenium.NoSuchElementException: Unable to find element with name == ShareScreenBtn (WARNING: The server did not provide any stacktrace information)
Command duration or timeout: 0 milliseconds
For documentation on this error, please visit: http://seleniumhq.org/exceptions/no_such_element.html
Build info: version: '3.14.0', revision: 'aacccce0', time: '2018-08-02T20:19:58.91Z'
System info: host: 'ADMINISTRATOR50', ip: '10.10.88.51', os.name: 'Windows 8.1', os.arch: 'amd64', os.version: '6.3', java.version: '1.8.0_161'
Driver info: org.openqa.selenium.ie.InternetExplorerDriver
Capabilities {browserAttachTimeout: 0, browserName: internet explorer, cssSelectorsEnabled: true, elementScrollBehavior: 0, enableElementCacheCleanup: true, enablePersistentHover: true, handlesAlerts: true, ie.browserCommandLineSwitches: , ie.ensureCleanSession: false, ie.forceCreateProcessApi: false, ie.usePerProcessProxy: false, ignoreProtectedModeSettings: false, ignoreZoomSetting: false, initialBrowserUrl: http://localhost:2062/, javascriptEnabled: true, nativeEvents: true, platform: WINDOWS, platformName: WINDOWS, requireWindowFocus: false, takesScreenshot: true, unexpectedAlertBehaviour: dismiss, unhandledPromptBehavior: dismiss, version: 11}
Session ID: a671f733-90af-4057-a8a8-0120048e52b4
*** Element info: {Using=name, value=ShareScreenBtn}
at org.openqa.selenium.remote.ErrorHandler.createThrowable(ErrorHandler.java:214)
at org.openqa.selenium.remote.ErrorHandler.throwIfResponseFailed(ErrorHandler.java:166)
at org.openqa.selenium.remote.http.JsonHttpResponseCodec.reconstructValue(JsonHttpResponseCodec.java:40)
at org.openqa.selenium.remote.http.AbstractHttpResponseCodec.decode(AbstractHttpResponseCodec.java:80)
at org.openqa.selenium.remote.http.AbstractHttpResponseCodec.decode(AbstractHttpResponseCodec.java:44)
at org.openqa.selenium.remote.HttpCommandExecutor.execute(HttpCommandExecutor.java:158)
at org.openqa.selenium.remote.service.DriverCommandExecutor.execute(DriverCommandExecutor.java:83)
at org.openqa.selenium.remote.RemoteWebDriver.execute(RemoteWebDriver.java:548)
at org.openqa.selenium.remote.RemoteWebDriver.findElement(RemoteWebDriver.java:322)
at org.openqa.selenium.remote.RemoteWebDriver.findElementByName(RemoteWebDriver.java:400)
at org.openqa.selenium.By$ByName.findElement(By.java:284)
at org.openqa.selenium.remote.RemoteWebDriver.findElement(RemoteWebDriver.java:314)
at pack.RegistrationPage_NewLoan_PDL.RegistrationPage_NewLoan_PDL(RegistrationPage_NewLoan_PDL.java:407)
at pack.AA_TN_PDL.NewLoan_Deposit_CheckPartialPaymentDisplay_AfterDeposit(AA_TN_PDL.java:1986)
... Removed 29 stack frames]]>
    </failure>
  </testcase> <!-- NewLoan_Deposit_CheckPartialPaymentDisplay_AfterDeposit -->
  <testcase name="PartialPayment_Agestore_CheckLoanDisplayedEOD" time="57.174" classname="pack.AA_TN_PDL">
    <failure type="org.openqa.selenium.NoSuchElementException" message="Unable to find element with name == ShareScreenBtn (WARNING: The server did not provide any stacktrace information)
Command duration or timeout: 0 milliseconds
For documentation on this error, please visit: http://seleniumhq.org/exceptions/no_such_element.html
Build info: version: &amp;apos;3.14.0&amp;apos;, revision: &amp;apos;aacccce0&amp;apos;, time: &amp;apos;2018-08-02T20:19:58.91Z&amp;apos;
System info: host: &amp;apos;ADMINISTRATOR50&amp;apos;, ip: &amp;apos;10.10.88.51&amp;apos;, os.name: &amp;apos;Windows 8.1&amp;apos;, os.arch: &amp;apos;amd64&amp;apos;, os.version: &amp;apos;6.3&amp;apos;, java.version: &amp;apos;1.8.0_161&amp;apos;
Driver info: org.openqa.selenium.ie.InternetExplorerDriver
Capabilities {browserAttachTimeout: 0, browserName: internet explorer, cssSelectorsEnabled: true, elementScrollBehavior: 0, enableElementCacheCleanup: true, enablePersistentHover: true, handlesAlerts: true, ie.browserCommandLineSwitches: , ie.ensureCleanSession: false, ie.forceCreateProcessApi: false, ie.usePerProcessProxy: false, ignoreProtectedModeSettings: false, ignoreZoomSetting: false, initialBrowserUrl: http://localhost:2062/, javascriptEnabled: true, nativeEvents: true, platform: WINDOWS, platformName: WINDOWS, requireWindowFocus: false, takesScreenshot: true, unexpectedAlertBehaviour: dismiss, unhandledPromptBehavior: dismiss, version: 11}
Session ID: a671f733-90af-4057-a8a8-0120048e52b4
*** Element info: {Using=name, value=ShareScreenBtn}">
      <![CDATA[org.openqa.selenium.NoSuchElementException: Unable to find element with name == ShareScreenBtn (WARNING: The server did not provide any stacktrace information)
Command duration or timeout: 0 milliseconds
For documentation on this error, please visit: http://seleniumhq.org/exceptions/no_such_element.html
Build info: version: '3.14.0', revision: 'aacccce0', time: '2018-08-02T20:19:58.91Z'
System info: host: 'ADMINISTRATOR50', ip: '10.10.88.51', os.name: 'Windows 8.1', os.arch: 'amd64', os.version: '6.3', java.version: '1.8.0_161'
Driver info: org.openqa.selenium.ie.InternetExplorerDriver
Capabilities {browserAttachTimeout: 0, browserName: internet explorer, cssSelectorsEnabled: true, elementScrollBehavior: 0, enableElementCacheCleanup: true, enablePersistentHover: true, handlesAlerts: true, ie.browserCommandLineSwitches: , ie.ensureCleanSession: false, ie.forceCreateProcessApi: false, ie.usePerProcessProxy: false, ignoreProtectedModeSettings: false, ignoreZoomSetting: false, initialBrowserUrl: http://localhost:2062/, javascriptEnabled: true, nativeEvents: true, platform: WINDOWS, platformName: WINDOWS, requireWindowFocus: false, takesScreenshot: true, unexpectedAlertBehaviour: dismiss, unhandledPromptBehavior: dismiss, version: 11}
Session ID: a671f733-90af-4057-a8a8-0120048e52b4
*** Element info: {Using=name, value=ShareScreenBtn}
at org.openqa.selenium.remote.ErrorHandler.createThrowable(ErrorHandler.java:214)
at org.openqa.selenium.remote.ErrorHandler.throwIfResponseFailed(ErrorHandler.java:166)
at org.openqa.selenium.remote.http.JsonHttpResponseCodec.reconstructValue(JsonHttpResponseCodec.java:40)
at org.openqa.selenium.remote.http.AbstractHttpResponseCodec.decode(AbstractHttpResponseCodec.java:80)
at org.openqa.selenium.remote.http.AbstractHttpResponseCodec.decode(AbstractHttpResponseCodec.java:44)
at org.openqa.selenium.remote.HttpCommandExecutor.execute(HttpCommandExecutor.java:158)
at org.openqa.selenium.remote.service.DriverCommandExecutor.execute(DriverCommandExecutor.java:83)
at org.openqa.selenium.remote.RemoteWebDriver.execute(RemoteWebDriver.java:548)
at org.openqa.selenium.remote.RemoteWebDriver.findElement(RemoteWebDriver.java:322)
at org.openqa.selenium.remote.RemoteWebDriver.findElementByName(RemoteWebDriver.java:400)
at org.openqa.selenium.By$ByName.findElement(By.java:284)
at org.openqa.selenium.remote.RemoteWebDriver.findElement(RemoteWebDriver.java:314)
at pack.RegistrationPage_NewLoan_PDL.RegistrationPage_NewLoan_PDL(RegistrationPage_NewLoan_PDL.java:407)
at pack.AA_TN_PDL.PartialPayment_Agestore_CheckLoanDisplayedEOD(AA_TN_PDL.java:2035)
... Removed 29 stack frames]]>
    </failure>
  </testcase> <!-- PartialPayment_Agestore_CheckLoanDisplayedEOD -->
  <testcase name="Loan_AgeStore_ProcessDeposit_Nacha_DepositShouldPost" time="57.898" classname="pack.AA_TN_PDL">
    <failure type="org.openqa.selenium.NoSuchElementException" message="Unable to find element with name == ShareScreenBtn (WARNING: The server did not provide any stacktrace information)
Command duration or timeout: 0 milliseconds
For documentation on this error, please visit: http://seleniumhq.org/exceptions/no_such_element.html
Build info: version: &amp;apos;3.14.0&amp;apos;, revision: &amp;apos;aacccce0&amp;apos;, time: &amp;apos;2018-08-02T20:19:58.91Z&amp;apos;
System info: host: &amp;apos;ADMINISTRATOR50&amp;apos;, ip: &amp;apos;10.10.88.51&amp;apos;, os.name: &amp;apos;Windows 8.1&amp;apos;, os.arch: &amp;apos;amd64&amp;apos;, os.version: &amp;apos;6.3&amp;apos;, java.version: &amp;apos;1.8.0_161&amp;apos;
Driver info: org.openqa.selenium.ie.InternetExplorerDriver
Capabilities {browserAttachTimeout: 0, browserName: internet explorer, cssSelectorsEnabled: true, elementScrollBehavior: 0, enableElementCacheCleanup: true, enablePersistentHover: true, handlesAlerts: true, ie.browserCommandLineSwitches: , ie.ensureCleanSession: false, ie.forceCreateProcessApi: false, ie.usePerProcessProxy: false, ignoreProtectedModeSettings: false, ignoreZoomSetting: false, initialBrowserUrl: http://localhost:2062/, javascriptEnabled: true, nativeEvents: true, platform: WINDOWS, platformName: WINDOWS, requireWindowFocus: false, takesScreenshot: true, unexpectedAlertBehaviour: dismiss, unhandledPromptBehavior: dismiss, version: 11}
Session ID: a671f733-90af-4057-a8a8-0120048e52b4
*** Element info: {Using=name, value=ShareScreenBtn}">
      <![CDATA[org.openqa.selenium.NoSuchElementException: Unable to find element with name == ShareScreenBtn (WARNING: The server did not provide any stacktrace information)
Command duration or timeout: 0 milliseconds
For documentation on this error, please visit: http://seleniumhq.org/exceptions/no_such_element.html
Build info: version: '3.14.0', revision: 'aacccce0', time: '2018-08-02T20:19:58.91Z'
System info: host: 'ADMINISTRATOR50', ip: '10.10.88.51', os.name: 'Windows 8.1', os.arch: 'amd64', os.version: '6.3', java.version: '1.8.0_161'
Driver info: org.openqa.selenium.ie.InternetExplorerDriver
Capabilities {browserAttachTimeout: 0, browserName: internet explorer, cssSelectorsEnabled: true, elementScrollBehavior: 0, enableElementCacheCleanup: true, enablePersistentHover: true, handlesAlerts: true, ie.browserCommandLineSwitches: , ie.ensureCleanSession: false, ie.forceCreateProcessApi: false, ie.usePerProcessProxy: false, ignoreProtectedModeSettings: false, ignoreZoomSetting: false, initialBrowserUrl: http://localhost:2062/, javascriptEnabled: true, nativeEvents: true, platform: WINDOWS, platformName: WINDOWS, requireWindowFocus: false, takesScreenshot: true, unexpectedAlertBehaviour: dismiss, unhandledPromptBehavior: dismiss, version: 11}
Session ID: a671f733-90af-4057-a8a8-0120048e52b4
*** Element info: {Using=name, value=ShareScreenBtn}
at org.openqa.selenium.remote.ErrorHandler.createThrowable(ErrorHandler.java:214)
at org.openqa.selenium.remote.ErrorHandler.throwIfResponseFailed(ErrorHandler.java:166)
at org.openqa.selenium.remote.http.JsonHttpResponseCodec.reconstructValue(JsonHttpResponseCodec.java:40)
at org.openqa.selenium.remote.http.AbstractHttpResponseCodec.decode(AbstractHttpResponseCodec.java:80)
at org.openqa.selenium.remote.http.AbstractHttpResponseCodec.decode(AbstractHttpResponseCodec.java:44)
at org.openqa.selenium.remote.HttpCommandExecutor.execute(HttpCommandExecutor.java:158)
at org.openqa.selenium.remote.service.DriverCommandExecutor.execute(DriverCommandExecutor.java:83)
at org.openqa.selenium.remote.RemoteWebDriver.execute(RemoteWebDriver.java:548)
at org.openqa.selenium.remote.RemoteWebDriver.findElement(RemoteWebDriver.java:322)
at org.openqa.selenium.remote.RemoteWebDriver.findElementByName(RemoteWebDriver.java:400)
at org.openqa.selenium.By$ByName.findElement(By.java:284)
at org.openqa.selenium.remote.RemoteWebDriver.findElement(RemoteWebDriver.java:314)
at pack.RegistrationPage_NewLoan_PDL.RegistrationPage_NewLoan_PDL(RegistrationPage_NewLoan_PDL.java:407)
at pack.AA_TN_PDL.Loan_AgeStore_ProcessDeposit_Nacha_DepositShouldPost(AA_TN_PDL.java:2088)
... Removed 29 stack frames]]>
    </failure>
  </testcase> <!-- Loan_AgeStore_ProcessDeposit_Nacha_DepositShouldPost -->
  <testcase name="LoanWithCheck_DepConvertToACH_ACHDep_ProcessEOD" time="57.061" classname="pack.AA_TN_PDL">
    <failure type="org.openqa.selenium.NoSuchElementException" message="Unable to find element with name == ShareScreenBtn (WARNING: The server did not provide any stacktrace information)
Command duration or timeout: 0 milliseconds
For documentation on this error, please visit: http://seleniumhq.org/exceptions/no_such_element.html
Build info: version: &amp;apos;3.14.0&amp;apos;, revision: &amp;apos;aacccce0&amp;apos;, time: &amp;apos;2018-08-02T20:19:58.91Z&amp;apos;
System info: host: &amp;apos;ADMINISTRATOR50&amp;apos;, ip: &amp;apos;10.10.88.51&amp;apos;, os.name: &amp;apos;Windows 8.1&amp;apos;, os.arch: &amp;apos;amd64&amp;apos;, os.version: &amp;apos;6.3&amp;apos;, java.version: &amp;apos;1.8.0_161&amp;apos;
Driver info: org.openqa.selenium.ie.InternetExplorerDriver
Capabilities {browserAttachTimeout: 0, browserName: internet explorer, cssSelectorsEnabled: true, elementScrollBehavior: 0, enableElementCacheCleanup: true, enablePersistentHover: true, handlesAlerts: true, ie.browserCommandLineSwitches: , ie.ensureCleanSession: false, ie.forceCreateProcessApi: false, ie.usePerProcessProxy: false, ignoreProtectedModeSettings: false, ignoreZoomSetting: false, initialBrowserUrl: http://localhost:2062/, javascriptEnabled: true, nativeEvents: true, platform: WINDOWS, platformName: WINDOWS, requireWindowFocus: false, takesScreenshot: true, unexpectedAlertBehaviour: dismiss, unhandledPromptBehavior: dismiss, version: 11}
Session ID: a671f733-90af-4057-a8a8-0120048e52b4
*** Element info: {Using=name, value=ShareScreenBtn}">
      <![CDATA[org.openqa.selenium.NoSuchElementException: Unable to find element with name == ShareScreenBtn (WARNING: The server did not provide any stacktrace information)
Command duration or timeout: 0 milliseconds
For documentation on this error, please visit: http://seleniumhq.org/exceptions/no_such_element.html
Build info: version: '3.14.0', revision: 'aacccce0', time: '2018-08-02T20:19:58.91Z'
System info: host: 'ADMINISTRATOR50', ip: '10.10.88.51', os.name: 'Windows 8.1', os.arch: 'amd64', os.version: '6.3', java.version: '1.8.0_161'
Driver info: org.openqa.selenium.ie.InternetExplorerDriver
Capabilities {browserAttachTimeout: 0, browserName: internet explorer, cssSelectorsEnabled: true, elementScrollBehavior: 0, enableElementCacheCleanup: true, enablePersistentHover: true, handlesAlerts: true, ie.browserCommandLineSwitches: , ie.ensureCleanSession: false, ie.forceCreateProcessApi: false, ie.usePerProcessProxy: false, ignoreProtectedModeSettings: false, ignoreZoomSetting: false, initialBrowserUrl: http://localhost:2062/, javascriptEnabled: true, nativeEvents: true, platform: WINDOWS, platformName: WINDOWS, requireWindowFocus: false, takesScreenshot: true, unexpectedAlertBehaviour: dismiss, unhandledPromptBehavior: dismiss, version: 11}
Session ID: a671f733-90af-4057-a8a8-0120048e52b4
*** Element info: {Using=name, value=ShareScreenBtn}
at org.openqa.selenium.remote.ErrorHandler.createThrowable(ErrorHandler.java:214)
at org.openqa.selenium.remote.ErrorHandler.throwIfResponseFailed(ErrorHandler.java:166)
at org.openqa.selenium.remote.http.JsonHttpResponseCodec.reconstructValue(JsonHttpResponseCodec.java:40)
at org.openqa.selenium.remote.http.AbstractHttpResponseCodec.decode(AbstractHttpResponseCodec.java:80)
at org.openqa.selenium.remote.http.AbstractHttpResponseCodec.decode(AbstractHttpResponseCodec.java:44)
at org.openqa.selenium.remote.HttpCommandExecutor.execute(HttpCommandExecutor.java:158)
at org.openqa.selenium.remote.service.DriverCommandExecutor.execute(DriverCommandExecutor.java:83)
at org.openqa.selenium.remote.RemoteWebDriver.execute(RemoteWebDriver.java:548)
at org.openqa.selenium.remote.RemoteWebDriver.findElement(RemoteWebDriver.java:322)
at org.openqa.selenium.remote.RemoteWebDriver.findElementByName(RemoteWebDriver.java:400)
at org.openqa.selenium.By$ByName.findElement(By.java:284)
at org.openqa.selenium.remote.RemoteWebDriver.findElement(RemoteWebDriver.java:314)
at pack.RegistrationPage_NewLoan_PDL.RegistrationPage_NewLoan_PDL(RegistrationPage_NewLoan_PDL.java:407)
at pack.AA_TN_PDL.LoanWithCheck_DepConvertToACH_ACHDep_ProcessEOD(AA_TN_PDL.java:2144)
... Removed 29 stack frames]]>
    </failure>
  </testcase> <!-- LoanWithCheck_DepConvertToACH_ACHDep_ProcessEOD -->
  <testcase name="LoanWithCheck_ConvertACH_Deposit_ACHClear" time="57.27" classname="pack.AA_TN_PDL">
    <failure type="org.openqa.selenium.NoSuchElementException" message="Unable to find element with name == ShareScreenBtn (WARNING: The server did not provide any stacktrace information)
Command duration or timeout: 0 milliseconds
For documentation on this error, please visit: http://seleniumhq.org/exceptions/no_such_element.html
Build info: version: &amp;apos;3.14.0&amp;apos;, revision: &amp;apos;aacccce0&amp;apos;, time: &amp;apos;2018-08-02T20:19:58.91Z&amp;apos;
System info: host: &amp;apos;ADMINISTRATOR50&amp;apos;, ip: &amp;apos;10.10.88.51&amp;apos;, os.name: &amp;apos;Windows 8.1&amp;apos;, os.arch: &amp;apos;amd64&amp;apos;, os.version: &amp;apos;6.3&amp;apos;, java.version: &amp;apos;1.8.0_161&amp;apos;
Driver info: org.openqa.selenium.ie.InternetExplorerDriver
Capabilities {browserAttachTimeout: 0, browserName: internet explorer, cssSelectorsEnabled: true, elementScrollBehavior: 0, enableElementCacheCleanup: true, enablePersistentHover: true, handlesAlerts: true, ie.browserCommandLineSwitches: , ie.ensureCleanSession: false, ie.forceCreateProcessApi: false, ie.usePerProcessProxy: false, ignoreProtectedModeSettings: false, ignoreZoomSetting: false, initialBrowserUrl: http://localhost:2062/, javascriptEnabled: true, nativeEvents: true, platform: WINDOWS, platformName: WINDOWS, requireWindowFocus: false, takesScreenshot: true, unexpectedAlertBehaviour: dismiss, unhandledPromptBehavior: dismiss, version: 11}
Session ID: a671f733-90af-4057-a8a8-0120048e52b4
*** Element info: {Using=name, value=ShareScreenBtn}">
      <![CDATA[org.openqa.selenium.NoSuchElementException: Unable to find element with name == ShareScreenBtn (WARNING: The server did not provide any stacktrace information)
Command duration or timeout: 0 milliseconds
For documentation on this error, please visit: http://seleniumhq.org/exceptions/no_such_element.html
Build info: version: '3.14.0', revision: 'aacccce0', time: '2018-08-02T20:19:58.91Z'
System info: host: 'ADMINISTRATOR50', ip: '10.10.88.51', os.name: 'Windows 8.1', os.arch: 'amd64', os.version: '6.3', java.version: '1.8.0_161'
Driver info: org.openqa.selenium.ie.InternetExplorerDriver
Capabilities {browserAttachTimeout: 0, browserName: internet explorer, cssSelectorsEnabled: true, elementScrollBehavior: 0, enableElementCacheCleanup: true, enablePersistentHover: true, handlesAlerts: true, ie.browserCommandLineSwitches: , ie.ensureCleanSession: false, ie.forceCreateProcessApi: false, ie.usePerProcessProxy: false, ignoreProtectedModeSettings: false, ignoreZoomSetting: false, initialBrowserUrl: http://localhost:2062/, javascriptEnabled: true, nativeEvents: true, platform: WINDOWS, platformName: WINDOWS, requireWindowFocus: false, takesScreenshot: true, unexpectedAlertBehaviour: dismiss, unhandledPromptBehavior: dismiss, version: 11}
Session ID: a671f733-90af-4057-a8a8-0120048e52b4
*** Element info: {Using=name, value=ShareScreenBtn}
at org.openqa.selenium.remote.ErrorHandler.createThrowable(ErrorHandler.java:214)
at org.openqa.selenium.remote.ErrorHandler.throwIfResponseFailed(ErrorHandler.java:166)
at org.openqa.selenium.remote.http.JsonHttpResponseCodec.reconstructValue(JsonHttpResponseCodec.java:40)
at org.openqa.selenium.remote.http.AbstractHttpResponseCodec.decode(AbstractHttpResponseCodec.java:80)
at org.openqa.selenium.remote.http.AbstractHttpResponseCodec.decode(AbstractHttpResponseCodec.java:44)
at org.openqa.selenium.remote.HttpCommandExecutor.execute(HttpCommandExecutor.java:158)
at org.openqa.selenium.remote.service.DriverCommandExecutor.execute(DriverCommandExecutor.java:83)
at org.openqa.selenium.remote.RemoteWebDriver.execute(RemoteWebDriver.java:548)
at org.openqa.selenium.remote.RemoteWebDriver.findElement(RemoteWebDriver.java:322)
at org.openqa.selenium.remote.RemoteWebDriver.findElementByName(RemoteWebDriver.java:400)
at org.openqa.selenium.By$ByName.findElement(By.java:284)
at org.openqa.selenium.remote.RemoteWebDriver.findElement(RemoteWebDriver.java:314)
at pack.RegistrationPage_NewLoan_PDL.RegistrationPage_NewLoan_PDL(RegistrationPage_NewLoan_PDL.java:407)
at pack.AA_TN_PDL.LoanWithCheck_ConvertACH_Deposit_ACHClear(AA_TN_PDL.java:2211)
... Removed 29 stack frames]]>
    </failure>
  </testcase> <!-- LoanWithCheck_ConvertACH_Deposit_ACHClear -->
  <testcase name="LoanwithCheck__DepConvertACH__Deposit__ACHReturn" time="56.998" classname="pack.AA_TN_PDL">
    <failure type="org.openqa.selenium.NoSuchElementException" message="Unable to find element with name == ShareScreenBtn (WARNING: The server did not provide any stacktrace information)
Command duration or timeout: 0 milliseconds
For documentation on this error, please visit: http://seleniumhq.org/exceptions/no_such_element.html
Build info: version: &amp;apos;3.14.0&amp;apos;, revision: &amp;apos;aacccce0&amp;apos;, time: &amp;apos;2018-08-02T20:19:58.91Z&amp;apos;
System info: host: &amp;apos;ADMINISTRATOR50&amp;apos;, ip: &amp;apos;10.10.88.51&amp;apos;, os.name: &amp;apos;Windows 8.1&amp;apos;, os.arch: &amp;apos;amd64&amp;apos;, os.version: &amp;apos;6.3&amp;apos;, java.version: &amp;apos;1.8.0_161&amp;apos;
Driver info: org.openqa.selenium.ie.InternetExplorerDriver
Capabilities {browserAttachTimeout: 0, browserName: internet explorer, cssSelectorsEnabled: true, elementScrollBehavior: 0, enableElementCacheCleanup: true, enablePersistentHover: true, handlesAlerts: true, ie.browserCommandLineSwitches: , ie.ensureCleanSession: false, ie.forceCreateProcessApi: false, ie.usePerProcessProxy: false, ignoreProtectedModeSettings: false, ignoreZoomSetting: false, initialBrowserUrl: http://localhost:2062/, javascriptEnabled: true, nativeEvents: true, platform: WINDOWS, platformName: WINDOWS, requireWindowFocus: false, takesScreenshot: true, unexpectedAlertBehaviour: dismiss, unhandledPromptBehavior: dismiss, version: 11}
Session ID: a671f733-90af-4057-a8a8-0120048e52b4
*** Element info: {Using=name, value=ShareScreenBtn}">
      <![CDATA[org.openqa.selenium.NoSuchElementException: Unable to find element with name == ShareScreenBtn (WARNING: The server did not provide any stacktrace information)
Command duration or timeout: 0 milliseconds
For documentation on this error, please visit: http://seleniumhq.org/exceptions/no_such_element.html
Build info: version: '3.14.0', revision: 'aacccce0', time: '2018-08-02T20:19:58.91Z'
System info: host: 'ADMINISTRATOR50', ip: '10.10.88.51', os.name: 'Windows 8.1', os.arch: 'amd64', os.version: '6.3', java.version: '1.8.0_161'
Driver info: org.openqa.selenium.ie.InternetExplorerDriver
Capabilities {browserAttachTimeout: 0, browserName: internet explorer, cssSelectorsEnabled: true, elementScrollBehavior: 0, enableElementCacheCleanup: true, enablePersistentHover: true, handlesAlerts: true, ie.browserCommandLineSwitches: , ie.ensureCleanSession: false, ie.forceCreateProcessApi: false, ie.usePerProcessProxy: false, ignoreProtectedModeSettings: false, ignoreZoomSetting: false, initialBrowserUrl: http://localhost:2062/, javascriptEnabled: true, nativeEvents: true, platform: WINDOWS, platformName: WINDOWS, requireWindowFocus: false, takesScreenshot: true, unexpectedAlertBehaviour: dismiss, unhandledPromptBehavior: dismiss, version: 11}
Session ID: a671f733-90af-4057-a8a8-0120048e52b4
*** Element info: {Using=name, value=ShareScreenBtn}
at org.openqa.selenium.remote.ErrorHandler.createThrowable(ErrorHandler.java:214)
at org.openqa.selenium.remote.ErrorHandler.throwIfResponseFailed(ErrorHandler.java:166)
at org.openqa.selenium.remote.http.JsonHttpResponseCodec.reconstructValue(JsonHttpResponseCodec.java:40)
at org.openqa.selenium.remote.http.AbstractHttpResponseCodec.decode(AbstractHttpResponseCodec.java:80)
at org.openqa.selenium.remote.http.AbstractHttpResponseCodec.decode(AbstractHttpResponseCodec.java:44)
at org.openqa.selenium.remote.HttpCommandExecutor.execute(HttpCommandExecutor.java:158)
at org.openqa.selenium.remote.service.DriverCommandExecutor.execute(DriverCommandExecutor.java:83)
at org.openqa.selenium.remote.RemoteWebDriver.execute(RemoteWebDriver.java:548)
at org.openqa.selenium.remote.RemoteWebDriver.findElement(RemoteWebDriver.java:322)
at org.openqa.selenium.remote.RemoteWebDriver.findElementByName(RemoteWebDriver.java:400)
at org.openqa.selenium.By$ByName.findElement(By.java:284)
at org.openqa.selenium.remote.RemoteWebDriver.findElement(RemoteWebDriver.java:314)
at pack.RegistrationPage_NewLoan_PDL.RegistrationPage_NewLoan_PDL(RegistrationPage_NewLoan_PDL.java:407)
at pack.AA_TN_PDL.LoanwithCheck__DepConvertACH__Deposit__ACHReturn(AA_TN_PDL.java:2270)
... Removed 29 stack frames]]>
    </failure>
  </testcase> <!-- LoanwithCheck__DepConvertACH__Deposit__ACHReturn -->
  <testcase name="Loan_Full_PrePayment" time="57.147" classname="pack.AA_TN_PDL">
    <failure type="org.openqa.selenium.NoSuchElementException" message="Unable to find element with name == ShareScreenBtn (WARNING: The server did not provide any stacktrace information)
Command duration or timeout: 0 milliseconds
For documentation on this error, please visit: http://seleniumhq.org/exceptions/no_such_element.html
Build info: version: &amp;apos;3.14.0&amp;apos;, revision: &amp;apos;aacccce0&amp;apos;, time: &amp;apos;2018-08-02T20:19:58.91Z&amp;apos;
System info: host: &amp;apos;ADMINISTRATOR50&amp;apos;, ip: &amp;apos;10.10.88.51&amp;apos;, os.name: &amp;apos;Windows 8.1&amp;apos;, os.arch: &amp;apos;amd64&amp;apos;, os.version: &amp;apos;6.3&amp;apos;, java.version: &amp;apos;1.8.0_161&amp;apos;
Driver info: org.openqa.selenium.ie.InternetExplorerDriver
Capabilities {browserAttachTimeout: 0, browserName: internet explorer, cssSelectorsEnabled: true, elementScrollBehavior: 0, enableElementCacheCleanup: true, enablePersistentHover: true, handlesAlerts: true, ie.browserCommandLineSwitches: , ie.ensureCleanSession: false, ie.forceCreateProcessApi: false, ie.usePerProcessProxy: false, ignoreProtectedModeSettings: false, ignoreZoomSetting: false, initialBrowserUrl: http://localhost:2062/, javascriptEnabled: true, nativeEvents: true, platform: WINDOWS, platformName: WINDOWS, requireWindowFocus: false, takesScreenshot: true, unexpectedAlertBehaviour: dismiss, unhandledPromptBehavior: dismiss, version: 11}
Session ID: a671f733-90af-4057-a8a8-0120048e52b4
*** Element info: {Using=name, value=ShareScreenBtn}">
      <![CDATA[org.openqa.selenium.NoSuchElementException: Unable to find element with name == ShareScreenBtn (WARNING: The server did not provide any stacktrace information)
Command duration or timeout: 0 milliseconds
For documentation on this error, please visit: http://seleniumhq.org/exceptions/no_such_element.html
Build info: version: '3.14.0', revision: 'aacccce0', time: '2018-08-02T20:19:58.91Z'
System info: host: 'ADMINISTRATOR50', ip: '10.10.88.51', os.name: 'Windows 8.1', os.arch: 'amd64', os.version: '6.3', java.version: '1.8.0_161'
Driver info: org.openqa.selenium.ie.InternetExplorerDriver
Capabilities {browserAttachTimeout: 0, browserName: internet explorer, cssSelectorsEnabled: true, elementScrollBehavior: 0, enableElementCacheCleanup: true, enablePersistentHover: true, handlesAlerts: true, ie.browserCommandLineSwitches: , ie.ensureCleanSession: false, ie.forceCreateProcessApi: false, ie.usePerProcessProxy: false, ignoreProtectedModeSettings: false, ignoreZoomSetting: false, initialBrowserUrl: http://localhost:2062/, javascriptEnabled: true, nativeEvents: true, platform: WINDOWS, platformName: WINDOWS, requireWindowFocus: false, takesScreenshot: true, unexpectedAlertBehaviour: dismiss, unhandledPromptBehavior: dismiss, version: 11}
Session ID: a671f733-90af-4057-a8a8-0120048e52b4
*** Element info: {Using=name, value=ShareScreenBtn}
at org.openqa.selenium.remote.ErrorHandler.createThrowable(ErrorHandler.java:214)
at org.openqa.selenium.remote.ErrorHandler.throwIfResponseFailed(ErrorHandler.java:166)
at org.openqa.selenium.remote.http.JsonHttpResponseCodec.reconstructValue(JsonHttpResponseCodec.java:40)
at org.openqa.selenium.remote.http.AbstractHttpResponseCodec.decode(AbstractHttpResponseCodec.java:80)
at org.openqa.selenium.remote.http.AbstractHttpResponseCodec.decode(AbstractHttpResponseCodec.java:44)
at org.openqa.selenium.remote.HttpCommandExecutor.execute(HttpCommandExecutor.java:158)
at org.openqa.selenium.remote.service.DriverCommandExecutor.execute(DriverCommandExecutor.java:83)
at org.openqa.selenium.remote.RemoteWebDriver.execute(RemoteWebDriver.java:548)
at org.openqa.selenium.remote.RemoteWebDriver.findElement(RemoteWebDriver.java:322)
at org.openqa.selenium.remote.RemoteWebDriver.findElementByName(RemoteWebDriver.java:400)
at org.openqa.selenium.By$ByName.findElement(By.java:284)
at org.openqa.selenium.remote.RemoteWebDriver.findElement(RemoteWebDriver.java:314)
at pack.RegistrationPage_NewLoan_PDL.RegistrationPage_NewLoan_PDL(RegistrationPage_NewLoan_PDL.java:407)
at pack.AA_TN_PDL.Loan_Full_PrePayment(AA_TN_PDL.java:2329)
... Removed 29 stack frames]]>
    </failure>
  </testcase> <!-- Loan_Full_PrePayment -->
  <testcase name="Newloan_VoidPrePayment" time="57.279" classname="pack.AA_TN_PDL">
    <failure type="org.openqa.selenium.NoSuchElementException" message="Unable to find element with name == ShareScreenBtn (WARNING: The server did not provide any stacktrace information)
Command duration or timeout: 0 milliseconds
For documentation on this error, please visit: http://seleniumhq.org/exceptions/no_such_element.html
Build info: version: &amp;apos;3.14.0&amp;apos;, revision: &amp;apos;aacccce0&amp;apos;, time: &amp;apos;2018-08-02T20:19:58.91Z&amp;apos;
System info: host: &amp;apos;ADMINISTRATOR50&amp;apos;, ip: &amp;apos;10.10.88.51&amp;apos;, os.name: &amp;apos;Windows 8.1&amp;apos;, os.arch: &amp;apos;amd64&amp;apos;, os.version: &amp;apos;6.3&amp;apos;, java.version: &amp;apos;1.8.0_161&amp;apos;
Driver info: org.openqa.selenium.ie.InternetExplorerDriver
Capabilities {browserAttachTimeout: 0, browserName: internet explorer, cssSelectorsEnabled: true, elementScrollBehavior: 0, enableElementCacheCleanup: true, enablePersistentHover: true, handlesAlerts: true, ie.browserCommandLineSwitches: , ie.ensureCleanSession: false, ie.forceCreateProcessApi: false, ie.usePerProcessProxy: false, ignoreProtectedModeSettings: false, ignoreZoomSetting: false, initialBrowserUrl: http://localhost:2062/, javascriptEnabled: true, nativeEvents: true, platform: WINDOWS, platformName: WINDOWS, requireWindowFocus: false, takesScreenshot: true, unexpectedAlertBehaviour: dismiss, unhandledPromptBehavior: dismiss, version: 11}
Session ID: a671f733-90af-4057-a8a8-0120048e52b4
*** Element info: {Using=name, value=ShareScreenBtn}">
      <![CDATA[org.openqa.selenium.NoSuchElementException: Unable to find element with name == ShareScreenBtn (WARNING: The server did not provide any stacktrace information)
Command duration or timeout: 0 milliseconds
For documentation on this error, please visit: http://seleniumhq.org/exceptions/no_such_element.html
Build info: version: '3.14.0', revision: 'aacccce0', time: '2018-08-02T20:19:58.91Z'
System info: host: 'ADMINISTRATOR50', ip: '10.10.88.51', os.name: 'Windows 8.1', os.arch: 'amd64', os.version: '6.3', java.version: '1.8.0_161'
Driver info: org.openqa.selenium.ie.InternetExplorerDriver
Capabilities {browserAttachTimeout: 0, browserName: internet explorer, cssSelectorsEnabled: true, elementScrollBehavior: 0, enableElementCacheCleanup: true, enablePersistentHover: true, handlesAlerts: true, ie.browserCommandLineSwitches: , ie.ensureCleanSession: false, ie.forceCreateProcessApi: false, ie.usePerProcessProxy: false, ignoreProtectedModeSettings: false, ignoreZoomSetting: false, initialBrowserUrl: http://localhost:2062/, javascriptEnabled: true, nativeEvents: true, platform: WINDOWS, platformName: WINDOWS, requireWindowFocus: false, takesScreenshot: true, unexpectedAlertBehaviour: dismiss, unhandledPromptBehavior: dismiss, version: 11}
Session ID: a671f733-90af-4057-a8a8-0120048e52b4
*** Element info: {Using=name, value=ShareScreenBtn}
at org.openqa.selenium.remote.ErrorHandler.createThrowable(ErrorHandler.java:214)
at org.openqa.selenium.remote.ErrorHandler.throwIfResponseFailed(ErrorHandler.java:166)
at org.openqa.selenium.remote.http.JsonHttpResponseCodec.reconstructValue(JsonHttpResponseCodec.java:40)
at org.openqa.selenium.remote.http.AbstractHttpResponseCodec.decode(AbstractHttpResponseCodec.java:80)
at org.openqa.selenium.remote.http.AbstractHttpResponseCodec.decode(AbstractHttpResponseCodec.java:44)
at org.openqa.selenium.remote.HttpCommandExecutor.execute(HttpCommandExecutor.java:158)
at org.openqa.selenium.remote.service.DriverCommandExecutor.execute(DriverCommandExecutor.java:83)
at org.openqa.selenium.remote.RemoteWebDriver.execute(RemoteWebDriver.java:548)
at org.openqa.selenium.remote.RemoteWebDriver.findElement(RemoteWebDriver.java:322)
at org.openqa.selenium.remote.RemoteWebDriver.findElementByName(RemoteWebDriver.java:400)
at org.openqa.selenium.By$ByName.findElement(By.java:284)
at org.openqa.selenium.remote.RemoteWebDriver.findElement(RemoteWebDriver.java:314)
at pack.RegistrationPage_NewLoan_PDL.RegistrationPage_NewLoan_PDL(RegistrationPage_NewLoan_PDL.java:407)
at pack.AA_TN_PDL.Newloan_VoidPrePayment(AA_TN_PDL.java:2386)
... Removed 29 stack frames]]>
    </failure>
  </testcase> <!-- Newloan_VoidPrePayment -->
  <testcase name="PartialPayment_ACH_Deposit" time="90.396" classname="pack.AA_TN_PDL">
    <failure type="org.openqa.selenium.NoSuchElementException" message="Unable to find element with name == button (WARNING: The server did not provide any stacktrace information)
Command duration or timeout: 0 milliseconds
For documentation on this error, please visit: http://seleniumhq.org/exceptions/no_such_element.html
Build info: version: &amp;apos;3.14.0&amp;apos;, revision: &amp;apos;aacccce0&amp;apos;, time: &amp;apos;2018-08-02T20:19:58.91Z&amp;apos;
System info: host: &amp;apos;ADMINISTRATOR50&amp;apos;, ip: &amp;apos;10.10.88.51&amp;apos;, os.name: &amp;apos;Windows 8.1&amp;apos;, os.arch: &amp;apos;amd64&amp;apos;, os.version: &amp;apos;6.3&amp;apos;, java.version: &amp;apos;1.8.0_161&amp;apos;
Driver info: org.openqa.selenium.ie.InternetExplorerDriver
Capabilities {browserAttachTimeout: 0, browserName: internet explorer, cssSelectorsEnabled: true, elementScrollBehavior: 0, enableElementCacheCleanup: true, enablePersistentHover: true, handlesAlerts: true, ie.browserCommandLineSwitches: , ie.ensureCleanSession: false, ie.forceCreateProcessApi: false, ie.usePerProcessProxy: false, ignoreProtectedModeSettings: false, ignoreZoomSetting: false, initialBrowserUrl: http://localhost:2062/, javascriptEnabled: true, nativeEvents: true, platform: WINDOWS, platformName: WINDOWS, requireWindowFocus: false, takesScreenshot: true, unexpectedAlertBehaviour: dismiss, unhandledPromptBehavior: dismiss, version: 11}
Session ID: a671f733-90af-4057-a8a8-0120048e52b4
*** Element info: {Using=name, value=button}">
      <![CDATA[org.openqa.selenium.NoSuchElementException: Unable to find element with name == button (WARNING: The server did not provide any stacktrace information)
Command duration or timeout: 0 milliseconds
For documentation on this error, please visit: http://seleniumhq.org/exceptions/no_such_element.html
Build info: version: '3.14.0', revision: 'aacccce0', time: '2018-08-02T20:19:58.91Z'
System info: host: 'ADMINISTRATOR50', ip: '10.10.88.51', os.name: 'Windows 8.1', os.arch: 'amd64', os.version: '6.3', java.version: '1.8.0_161'
Driver info: org.openqa.selenium.ie.InternetExplorerDriver
Capabilities {browserAttachTimeout: 0, browserName: internet explorer, cssSelectorsEnabled: true, elementScrollBehavior: 0, enableElementCacheCleanup: true, enablePersistentHover: true, handlesAlerts: true, ie.browserCommandLineSwitches: , ie.ensureCleanSession: false, ie.forceCreateProcessApi: false, ie.usePerProcessProxy: false, ignoreProtectedModeSettings: false, ignoreZoomSetting: false, initialBrowserUrl: http://localhost:2062/, javascriptEnabled: true, nativeEvents: true, platform: WINDOWS, platformName: WINDOWS, requireWindowFocus: false, takesScreenshot: true, unexpectedAlertBehaviour: dismiss, unhandledPromptBehavior: dismiss, version: 11}
Session ID: a671f733-90af-4057-a8a8-0120048e52b4
*** Element info: {Using=name, value=button}
at org.openqa.selenium.remote.ErrorHandler.createThrowable(ErrorHandler.java:214)
at org.openqa.selenium.remote.ErrorHandler.throwIfResponseFailed(ErrorHandler.java:166)
at org.openqa.selenium.remote.http.JsonHttpResponseCodec.reconstructValue(JsonHttpResponseCodec.java:40)
at org.openqa.selenium.remote.http.AbstractHttpResponseCodec.decode(AbstractHttpResponseCodec.java:80)
at org.openqa.selenium.remote.http.AbstractHttpResponseCodec.decode(AbstractHttpResponseCodec.java:44)
at org.openqa.selenium.remote.HttpCommandExecutor.execute(HttpCommandExecutor.java:158)
at org.openqa.selenium.remote.service.DriverCommandExecutor.execute(DriverCommandExecutor.java:83)
at org.openqa.selenium.remote.RemoteWebDriver.execute(RemoteWebDriver.java:548)
at org.openqa.selenium.remote.RemoteWebDriver.findElement(RemoteWebDriver.java:322)
at org.openqa.selenium.remote.RemoteWebDriver.findElementByName(RemoteWebDriver.java:400)
at org.openqa.selenium.By$ByName.findElement(By.java:284)
at org.openqa.selenium.remote.RemoteWebDriver.findElement(RemoteWebDriver.java:314)
at pack.NewLoan.NewLoan(NewLoan.java:167)
at pack.AA_TN_PDL.PartialPayment_ACH_Deposit(AA_TN_PDL.java:2443)
... Removed 29 stack frames]]>
    </failure>
  </testcase> <!-- PartialPayment_ACH_Deposit -->
  <testcase name="Nacha_ACHDepositProcess_ACHReturn" time="28.725" classname="pack.AA_TN_PDL">
    <failure type="org.openqa.selenium.InvalidElementStateException" message="Element is not enabled (WARNING: The server did not provide any stacktrace information)
Command duration or timeout: 0 milliseconds
Build info: version: &amp;apos;3.14.0&amp;apos;, revision: &amp;apos;aacccce0&amp;apos;, time: &amp;apos;2018-08-02T20:19:58.91Z&amp;apos;
System info: host: &amp;apos;ADMINISTRATOR50&amp;apos;, ip: &amp;apos;10.10.88.51&amp;apos;, os.name: &amp;apos;Windows 8.1&amp;apos;, os.arch: &amp;apos;amd64&amp;apos;, os.version: &amp;apos;6.3&amp;apos;, java.version: &amp;apos;1.8.0_161&amp;apos;
Driver info: org.openqa.selenium.ie.InternetExplorerDriver
Capabilities {browserAttachTimeout: 0, browserName: internet explorer, cssSelectorsEnabled: true, elementScrollBehavior: 0, enableElementCacheCleanup: true, enablePersistentHover: true, handlesAlerts: true, ie.browserCommandLineSwitches: , ie.ensureCleanSession: false, ie.forceCreateProcessApi: false, ie.usePerProcessProxy: false, ignoreProtectedModeSettings: false, ignoreZoomSetting: false, initialBrowserUrl: http://localhost:2062/, javascriptEnabled: true, nativeEvents: true, platform: WINDOWS, platformName: WINDOWS, requireWindowFocus: false, takesScreenshot: true, unexpectedAlertBehaviour: dismiss, unhandledPromptBehavior: dismiss, version: 11}
Session ID: a671f733-90af-4057-a8a8-0120048e52b4">
      <![CDATA[org.openqa.selenium.InvalidElementStateException: Element is not enabled (WARNING: The server did not provide any stacktrace information)
Command duration or timeout: 0 milliseconds
Build info: version: '3.14.0', revision: 'aacccce0', time: '2018-08-02T20:19:58.91Z'
System info: host: 'ADMINISTRATOR50', ip: '10.10.88.51', os.name: 'Windows 8.1', os.arch: 'amd64', os.version: '6.3', java.version: '1.8.0_161'
Driver info: org.openqa.selenium.ie.InternetExplorerDriver
Capabilities {browserAttachTimeout: 0, browserName: internet explorer, cssSelectorsEnabled: true, elementScrollBehavior: 0, enableElementCacheCleanup: true, enablePersistentHover: true, handlesAlerts: true, ie.browserCommandLineSwitches: , ie.ensureCleanSession: false, ie.forceCreateProcessApi: false, ie.usePerProcessProxy: false, ignoreProtectedModeSettings: false, ignoreZoomSetting: false, initialBrowserUrl: http://localhost:2062/, javascriptEnabled: true, nativeEvents: true, platform: WINDOWS, platformName: WINDOWS, requireWindowFocus: false, takesScreenshot: true, unexpectedAlertBehaviour: dismiss, unhandledPromptBehavior: dismiss, version: 11}
Session ID: a671f733-90af-4057-a8a8-0120048e52b4
at org.openqa.selenium.remote.ErrorHandler.createThrowable(ErrorHandler.java:214)
at org.openqa.selenium.remote.ErrorHandler.throwIfResponseFailed(ErrorHandler.java:166)
at org.openqa.selenium.remote.http.JsonHttpResponseCodec.reconstructValue(JsonHttpResponseCodec.java:40)
at org.openqa.selenium.remote.http.AbstractHttpResponseCodec.decode(AbstractHttpResponseCodec.java:80)
at org.openqa.selenium.remote.http.AbstractHttpResponseCodec.decode(AbstractHttpResponseCodec.java:44)
at org.openqa.selenium.remote.HttpCommandExecutor.execute(HttpCommandExecutor.java:158)
at org.openqa.selenium.remote.service.DriverCommandExecutor.execute(DriverCommandExecutor.java:83)
at org.openqa.selenium.remote.RemoteWebDriver.execute(RemoteWebDriver.java:548)
at org.openqa.selenium.remote.RemoteWebElement.execute(RemoteWebElement.java:276)
at org.openqa.selenium.remote.RemoteWebElement.sendKeys(RemoteWebElement.java:100)
at pack.NewLoan.NewLoan(NewLoan.java:153)
at pack.AA_TN_PDL.Nacha_ACHDepositProcess_ACHReturn(AA_TN_PDL.java:2499)
... Removed 29 stack frames]]>
    </failure>
  </testcase> <!-- Nacha_ACHDepositProcess_ACHReturn -->
  <testcase name="ConvertCheckToACHNacha_ACHDepositProcess_ACHReturn" time="43.976" classname="pack.AA_TN_PDL">
    <failure type="org.openqa.selenium.NoSuchElementException" message="Unable to find element with name == ShareScreenBtn (WARNING: The server did not provide any stacktrace information)
Command duration or timeout: 0 milliseconds
For documentation on this error, please visit: http://seleniumhq.org/exceptions/no_such_element.html
Build info: version: &amp;apos;3.14.0&amp;apos;, revision: &amp;apos;aacccce0&amp;apos;, time: &amp;apos;2018-08-02T20:19:58.91Z&amp;apos;
System info: host: &amp;apos;ADMINISTRATOR50&amp;apos;, ip: &amp;apos;10.10.88.51&amp;apos;, os.name: &amp;apos;Windows 8.1&amp;apos;, os.arch: &amp;apos;amd64&amp;apos;, os.version: &amp;apos;6.3&amp;apos;, java.version: &amp;apos;1.8.0_161&amp;apos;
Driver info: org.openqa.selenium.ie.InternetExplorerDriver
Capabilities {browserAttachTimeout: 0, browserName: internet explorer, cssSelectorsEnabled: true, elementScrollBehavior: 0, enableElementCacheCleanup: true, enablePersistentHover: true, handlesAlerts: true, ie.browserCommandLineSwitches: , ie.ensureCleanSession: false, ie.forceCreateProcessApi: false, ie.usePerProcessProxy: false, ignoreProtectedModeSettings: false, ignoreZoomSetting: false, initialBrowserUrl: http://localhost:2062/, javascriptEnabled: true, nativeEvents: true, platform: WINDOWS, platformName: WINDOWS, requireWindowFocus: false, takesScreenshot: true, unexpectedAlertBehaviour: dismiss, unhandledPromptBehavior: dismiss, version: 11}
Session ID: a671f733-90af-4057-a8a8-0120048e52b4
*** Element info: {Using=name, value=ShareScreenBtn}">
      <![CDATA[org.openqa.selenium.NoSuchElementException: Unable to find element with name == ShareScreenBtn (WARNING: The server did not provide any stacktrace information)
Command duration or timeout: 0 milliseconds
For documentation on this error, please visit: http://seleniumhq.org/exceptions/no_such_element.html
Build info: version: '3.14.0', revision: 'aacccce0', time: '2018-08-02T20:19:58.91Z'
System info: host: 'ADMINISTRATOR50', ip: '10.10.88.51', os.name: 'Windows 8.1', os.arch: 'amd64', os.version: '6.3', java.version: '1.8.0_161'
Driver info: org.openqa.selenium.ie.InternetExplorerDriver
Capabilities {browserAttachTimeout: 0, browserName: internet explorer, cssSelectorsEnabled: true, elementScrollBehavior: 0, enableElementCacheCleanup: true, enablePersistentHover: true, handlesAlerts: true, ie.browserCommandLineSwitches: , ie.ensureCleanSession: false, ie.forceCreateProcessApi: false, ie.usePerProcessProxy: false, ignoreProtectedModeSettings: false, ignoreZoomSetting: false, initialBrowserUrl: http://localhost:2062/, javascriptEnabled: true, nativeEvents: true, platform: WINDOWS, platformName: WINDOWS, requireWindowFocus: false, takesScreenshot: true, unexpectedAlertBehaviour: dismiss, unhandledPromptBehavior: dismiss, version: 11}
Session ID: a671f733-90af-4057-a8a8-0120048e52b4
*** Element info: {Using=name, value=ShareScreenBtn}
at org.openqa.selenium.remote.ErrorHandler.createThrowable(ErrorHandler.java:214)
at org.openqa.selenium.remote.ErrorHandler.throwIfResponseFailed(ErrorHandler.java:166)
=======
at org.openqa.selenium.remote.RemoteWebDriver.execute(RemoteWebDriver.java:605)
at org.openqa.selenium.remote.RemoteWebDriver.getScreenshotAs(RemoteWebDriver.java:294)
at pack.AA_FL_PDL.getScreenhot(AA_FL_PDL.java:4386)
at pack.AA_FL_PDL.getResult(AA_FL_PDL.java:4367)
... Removed 32 stack frames]]>
    </failure>
  </testcase> <!-- @AfterMethod getResult -->
  <testcase name="NewLoan_Deposit_Clear_transactions_dropdown" time="40.722" classname="pack.AA_FL_PDL">
    <failure type="org.openqa.selenium.UnhandledAlertException" message="Modal dialog present: Please Select Product
Build info: version: &amp;apos;3.14.0&amp;apos;, revision: &amp;apos;aacccce0&amp;apos;, time: &amp;apos;2018-08-02T20:19:58.91Z&amp;apos;
System info: host: &amp;apos;QTLSYS0-167-PC&amp;apos;, ip: &amp;apos;192.168.0.167&amp;apos;, os.name: &amp;apos;Windows 7&amp;apos;, os.arch: &amp;apos;amd64&amp;apos;, os.version: &amp;apos;6.1&amp;apos;, java.version: &amp;apos;1.8.0_171&amp;apos;
Driver info: org.openqa.selenium.ie.InternetExplorerDriver
Capabilities {browserAttachTimeout: 0, browserName: internet explorer, cssSelectorsEnabled: true, elementScrollBehavior: 0, enableElementCacheCleanup: true, enablePersistentHover: true, handlesAlerts: true, ie.browserCommandLineSwitches: , ie.ensureCleanSession: false, ie.forceCreateProcessApi: false, ie.usePerProcessProxy: false, ignoreProtectedModeSettings: false, ignoreZoomSetting: false, initialBrowserUrl: http://localhost:33072/, javascriptEnabled: true, nativeEvents: true, platform: WINDOWS, platformName: WINDOWS, requireWindowFocus: false, takesScreenshot: true, unexpectedAlertBehaviour: dismiss, unhandledPromptBehavior: dismiss, version: 11}
Session ID: 3e30af5d-3f94-4a58-ab2e-97c2869f13cb">
      <![CDATA[org.openqa.selenium.UnhandledAlertException: Modal dialog present: Please Select Product
Build info: version: '3.14.0', revision: 'aacccce0', time: '2018-08-02T20:19:58.91Z'
System info: host: 'QTLSYS0-167-PC', ip: '192.168.0.167', os.name: 'Windows 7', os.arch: 'amd64', os.version: '6.1', java.version: '1.8.0_171'
Driver info: org.openqa.selenium.ie.InternetExplorerDriver
Capabilities {browserAttachTimeout: 0, browserName: internet explorer, cssSelectorsEnabled: true, elementScrollBehavior: 0, enableElementCacheCleanup: true, enablePersistentHover: true, handlesAlerts: true, ie.browserCommandLineSwitches: , ie.ensureCleanSession: false, ie.forceCreateProcessApi: false, ie.usePerProcessProxy: false, ignoreProtectedModeSettings: false, ignoreZoomSetting: false, initialBrowserUrl: http://localhost:33072/, javascriptEnabled: true, nativeEvents: true, platform: WINDOWS, platformName: WINDOWS, requireWindowFocus: false, takesScreenshot: true, unexpectedAlertBehaviour: dismiss, unhandledPromptBehavior: dismiss, version: 11}
Session ID: 3e30af5d-3f94-4a58-ab2e-97c2869f13cb
at org.openqa.selenium.remote.ErrorHandler.createThrowable(ErrorHandler.java:214)
at org.openqa.selenium.remote.ErrorHandler.createUnhandledAlertException(ErrorHandler.java:195)
at org.openqa.selenium.remote.ErrorHandler.throwIfResponseFailed(ErrorHandler.java:156)
>>>>>>> 99f7b1da04307c058e2d38ab42d6146b465ed3d1
at org.openqa.selenium.remote.http.JsonHttpResponseCodec.reconstructValue(JsonHttpResponseCodec.java:40)
at org.openqa.selenium.remote.http.AbstractHttpResponseCodec.decode(AbstractHttpResponseCodec.java:80)
at org.openqa.selenium.remote.http.AbstractHttpResponseCodec.decode(AbstractHttpResponseCodec.java:44)
at org.openqa.selenium.remote.HttpCommandExecutor.execute(HttpCommandExecutor.java:158)
at org.openqa.selenium.remote.service.DriverCommandExecutor.execute(DriverCommandExecutor.java:83)
at org.openqa.selenium.remote.RemoteWebDriver.execute(RemoteWebDriver.java:548)
<<<<<<< HEAD
at org.openqa.selenium.remote.RemoteWebDriver.findElement(RemoteWebDriver.java:322)
at org.openqa.selenium.remote.RemoteWebDriver.findElementByName(RemoteWebDriver.java:400)
at org.openqa.selenium.By$ByName.findElement(By.java:284)
at org.openqa.selenium.remote.RemoteWebDriver.findElement(RemoteWebDriver.java:314)
at pack.RegistrationPage_NewLoan_PDL.RegistrationPage_NewLoan_PDL(RegistrationPage_NewLoan_PDL.java:407)
at pack.AA_TN_PDL.ConvertCheckToACHNacha_ACHDepositProcess_ACHReturn(AA_TN_PDL.java:2555)
... Removed 29 stack frames]]>
    </failure>
  </testcase> <!-- ConvertCheckToACHNacha_ACHDepositProcess_ACHReturn -->
  <testcase name="Loan_Deposit_PrePayment_Return" time="44.503" classname="pack.AA_TN_PDL">
    <failure type="org.openqa.selenium.NoSuchElementException" message="Unable to find element with name == ShareScreenBtn (WARNING: The server did not provide any stacktrace information)
Command duration or timeout: 0 milliseconds
For documentation on this error, please visit: http://seleniumhq.org/exceptions/no_such_element.html
Build info: version: &amp;apos;3.14.0&amp;apos;, revision: &amp;apos;aacccce0&amp;apos;, time: &amp;apos;2018-08-02T20:19:58.91Z&amp;apos;
System info: host: &amp;apos;ADMINISTRATOR50&amp;apos;, ip: &amp;apos;10.10.88.51&amp;apos;, os.name: &amp;apos;Windows 8.1&amp;apos;, os.arch: &amp;apos;amd64&amp;apos;, os.version: &amp;apos;6.3&amp;apos;, java.version: &amp;apos;1.8.0_161&amp;apos;
Driver info: org.openqa.selenium.ie.InternetExplorerDriver
Capabilities {browserAttachTimeout: 0, browserName: internet explorer, cssSelectorsEnabled: true, elementScrollBehavior: 0, enableElementCacheCleanup: true, enablePersistentHover: true, handlesAlerts: true, ie.browserCommandLineSwitches: , ie.ensureCleanSession: false, ie.forceCreateProcessApi: false, ie.usePerProcessProxy: false, ignoreProtectedModeSettings: false, ignoreZoomSetting: false, initialBrowserUrl: http://localhost:2062/, javascriptEnabled: true, nativeEvents: true, platform: WINDOWS, platformName: WINDOWS, requireWindowFocus: false, takesScreenshot: true, unexpectedAlertBehaviour: dismiss, unhandledPromptBehavior: dismiss, version: 11}
Session ID: a671f733-90af-4057-a8a8-0120048e52b4
*** Element info: {Using=name, value=ShareScreenBtn}">
      <![CDATA[org.openqa.selenium.NoSuchElementException: Unable to find element with name == ShareScreenBtn (WARNING: The server did not provide any stacktrace information)
Command duration or timeout: 0 milliseconds
For documentation on this error, please visit: http://seleniumhq.org/exceptions/no_such_element.html
Build info: version: '3.14.0', revision: 'aacccce0', time: '2018-08-02T20:19:58.91Z'
System info: host: 'ADMINISTRATOR50', ip: '10.10.88.51', os.name: 'Windows 8.1', os.arch: 'amd64', os.version: '6.3', java.version: '1.8.0_161'
Driver info: org.openqa.selenium.ie.InternetExplorerDriver
Capabilities {browserAttachTimeout: 0, browserName: internet explorer, cssSelectorsEnabled: true, elementScrollBehavior: 0, enableElementCacheCleanup: true, enablePersistentHover: true, handlesAlerts: true, ie.browserCommandLineSwitches: , ie.ensureCleanSession: false, ie.forceCreateProcessApi: false, ie.usePerProcessProxy: false, ignoreProtectedModeSettings: false, ignoreZoomSetting: false, initialBrowserUrl: http://localhost:2062/, javascriptEnabled: true, nativeEvents: true, platform: WINDOWS, platformName: WINDOWS, requireWindowFocus: false, takesScreenshot: true, unexpectedAlertBehaviour: dismiss, unhandledPromptBehavior: dismiss, version: 11}
Session ID: a671f733-90af-4057-a8a8-0120048e52b4
*** Element info: {Using=name, value=ShareScreenBtn}
at org.openqa.selenium.remote.ErrorHandler.createThrowable(ErrorHandler.java:214)
at org.openqa.selenium.remote.ErrorHandler.throwIfResponseFailed(ErrorHandler.java:166)
at org.openqa.selenium.remote.http.JsonHttpResponseCodec.reconstructValue(JsonHttpResponseCodec.java:40)
at org.openqa.selenium.remote.http.AbstractHttpResponseCodec.decode(AbstractHttpResponseCodec.java:80)
at org.openqa.selenium.remote.http.AbstractHttpResponseCodec.decode(AbstractHttpResponseCodec.java:44)
at org.openqa.selenium.remote.HttpCommandExecutor.execute(HttpCommandExecutor.java:158)
at org.openqa.selenium.remote.service.DriverCommandExecutor.execute(DriverCommandExecutor.java:83)
at org.openqa.selenium.remote.RemoteWebDriver.execute(RemoteWebDriver.java:548)
at org.openqa.selenium.remote.RemoteWebDriver.findElement(RemoteWebDriver.java:322)
at org.openqa.selenium.remote.RemoteWebDriver.findElementByName(RemoteWebDriver.java:400)
at org.openqa.selenium.By$ByName.findElement(By.java:284)
at org.openqa.selenium.remote.RemoteWebDriver.findElement(RemoteWebDriver.java:314)
at pack.RegistrationPage_NewLoan_PDL.RegistrationPage_NewLoan_PDL(RegistrationPage_NewLoan_PDL.java:407)
at pack.AA_TN_PDL.Loan_Deposit_PrePayment_Return(AA_TN_PDL.java:2616)
... Removed 28 stack frames]]>
    </failure>
  </testcase> <!-- Loan_Deposit_PrePayment_Return -->
  <testcase name="LoanwithCheck_Deposit_ReturnwithoutR01R09_FutureDepositNotposted" time="57.109" classname="pack.AA_TN_PDL">
    <failure type="org.openqa.selenium.NoSuchElementException" message="Unable to find element with name == ShareScreenBtn (WARNING: The server did not provide any stacktrace information)
Command duration or timeout: 0 milliseconds
For documentation on this error, please visit: http://seleniumhq.org/exceptions/no_such_element.html
Build info: version: &amp;apos;3.14.0&amp;apos;, revision: &amp;apos;aacccce0&amp;apos;, time: &amp;apos;2018-08-02T20:19:58.91Z&amp;apos;
System info: host: &amp;apos;ADMINISTRATOR50&amp;apos;, ip: &amp;apos;10.10.88.51&amp;apos;, os.name: &amp;apos;Windows 8.1&amp;apos;, os.arch: &amp;apos;amd64&amp;apos;, os.version: &amp;apos;6.3&amp;apos;, java.version: &amp;apos;1.8.0_161&amp;apos;
Driver info: org.openqa.selenium.ie.InternetExplorerDriver
Capabilities {browserAttachTimeout: 0, browserName: internet explorer, cssSelectorsEnabled: true, elementScrollBehavior: 0, enableElementCacheCleanup: true, enablePersistentHover: true, handlesAlerts: true, ie.browserCommandLineSwitches: , ie.ensureCleanSession: false, ie.forceCreateProcessApi: false, ie.usePerProcessProxy: false, ignoreProtectedModeSettings: false, ignoreZoomSetting: false, initialBrowserUrl: http://localhost:2062/, javascriptEnabled: true, nativeEvents: true, platform: WINDOWS, platformName: WINDOWS, requireWindowFocus: false, takesScreenshot: true, unexpectedAlertBehaviour: dismiss, unhandledPromptBehavior: dismiss, version: 11}
Session ID: a671f733-90af-4057-a8a8-0120048e52b4
*** Element info: {Using=name, value=ShareScreenBtn}">
      <![CDATA[org.openqa.selenium.NoSuchElementException: Unable to find element with name == ShareScreenBtn (WARNING: The server did not provide any stacktrace information)
Command duration or timeout: 0 milliseconds
For documentation on this error, please visit: http://seleniumhq.org/exceptions/no_such_element.html
Build info: version: '3.14.0', revision: 'aacccce0', time: '2018-08-02T20:19:58.91Z'
System info: host: 'ADMINISTRATOR50', ip: '10.10.88.51', os.name: 'Windows 8.1', os.arch: 'amd64', os.version: '6.3', java.version: '1.8.0_161'
Driver info: org.openqa.selenium.ie.InternetExplorerDriver
Capabilities {browserAttachTimeout: 0, browserName: internet explorer, cssSelectorsEnabled: true, elementScrollBehavior: 0, enableElementCacheCleanup: true, enablePersistentHover: true, handlesAlerts: true, ie.browserCommandLineSwitches: , ie.ensureCleanSession: false, ie.forceCreateProcessApi: false, ie.usePerProcessProxy: false, ignoreProtectedModeSettings: false, ignoreZoomSetting: false, initialBrowserUrl: http://localhost:2062/, javascriptEnabled: true, nativeEvents: true, platform: WINDOWS, platformName: WINDOWS, requireWindowFocus: false, takesScreenshot: true, unexpectedAlertBehaviour: dismiss, unhandledPromptBehavior: dismiss, version: 11}
Session ID: a671f733-90af-4057-a8a8-0120048e52b4
*** Element info: {Using=name, value=ShareScreenBtn}
at org.openqa.selenium.remote.ErrorHandler.createThrowable(ErrorHandler.java:214)
at org.openqa.selenium.remote.ErrorHandler.throwIfResponseFailed(ErrorHandler.java:166)
at org.openqa.selenium.remote.http.JsonHttpResponseCodec.reconstructValue(JsonHttpResponseCodec.java:40)
at org.openqa.selenium.remote.http.AbstractHttpResponseCodec.decode(AbstractHttpResponseCodec.java:80)
at org.openqa.selenium.remote.http.AbstractHttpResponseCodec.decode(AbstractHttpResponseCodec.java:44)
at org.openqa.selenium.remote.HttpCommandExecutor.execute(HttpCommandExecutor.java:158)
at org.openqa.selenium.remote.service.DriverCommandExecutor.execute(DriverCommandExecutor.java:83)
at org.openqa.selenium.remote.RemoteWebDriver.execute(RemoteWebDriver.java:548)
at org.openqa.selenium.remote.RemoteWebDriver.findElement(RemoteWebDriver.java:322)
at org.openqa.selenium.remote.RemoteWebDriver.findElementByName(RemoteWebDriver.java:400)
at org.openqa.selenium.By$ByName.findElement(By.java:284)
at org.openqa.selenium.remote.RemoteWebDriver.findElement(RemoteWebDriver.java:314)
at pack.RegistrationPage_NewLoan_PDL.RegistrationPage_NewLoan_PDL(RegistrationPage_NewLoan_PDL.java:407)
at pack.AA_TN_PDL.LoanwithCheck_Deposit_ReturnwithoutR01R09_FutureDepositNotposted(AA_TN_PDL.java:2684)
... Removed 28 stack frames]]>
    </failure>
  </testcase> <!-- LoanwithCheck_Deposit_ReturnwithoutR01R09_FutureDepositNotposted -->
  <testcase name="LoanwithACH_NACHA_ACHDepProc_ProcessClear" time="57.29" classname="pack.AA_TN_PDL">
    <failure type="org.openqa.selenium.NoSuchElementException" message="Unable to find element with name == ShareScreenBtn (WARNING: The server did not provide any stacktrace information)
Command duration or timeout: 0 milliseconds
For documentation on this error, please visit: http://seleniumhq.org/exceptions/no_such_element.html
Build info: version: &amp;apos;3.14.0&amp;apos;, revision: &amp;apos;aacccce0&amp;apos;, time: &amp;apos;2018-08-02T20:19:58.91Z&amp;apos;
System info: host: &amp;apos;ADMINISTRATOR50&amp;apos;, ip: &amp;apos;10.10.88.51&amp;apos;, os.name: &amp;apos;Windows 8.1&amp;apos;, os.arch: &amp;apos;amd64&amp;apos;, os.version: &amp;apos;6.3&amp;apos;, java.version: &amp;apos;1.8.0_161&amp;apos;
Driver info: org.openqa.selenium.ie.InternetExplorerDriver
Capabilities {browserAttachTimeout: 0, browserName: internet explorer, cssSelectorsEnabled: true, elementScrollBehavior: 0, enableElementCacheCleanup: true, enablePersistentHover: true, handlesAlerts: true, ie.browserCommandLineSwitches: , ie.ensureCleanSession: false, ie.forceCreateProcessApi: false, ie.usePerProcessProxy: false, ignoreProtectedModeSettings: false, ignoreZoomSetting: false, initialBrowserUrl: http://localhost:2062/, javascriptEnabled: true, nativeEvents: true, platform: WINDOWS, platformName: WINDOWS, requireWindowFocus: false, takesScreenshot: true, unexpectedAlertBehaviour: dismiss, unhandledPromptBehavior: dismiss, version: 11}
Session ID: a671f733-90af-4057-a8a8-0120048e52b4
*** Element info: {Using=name, value=ShareScreenBtn}">
      <![CDATA[org.openqa.selenium.NoSuchElementException: Unable to find element with name == ShareScreenBtn (WARNING: The server did not provide any stacktrace information)
Command duration or timeout: 0 milliseconds
For documentation on this error, please visit: http://seleniumhq.org/exceptions/no_such_element.html
Build info: version: '3.14.0', revision: 'aacccce0', time: '2018-08-02T20:19:58.91Z'
System info: host: 'ADMINISTRATOR50', ip: '10.10.88.51', os.name: 'Windows 8.1', os.arch: 'amd64', os.version: '6.3', java.version: '1.8.0_161'
Driver info: org.openqa.selenium.ie.InternetExplorerDriver
Capabilities {browserAttachTimeout: 0, browserName: internet explorer, cssSelectorsEnabled: true, elementScrollBehavior: 0, enableElementCacheCleanup: true, enablePersistentHover: true, handlesAlerts: true, ie.browserCommandLineSwitches: , ie.ensureCleanSession: false, ie.forceCreateProcessApi: false, ie.usePerProcessProxy: false, ignoreProtectedModeSettings: false, ignoreZoomSetting: false, initialBrowserUrl: http://localhost:2062/, javascriptEnabled: true, nativeEvents: true, platform: WINDOWS, platformName: WINDOWS, requireWindowFocus: false, takesScreenshot: true, unexpectedAlertBehaviour: dismiss, unhandledPromptBehavior: dismiss, version: 11}
Session ID: a671f733-90af-4057-a8a8-0120048e52b4
*** Element info: {Using=name, value=ShareScreenBtn}
=======
at org.openqa.selenium.remote.RemoteWebDriver.execute(RemoteWebDriver.java:605)
at org.openqa.selenium.remote.RemoteWebDriver.getWindowHandles(RemoteWebDriver.java:456)
at pack.NewLoan_product.NewLoan_product(NewLoan_product.java:186)
at pack.AA_FL_PDL.NewLoan_Deposit_Clear_transactions_dropdown(AA_FL_PDL.java:3807)
... Removed 29 stack frames]]>
    </failure>
  </testcase> <!-- NewLoan_Deposit_Clear_transactions_dropdown -->
  <testcase name="NewLoan_Deposit_Clear_prepayment_clear_refund" time="4.619" classname="pack.AA_FL_PDL">
    <failure type="org.openqa.selenium.NoSuchWindowException" message="Unable to get browser (WARNING: The server did not provide any stacktrace information)
Command duration or timeout: 0 milliseconds
Build info: version: &amp;apos;3.14.0&amp;apos;, revision: &amp;apos;aacccce0&amp;apos;, time: &amp;apos;2018-08-02T20:19:58.91Z&amp;apos;
System info: host: &amp;apos;QTLSYS0-167-PC&amp;apos;, ip: &amp;apos;192.168.0.167&amp;apos;, os.name: &amp;apos;Windows 7&amp;apos;, os.arch: &amp;apos;amd64&amp;apos;, os.version: &amp;apos;6.1&amp;apos;, java.version: &amp;apos;1.8.0_171&amp;apos;
Driver info: org.openqa.selenium.ie.InternetExplorerDriver
Capabilities {browserAttachTimeout: 0, browserName: internet explorer, cssSelectorsEnabled: true, elementScrollBehavior: 0, enableElementCacheCleanup: true, enablePersistentHover: true, handlesAlerts: true, ie.browserCommandLineSwitches: , ie.ensureCleanSession: false, ie.forceCreateProcessApi: false, ie.usePerProcessProxy: false, ignoreProtectedModeSettings: false, ignoreZoomSetting: false, initialBrowserUrl: http://localhost:33072/, javascriptEnabled: true, nativeEvents: true, platform: WINDOWS, platformName: WINDOWS, requireWindowFocus: false, takesScreenshot: true, unexpectedAlertBehaviour: dismiss, unhandledPromptBehavior: dismiss, version: 11}
Session ID: 3e30af5d-3f94-4a58-ab2e-97c2869f13cb">
      <![CDATA[org.openqa.selenium.NoSuchWindowException: Unable to get browser (WARNING: The server did not provide any stacktrace information)
Command duration or timeout: 0 milliseconds
Build info: version: '3.14.0', revision: 'aacccce0', time: '2018-08-02T20:19:58.91Z'
System info: host: 'QTLSYS0-167-PC', ip: '192.168.0.167', os.name: 'Windows 7', os.arch: 'amd64', os.version: '6.1', java.version: '1.8.0_171'
Driver info: org.openqa.selenium.ie.InternetExplorerDriver
Capabilities {browserAttachTimeout: 0, browserName: internet explorer, cssSelectorsEnabled: true, elementScrollBehavior: 0, enableElementCacheCleanup: true, enablePersistentHover: true, handlesAlerts: true, ie.browserCommandLineSwitches: , ie.ensureCleanSession: false, ie.forceCreateProcessApi: false, ie.usePerProcessProxy: false, ignoreProtectedModeSettings: false, ignoreZoomSetting: false, initialBrowserUrl: http://localhost:33072/, javascriptEnabled: true, nativeEvents: true, platform: WINDOWS, platformName: WINDOWS, requireWindowFocus: false, takesScreenshot: true, unexpectedAlertBehaviour: dismiss, unhandledPromptBehavior: dismiss, version: 11}
Session ID: 3e30af5d-3f94-4a58-ab2e-97c2869f13cb
>>>>>>> 99f7b1da04307c058e2d38ab42d6146b465ed3d1
at org.openqa.selenium.remote.ErrorHandler.createThrowable(ErrorHandler.java:214)
at org.openqa.selenium.remote.ErrorHandler.throwIfResponseFailed(ErrorHandler.java:166)
at org.openqa.selenium.remote.http.JsonHttpResponseCodec.reconstructValue(JsonHttpResponseCodec.java:40)
at org.openqa.selenium.remote.http.AbstractHttpResponseCodec.decode(AbstractHttpResponseCodec.java:80)
at org.openqa.selenium.remote.http.AbstractHttpResponseCodec.decode(AbstractHttpResponseCodec.java:44)
at org.openqa.selenium.remote.HttpCommandExecutor.execute(HttpCommandExecutor.java:158)
at org.openqa.selenium.remote.service.DriverCommandExecutor.execute(DriverCommandExecutor.java:83)
at org.openqa.selenium.remote.RemoteWebDriver.execute(RemoteWebDriver.java:548)
<<<<<<< HEAD
at org.openqa.selenium.remote.RemoteWebDriver.findElement(RemoteWebDriver.java:322)
at org.openqa.selenium.remote.RemoteWebDriver.findElementByName(RemoteWebDriver.java:400)
at org.openqa.selenium.By$ByName.findElement(By.java:284)
at org.openqa.selenium.remote.RemoteWebDriver.findElement(RemoteWebDriver.java:314)
at pack.RegistrationPage_NewLoan_PDL.RegistrationPage_NewLoan_PDL(RegistrationPage_NewLoan_PDL.java:407)
at pack.AA_TN_PDL.LoanwithACH_NACHA_ACHDepProc_ProcessClear(AA_TN_PDL.java:2743)
... Removed 28 stack frames]]>
    </failure>
  </testcase> <!-- LoanwithACH_NACHA_ACHDepProc_ProcessClear -->
  <testcase name="NewLoan_PreNoteDeposit_PreNoteClear" time="57.541" classname="pack.AA_TN_PDL">
    <failure type="org.openqa.selenium.NoSuchElementException" message="Unable to find element with name == ShareScreenBtn (WARNING: The server did not provide any stacktrace information)
Command duration or timeout: 0 milliseconds
For documentation on this error, please visit: http://seleniumhq.org/exceptions/no_such_element.html
Build info: version: &amp;apos;3.14.0&amp;apos;, revision: &amp;apos;aacccce0&amp;apos;, time: &amp;apos;2018-08-02T20:19:58.91Z&amp;apos;
System info: host: &amp;apos;ADMINISTRATOR50&amp;apos;, ip: &amp;apos;10.10.88.51&amp;apos;, os.name: &amp;apos;Windows 8.1&amp;apos;, os.arch: &amp;apos;amd64&amp;apos;, os.version: &amp;apos;6.3&amp;apos;, java.version: &amp;apos;1.8.0_161&amp;apos;
Driver info: org.openqa.selenium.ie.InternetExplorerDriver
Capabilities {browserAttachTimeout: 0, browserName: internet explorer, cssSelectorsEnabled: true, elementScrollBehavior: 0, enableElementCacheCleanup: true, enablePersistentHover: true, handlesAlerts: true, ie.browserCommandLineSwitches: , ie.ensureCleanSession: false, ie.forceCreateProcessApi: false, ie.usePerProcessProxy: false, ignoreProtectedModeSettings: false, ignoreZoomSetting: false, initialBrowserUrl: http://localhost:2062/, javascriptEnabled: true, nativeEvents: true, platform: WINDOWS, platformName: WINDOWS, requireWindowFocus: false, takesScreenshot: true, unexpectedAlertBehaviour: dismiss, unhandledPromptBehavior: dismiss, version: 11}
Session ID: a671f733-90af-4057-a8a8-0120048e52b4
*** Element info: {Using=name, value=ShareScreenBtn}">
      <![CDATA[org.openqa.selenium.NoSuchElementException: Unable to find element with name == ShareScreenBtn (WARNING: The server did not provide any stacktrace information)
Command duration or timeout: 0 milliseconds
For documentation on this error, please visit: http://seleniumhq.org/exceptions/no_such_element.html
Build info: version: '3.14.0', revision: 'aacccce0', time: '2018-08-02T20:19:58.91Z'
System info: host: 'ADMINISTRATOR50', ip: '10.10.88.51', os.name: 'Windows 8.1', os.arch: 'amd64', os.version: '6.3', java.version: '1.8.0_161'
Driver info: org.openqa.selenium.ie.InternetExplorerDriver
Capabilities {browserAttachTimeout: 0, browserName: internet explorer, cssSelectorsEnabled: true, elementScrollBehavior: 0, enableElementCacheCleanup: true, enablePersistentHover: true, handlesAlerts: true, ie.browserCommandLineSwitches: , ie.ensureCleanSession: false, ie.forceCreateProcessApi: false, ie.usePerProcessProxy: false, ignoreProtectedModeSettings: false, ignoreZoomSetting: false, initialBrowserUrl: http://localhost:2062/, javascriptEnabled: true, nativeEvents: true, platform: WINDOWS, platformName: WINDOWS, requireWindowFocus: false, takesScreenshot: true, unexpectedAlertBehaviour: dismiss, unhandledPromptBehavior: dismiss, version: 11}
Session ID: a671f733-90af-4057-a8a8-0120048e52b4
*** Element info: {Using=name, value=ShareScreenBtn}
at org.openqa.selenium.remote.ErrorHandler.createThrowable(ErrorHandler.java:214)
at org.openqa.selenium.remote.ErrorHandler.throwIfResponseFailed(ErrorHandler.java:166)
at org.openqa.selenium.remote.http.JsonHttpResponseCodec.reconstructValue(JsonHttpResponseCodec.java:40)
at org.openqa.selenium.remote.http.AbstractHttpResponseCodec.decode(AbstractHttpResponseCodec.java:80)
at org.openqa.selenium.remote.http.AbstractHttpResponseCodec.decode(AbstractHttpResponseCodec.java:44)
at org.openqa.selenium.remote.HttpCommandExecutor.execute(HttpCommandExecutor.java:158)
at org.openqa.selenium.remote.service.DriverCommandExecutor.execute(DriverCommandExecutor.java:83)
at org.openqa.selenium.remote.RemoteWebDriver.execute(RemoteWebDriver.java:548)
at org.openqa.selenium.remote.RemoteWebDriver.findElement(RemoteWebDriver.java:322)
at org.openqa.selenium.remote.RemoteWebDriver.findElementByName(RemoteWebDriver.java:400)
at org.openqa.selenium.By$ByName.findElement(By.java:284)
at org.openqa.selenium.remote.RemoteWebDriver.findElement(RemoteWebDriver.java:314)
at pack.RegistrationPage_NewLoan_PDL.RegistrationPage_NewLoan_PDL(RegistrationPage_NewLoan_PDL.java:407)
at pack.AA_TN_PDL.NewLoan_PreNoteDeposit_PreNoteClear(AA_TN_PDL.java:2806)
... Removed 28 stack frames]]>
    </failure>
  </testcase> <!-- NewLoan_PreNoteDeposit_PreNoteClear -->
  <testcase name="LoanwithCheck_ConverttoACH_ACHDepproc_ProcClear" time="57.233" classname="pack.AA_TN_PDL">
    <failure type="org.openqa.selenium.NoSuchElementException" message="Unable to find element with name == ShareScreenBtn (WARNING: The server did not provide any stacktrace information)
Command duration or timeout: 0 milliseconds
For documentation on this error, please visit: http://seleniumhq.org/exceptions/no_such_element.html
Build info: version: &amp;apos;3.14.0&amp;apos;, revision: &amp;apos;aacccce0&amp;apos;, time: &amp;apos;2018-08-02T20:19:58.91Z&amp;apos;
System info: host: &amp;apos;ADMINISTRATOR50&amp;apos;, ip: &amp;apos;10.10.88.51&amp;apos;, os.name: &amp;apos;Windows 8.1&amp;apos;, os.arch: &amp;apos;amd64&amp;apos;, os.version: &amp;apos;6.3&amp;apos;, java.version: &amp;apos;1.8.0_161&amp;apos;
Driver info: org.openqa.selenium.ie.InternetExplorerDriver
Capabilities {browserAttachTimeout: 0, browserName: internet explorer, cssSelectorsEnabled: true, elementScrollBehavior: 0, enableElementCacheCleanup: true, enablePersistentHover: true, handlesAlerts: true, ie.browserCommandLineSwitches: , ie.ensureCleanSession: false, ie.forceCreateProcessApi: false, ie.usePerProcessProxy: false, ignoreProtectedModeSettings: false, ignoreZoomSetting: false, initialBrowserUrl: http://localhost:2062/, javascriptEnabled: true, nativeEvents: true, platform: WINDOWS, platformName: WINDOWS, requireWindowFocus: false, takesScreenshot: true, unexpectedAlertBehaviour: dismiss, unhandledPromptBehavior: dismiss, version: 11}
Session ID: a671f733-90af-4057-a8a8-0120048e52b4
*** Element info: {Using=name, value=ShareScreenBtn}">
      <![CDATA[org.openqa.selenium.NoSuchElementException: Unable to find element with name == ShareScreenBtn (WARNING: The server did not provide any stacktrace information)
Command duration or timeout: 0 milliseconds
For documentation on this error, please visit: http://seleniumhq.org/exceptions/no_such_element.html
Build info: version: '3.14.0', revision: 'aacccce0', time: '2018-08-02T20:19:58.91Z'
System info: host: 'ADMINISTRATOR50', ip: '10.10.88.51', os.name: 'Windows 8.1', os.arch: 'amd64', os.version: '6.3', java.version: '1.8.0_161'
Driver info: org.openqa.selenium.ie.InternetExplorerDriver
Capabilities {browserAttachTimeout: 0, browserName: internet explorer, cssSelectorsEnabled: true, elementScrollBehavior: 0, enableElementCacheCleanup: true, enablePersistentHover: true, handlesAlerts: true, ie.browserCommandLineSwitches: , ie.ensureCleanSession: false, ie.forceCreateProcessApi: false, ie.usePerProcessProxy: false, ignoreProtectedModeSettings: false, ignoreZoomSetting: false, initialBrowserUrl: http://localhost:2062/, javascriptEnabled: true, nativeEvents: true, platform: WINDOWS, platformName: WINDOWS, requireWindowFocus: false, takesScreenshot: true, unexpectedAlertBehaviour: dismiss, unhandledPromptBehavior: dismiss, version: 11}
Session ID: a671f733-90af-4057-a8a8-0120048e52b4
*** Element info: {Using=name, value=ShareScreenBtn}
at org.openqa.selenium.remote.ErrorHandler.createThrowable(ErrorHandler.java:214)
at org.openqa.selenium.remote.ErrorHandler.throwIfResponseFailed(ErrorHandler.java:166)
at org.openqa.selenium.remote.http.JsonHttpResponseCodec.reconstructValue(JsonHttpResponseCodec.java:40)
at org.openqa.selenium.remote.http.AbstractHttpResponseCodec.decode(AbstractHttpResponseCodec.java:80)
at org.openqa.selenium.remote.http.AbstractHttpResponseCodec.decode(AbstractHttpResponseCodec.java:44)
at org.openqa.selenium.remote.HttpCommandExecutor.execute(HttpCommandExecutor.java:158)
at org.openqa.selenium.remote.service.DriverCommandExecutor.execute(DriverCommandExecutor.java:83)
at org.openqa.selenium.remote.RemoteWebDriver.execute(RemoteWebDriver.java:548)
at org.openqa.selenium.remote.RemoteWebDriver.findElement(RemoteWebDriver.java:322)
at org.openqa.selenium.remote.RemoteWebDriver.findElementByName(RemoteWebDriver.java:400)
at org.openqa.selenium.By$ByName.findElement(By.java:284)
at org.openqa.selenium.remote.RemoteWebDriver.findElement(RemoteWebDriver.java:314)
at pack.RegistrationPage_NewLoan_PDL.RegistrationPage_NewLoan_PDL(RegistrationPage_NewLoan_PDL.java:407)
at pack.AA_TN_PDL.LoanwithCheck_ConverttoACH_ACHDepproc_ProcClear(AA_TN_PDL.java:2857)
... Removed 28 stack frames]]>
    </failure>
  </testcase> <!-- LoanwithCheck_ConverttoACH_ACHDepproc_ProcClear -->
  <testcase name="Loan_Agestoreduedate_performdepositPrepayment_agestore_ProcessClear" time="57.386" classname="pack.AA_TN_PDL">
    <failure type="org.openqa.selenium.NoSuchElementException" message="Unable to find element with name == ShareScreenBtn (WARNING: The server did not provide any stacktrace information)
Command duration or timeout: 0 milliseconds
For documentation on this error, please visit: http://seleniumhq.org/exceptions/no_such_element.html
Build info: version: &amp;apos;3.14.0&amp;apos;, revision: &amp;apos;aacccce0&amp;apos;, time: &amp;apos;2018-08-02T20:19:58.91Z&amp;apos;
System info: host: &amp;apos;ADMINISTRATOR50&amp;apos;, ip: &amp;apos;10.10.88.51&amp;apos;, os.name: &amp;apos;Windows 8.1&amp;apos;, os.arch: &amp;apos;amd64&amp;apos;, os.version: &amp;apos;6.3&amp;apos;, java.version: &amp;apos;1.8.0_161&amp;apos;
Driver info: org.openqa.selenium.ie.InternetExplorerDriver
Capabilities {browserAttachTimeout: 0, browserName: internet explorer, cssSelectorsEnabled: true, elementScrollBehavior: 0, enableElementCacheCleanup: true, enablePersistentHover: true, handlesAlerts: true, ie.browserCommandLineSwitches: , ie.ensureCleanSession: false, ie.forceCreateProcessApi: false, ie.usePerProcessProxy: false, ignoreProtectedModeSettings: false, ignoreZoomSetting: false, initialBrowserUrl: http://localhost:2062/, javascriptEnabled: true, nativeEvents: true, platform: WINDOWS, platformName: WINDOWS, requireWindowFocus: false, takesScreenshot: true, unexpectedAlertBehaviour: dismiss, unhandledPromptBehavior: dismiss, version: 11}
Session ID: a671f733-90af-4057-a8a8-0120048e52b4
*** Element info: {Using=name, value=ShareScreenBtn}">
      <![CDATA[org.openqa.selenium.NoSuchElementException: Unable to find element with name == ShareScreenBtn (WARNING: The server did not provide any stacktrace information)
Command duration or timeout: 0 milliseconds
For documentation on this error, please visit: http://seleniumhq.org/exceptions/no_such_element.html
Build info: version: '3.14.0', revision: 'aacccce0', time: '2018-08-02T20:19:58.91Z'
System info: host: 'ADMINISTRATOR50', ip: '10.10.88.51', os.name: 'Windows 8.1', os.arch: 'amd64', os.version: '6.3', java.version: '1.8.0_161'
Driver info: org.openqa.selenium.ie.InternetExplorerDriver
Capabilities {browserAttachTimeout: 0, browserName: internet explorer, cssSelectorsEnabled: true, elementScrollBehavior: 0, enableElementCacheCleanup: true, enablePersistentHover: true, handlesAlerts: true, ie.browserCommandLineSwitches: , ie.ensureCleanSession: false, ie.forceCreateProcessApi: false, ie.usePerProcessProxy: false, ignoreProtectedModeSettings: false, ignoreZoomSetting: false, initialBrowserUrl: http://localhost:2062/, javascriptEnabled: true, nativeEvents: true, platform: WINDOWS, platformName: WINDOWS, requireWindowFocus: false, takesScreenshot: true, unexpectedAlertBehaviour: dismiss, unhandledPromptBehavior: dismiss, version: 11}
Session ID: a671f733-90af-4057-a8a8-0120048e52b4
*** Element info: {Using=name, value=ShareScreenBtn}
at org.openqa.selenium.remote.ErrorHandler.createThrowable(ErrorHandler.java:214)
at org.openqa.selenium.remote.ErrorHandler.throwIfResponseFailed(ErrorHandler.java:166)
at org.openqa.selenium.remote.http.JsonHttpResponseCodec.reconstructValue(JsonHttpResponseCodec.java:40)
at org.openqa.selenium.remote.http.AbstractHttpResponseCodec.decode(AbstractHttpResponseCodec.java:80)
at org.openqa.selenium.remote.http.AbstractHttpResponseCodec.decode(AbstractHttpResponseCodec.java:44)
at org.openqa.selenium.remote.HttpCommandExecutor.execute(HttpCommandExecutor.java:158)
at org.openqa.selenium.remote.service.DriverCommandExecutor.execute(DriverCommandExecutor.java:83)
at org.openqa.selenium.remote.RemoteWebDriver.execute(RemoteWebDriver.java:548)
at org.openqa.selenium.remote.RemoteWebDriver.findElement(RemoteWebDriver.java:322)
at org.openqa.selenium.remote.RemoteWebDriver.findElementByName(RemoteWebDriver.java:400)
at org.openqa.selenium.By$ByName.findElement(By.java:284)
at org.openqa.selenium.remote.RemoteWebDriver.findElement(RemoteWebDriver.java:314)
at pack.RegistrationPage_NewLoan_PDL.RegistrationPage_NewLoan_PDL(RegistrationPage_NewLoan_PDL.java:407)
at pack.AA_TN_PDL.Loan_Agestoreduedate_performdepositPrepayment_agestore_ProcessClear(AA_TN_PDL.java:2914)
... Removed 28 stack frames]]>
    </failure>
  </testcase> <!-- Loan_Agestoreduedate_performdepositPrepayment_agestore_ProcessClear -->
  <testcase name="NewLoan_Perform_EPP" time="23.41" classname="pack.AA_TN_PDL">
    <failure type="org.openqa.selenium.UnhandledAlertException" message="Modal dialog present: SSN must be 9 Digits
Build info: version: &amp;apos;3.14.0&amp;apos;, revision: &amp;apos;aacccce0&amp;apos;, time: &amp;apos;2018-08-02T20:19:58.91Z&amp;apos;
System info: host: &amp;apos;ADMINISTRATOR50&amp;apos;, ip: &amp;apos;10.10.88.51&amp;apos;, os.name: &amp;apos;Windows 8.1&amp;apos;, os.arch: &amp;apos;amd64&amp;apos;, os.version: &amp;apos;6.3&amp;apos;, java.version: &amp;apos;1.8.0_161&amp;apos;
Driver info: org.openqa.selenium.ie.InternetExplorerDriver
Capabilities {browserAttachTimeout: 0, browserName: internet explorer, cssSelectorsEnabled: true, elementScrollBehavior: 0, enableElementCacheCleanup: true, enablePersistentHover: true, handlesAlerts: true, ie.browserCommandLineSwitches: , ie.ensureCleanSession: false, ie.forceCreateProcessApi: false, ie.usePerProcessProxy: false, ignoreProtectedModeSettings: false, ignoreZoomSetting: false, initialBrowserUrl: http://localhost:2062/, javascriptEnabled: true, nativeEvents: true, platform: WINDOWS, platformName: WINDOWS, requireWindowFocus: false, takesScreenshot: true, unexpectedAlertBehaviour: dismiss, unhandledPromptBehavior: dismiss, version: 11}
Session ID: a671f733-90af-4057-a8a8-0120048e52b4
*** Element info: {Using=name, value=ssn5}">
      <![CDATA[org.openqa.selenium.UnhandledAlertException: Modal dialog present: SSN must be 9 Digits
Build info: version: '3.14.0', revision: 'aacccce0', time: '2018-08-02T20:19:58.91Z'
System info: host: 'ADMINISTRATOR50', ip: '10.10.88.51', os.name: 'Windows 8.1', os.arch: 'amd64', os.version: '6.3', java.version: '1.8.0_161'
Driver info: org.openqa.selenium.ie.InternetExplorerDriver
Capabilities {browserAttachTimeout: 0, browserName: internet explorer, cssSelectorsEnabled: true, elementScrollBehavior: 0, enableElementCacheCleanup: true, enablePersistentHover: true, handlesAlerts: true, ie.browserCommandLineSwitches: , ie.ensureCleanSession: false, ie.forceCreateProcessApi: false, ie.usePerProcessProxy: false, ignoreProtectedModeSettings: false, ignoreZoomSetting: false, initialBrowserUrl: http://localhost:2062/, javascriptEnabled: true, nativeEvents: true, platform: WINDOWS, platformName: WINDOWS, requireWindowFocus: false, takesScreenshot: true, unexpectedAlertBehaviour: dismiss, unhandledPromptBehavior: dismiss, version: 11}
Session ID: a671f733-90af-4057-a8a8-0120048e52b4
*** Element info: {Using=name, value=ssn5}
at org.openqa.selenium.remote.ErrorHandler.createThrowable(ErrorHandler.java:214)
at org.openqa.selenium.remote.ErrorHandler.createUnhandledAlertException(ErrorHandler.java:195)
at org.openqa.selenium.remote.ErrorHandler.throwIfResponseFailed(ErrorHandler.java:156)
at org.openqa.selenium.remote.http.JsonHttpResponseCodec.reconstructValue(JsonHttpResponseCodec.java:40)
at org.openqa.selenium.remote.http.AbstractHttpResponseCodec.decode(AbstractHttpResponseCodec.java:80)
at org.openqa.selenium.remote.http.AbstractHttpResponseCodec.decode(AbstractHttpResponseCodec.java:44)
at org.openqa.selenium.remote.HttpCommandExecutor.execute(HttpCommandExecutor.java:158)
at org.openqa.selenium.remote.service.DriverCommandExecutor.execute(DriverCommandExecutor.java:83)
at org.openqa.selenium.remote.RemoteWebDriver.execute(RemoteWebDriver.java:548)
at org.openqa.selenium.remote.RemoteWebDriver.findElement(RemoteWebDriver.java:322)
at org.openqa.selenium.remote.RemoteWebDriver.findElementByName(RemoteWebDriver.java:400)
at org.openqa.selenium.By$ByName.findElement(By.java:284)
at org.openqa.selenium.remote.RemoteWebDriver.findElement(RemoteWebDriver.java:314)
at pack.RegistrationPage_NewLoan_PDL.RegistrationPage_NewLoan_PDL(RegistrationPage_NewLoan_PDL.java:183)
at pack.AA_TN_PDL.NewLoan_Perform_EPP(AA_TN_PDL.java:2973)
... Removed 29 stack frames]]>
    </failure>
  </testcase> <!-- NewLoan_Perform_EPP -->
  <testcase name="EPP_MissRPPPayment_EOD_Checkbox" time="0.0" classname="pack.AA_TN_PDL">
    <skipped/>
  </testcase> <!-- EPP_MissRPPPayment_EOD_Checkbox -->
  <testcase name="EPP_MissRPPPayment_EOD_Forcefully" time="0.0" classname="pack.AA_TN_PDL">
    <skipped/>
  </testcase> <!-- EPP_MissRPPPayment_EOD_Forcefully -->
  <testcase name="Newloan_PartialPayment_Deposit_Clear_Refund" time="0.0" classname="pack.AA_TN_PDL">
    <skipped/>
  </testcase> <!-- Newloan_PartialPayment_Deposit_Clear_Refund -->
  <testcase name="Loan_Deposit_FullPrePayment_Clear_Refund" time="0.0" classname="pack.AA_TN_PDL">
    <skipped/>
  </testcase> <!-- Loan_Deposit_FullPrePayment_Clear_Refund -->
  <testcase name="LoanWithCheck_ConvertAch_AchPrePayment_AchClr_Refund" time="0.0" classname="pack.AA_TN_PDL">
    <skipped/>
  </testcase> <!-- LoanWithCheck_ConvertAch_AchPrePayment_AchClr_Refund -->
  <testcase name="NewLoan_ReturnPosting_60days_Writeoff" time="0.0" classname="pack.AA_TN_PDL">
    <skipped/>
  </testcase> <!-- NewLoan_ReturnPosting_60days_Writeoff -->
  <testcase name="Loan_ReturnPosting_15PerofTotalDue__CheckWriteOff120daystoretdate" time="0.0" classname="pack.AA_TN_PDL">
    <skipped/>
  </testcase> <!-- Loan_ReturnPosting_15PerofTotalDue__CheckWriteOff120daystoretdate -->
  <testcase name="Loan_ReturnPosting_NSF15_Void_WO60days_Returndate" time="0.0" classname="pack.AA_TN_PDL">
    <skipped/>
  </testcase> <!-- Loan_ReturnPosting_NSF15_Void_WO60days_Returndate -->
  <testcase name="Loan_ReturnPosting_30PerofTotalDue__CheckWriteOff180daystoretdate" time="0.0" classname="pack.AA_TN_PDL">
    <skipped/>
  </testcase> <!-- Loan_ReturnPosting_30PerofTotalDue__CheckWriteOff180daystoretdate -->
  <testcase name="NewLoan_RPP_AgeInstwise_PPPayment" time="0.0" classname="pack.AA_TN_PDL">
    <skipped/>
  </testcase> <!-- NewLoan_RPP_AgeInstwise_PPPayment -->
  <testcase name="NewLoan_DueDate_Holiday_Verification" time="0.0" classname="pack.AA_TN_PDL">
    <skipped/>
  </testcase> <!-- NewLoan_DueDate_Holiday_Verification -->
  <testcase name="Loan_Deposit_PrePaymentfull_Return_RefundnotDisplay" time="0.0" classname="pack.AA_TN_PDL">
    <skipped/>
  </testcase> <!-- Loan_Deposit_PrePaymentfull_Return_RefundnotDisplay -->
  <testcase name="PreNotDeposit_PreNoteClear_CustomerInactive_Deposit" time="0.0" classname="pack.AA_TN_PDL">
    <ignored/>
  </testcase> <!-- PreNotDeposit_PreNoteClear_CustomerInactive_Deposit -->
=======
at org.openqa.selenium.remote.RemoteWebDriver$RemoteTargetLocator.defaultContent(RemoteWebDriver.java:918)
at pack.RegistrationPage_NewLoan_PDL.RegistrationPage_NewLoan_PDL(RegistrationPage_NewLoan_PDL.java:157)
at pack.AA_FL_PDL.NewLoan_Deposit_Clear_prepayment_clear_refund(AA_FL_PDL.java:3858)
... Removed 29 stack frames]]>
    </failure>
  </testcase> <!-- NewLoan_Deposit_Clear_prepayment_clear_refund -->
  <testcase name="NewLoan_Deposit_Clear_prepayment_clear_refund_check" time="0.0" classname="pack.AA_FL_PDL">
    <skipped/>
  </testcase> <!-- NewLoan_Deposit_Clear_prepayment_clear_refund_check -->
  <testcase name="NewLoan_validate_RPP" time="0.0" classname="pack.AA_FL_PDL">
    <skipped/>
  </testcase> <!-- NewLoan_validate_RPP -->
  <testcase name="Deposit_ACR_ACHP_2tender_type_MO_transaction_void_with_cash" time="0.0" classname="pack.AA_FL_PDL">
    <skipped/>
  </testcase> <!-- Deposit_ACR_ACHP_2tender_type_MO_transaction_void_with_cash -->
  <testcase name="Deposit_ACR_ACHP_2tender_type_MO_same_transaction" time="0.0" classname="pack.AA_FL_PDL">
    <skipped/>
  </testcase> <!-- Deposit_ACR_ACHP_2tender_type_MO_same_transaction -->
  <testcase name="Deposit_ACR_ACHP_2tender_type_cck_transaction_void" time="0.0" classname="pack.AA_FL_PDL">
    <skipped/>
  </testcase> <!-- Deposit_ACR_ACHP_2tender_type_cck_transaction_void -->
  <testcase name="Deposit_ACR_ACHP_2tender_type_cck_same_transaction" time="0.0" classname="pack.AA_FL_PDL">
    <skipped/>
  </testcase> <!-- Deposit_ACR_ACHP_2tender_type_cck_same_transaction -->
  <testcase name="Deposit_ACR_ACHP_2tender_type_cck_transaction_DrawerDeassign_Midday_Void" time="0.0" classname="pack.AA_FL_PDL">
    <skipped/>
  </testcase> <!-- Deposit_ACR_ACHP_2tender_type_cck_transaction_DrawerDeassign_Midday_Void -->
  <testcase name="Deposit_ACR_WOR_2tender_type_MO_transaction_Void" time="0.0" classname="pack.AA_FL_PDL">
    <skipped/>
  </testcase> <!-- Deposit_ACR_WOR_2tender_type_MO_transaction_Void -->
  <testcase name="Deposit_ACR_WOR_2tender_type_same_MO_transaction" time="0.0" classname="pack.AA_FL_PDL">
    <skipped/>
  </testcase> <!-- Deposit_ACR_WOR_2tender_type_same_MO_transaction -->
  <testcase name="BorrowerNewLoan_Rule" time="0.0" classname="pack.AA_FL_PDL">
    <ignored/>
  </testcase> <!-- BorrowerNewLoan_Rule -->
  <testcase name="LoanwithACH_NACHA_ACHDepProc_ProcessClear" time="0.0" classname="pack.AA_FL_PDL">
    <ignored/>
  </testcase> <!-- LoanwithACH_NACHA_ACHDepProc_ProcessClear -->
  <testcase name="Loan_ReturnPosting_30PerofTotalDue__CheckWriteOff180daystoretdate" time="0.0" classname="pack.AA_FL_PDL">
    <ignored/>
  </testcase> <!-- Loan_ReturnPosting_30PerofTotalDue__CheckWriteOff180daystoretdate -->
  <testcase name="NewLoan_RPP_AgeInstwise_PPPayment" time="0.0" classname="pack.AA_FL_PDL">
    <ignored/>
  </testcase> <!-- NewLoan_RPP_AgeInstwise_PPPayment -->
  <testcase name="VerifyBuyBack_TotalDue" time="0.0" classname="pack.AA_FL_PDL">
    <ignored/>
  </testcase> <!-- VerifyBuyBack_TotalDue -->
  <testcase name="EPP_MissRPPPayment_EOD_Forcefully" time="0.0" classname="pack.AA_FL_PDL">
    <ignored/>
  </testcase> <!-- EPP_MissRPPPayment_EOD_Forcefully -->
  <testcase name="Partialpayment_void" time="0.0" classname="pack.AA_FL_PDL">
    <ignored/>
  </testcase> <!-- Partialpayment_void -->
  <testcase name="NewLoan_Deposit_Clear_prepayment_clear_refund" time="0.0" classname="pack.AA_TN_PDL">
    <ignored/>
  </testcase> <!-- NewLoan_Deposit_Clear_prepayment_clear_refund -->
  <testcase name="Deposit_ACR_ACHP_2tender_type_MO_same_transaction" time="0.0" classname="pack.AA_TN_PDL">
    <ignored/>
  </testcase> <!-- Deposit_ACR_ACHP_2tender_type_MO_same_transaction -->
  <testcase name="Deposit_ACR_ACHP_2tender_type_cck_transaction_void" time="0.0" classname="pack.AA_TN_PDL">
    <ignored/>
  </testcase> <!-- Deposit_ACR_ACHP_2tender_type_cck_transaction_void -->
  <testcase name="Partialpayment_agestorevoid" time="0.0" classname="pack.AA_FL_PDL">
    <ignored/>
  </testcase> <!-- Partialpayment_agestorevoid -->
  <testcase name="Deposit_ACR_WOR_2tender_type_MO_transaction_Void" time="0.0" classname="pack.AA_TN_PDL">
    <ignored/>
  </testcase> <!-- Deposit_ACR_WOR_2tender_type_MO_transaction_Void -->
  <testcase name="NewLoan_DueDate_Holiday_Verification" time="0.0" classname="pack.AA_FL_PDL">
    <ignored/>
  </testcase> <!-- NewLoan_DueDate_Holiday_Verification -->
  <testcase name="Loan_Deposit_FullPrePayment_Clear_Refund" time="0.0" classname="pack.AA_FL_PDL">
    <ignored/>
  </testcase> <!-- Loan_Deposit_FullPrePayment_Clear_Refund -->
  <testcase name="NewLoan_Prenote_Deposit_Verification_weekly" time="0.0" classname="pack.AA_FL_PDL">
    <ignored/>
  </testcase> <!-- NewLoan_Prenote_Deposit_Verification_weekly -->
  <testcase name="Deposit_ACR_ACHP_2tender_type_MO_transaction_void_with_cash" time="0.0" classname="pack.AA_TN_PDL">
    <ignored/>
  </testcase> <!-- Deposit_ACR_ACHP_2tender_type_MO_transaction_void_with_cash -->
  <testcase name="NewLoan_PreNoteDiposit_6daysBeforeDueDate" time="0.0" classname="pack.AA_FL_PDL">
    <ignored/>
  </testcase> <!-- NewLoan_PreNoteDiposit_6daysBeforeDueDate -->
  <testcase name="Deposit_ACR_ACHP_2tender_type_cck_transaction_DrawerDeassign_Midday_Void" time="0.0" classname="pack.AA_TN_PDL">
    <ignored/>
  </testcase> <!-- Deposit_ACR_ACHP_2tender_type_cck_transaction_DrawerDeassign_Midday_Void -->
  <testcase name="Byback_agestore_void" time="0.0" classname="pack.AA_FL_PDL">
    <ignored/>
  </testcase> <!-- Byback_agestore_void -->
  <testcase name="NewLoan_VoidEncryptionKey" time="0.0" classname="pack.AA_FL_PDL">
    <ignored/>
  </testcase> <!-- NewLoan_VoidEncryptionKey -->
  <testcase name="NewLoan_Deposit_Clear_prepayment_clear_refund_check" time="0.0" classname="pack.AA_TN_PDL">
    <ignored/>
  </testcase> <!-- NewLoan_Deposit_Clear_prepayment_clear_refund_check -->
  <testcase name="LoanWithCheck_ConvertAch_AchPrePayment_AchClr_Refund" time="0.0" classname="pack.AA_FL_PDL">
    <ignored/>
  </testcase> <!-- LoanWithCheck_ConvertAch_AchPrePayment_AchClr_Refund -->
  <testcase name="Nacha_ACHDepositProcess_ACHReturn" time="0.0" classname="pack.AA_FL_PDL">
    <ignored/>
  </testcase> <!-- Nacha_ACHDepositProcess_ACHReturn -->
  <testcase name="LoanwithCheck_ConverttoACH_ACHDepproc_ProcClear" time="0.0" classname="pack.AA_FL_PDL">
    <ignored/>
  </testcase> <!-- LoanwithCheck_ConverttoACH_ACHDepproc_ProcClear -->
  <testcase name="BuyBack_Void" time="0.0" classname="pack.AA_FL_PDL">
    <ignored/>
  </testcase> <!-- BuyBack_Void -->
  <testcase name="Partialpayment_agestorevoid" time="0.0" classname="pack.AA_TN_PDL">
    <ignored/>
  </testcase> <!-- Partialpayment_agestorevoid -->
  <testcase name="NewLoan_ReturnPosting_60days_Writeoff" time="0.0" classname="pack.AA_FL_PDL">
    <ignored/>
  </testcase> <!-- NewLoan_ReturnPosting_60days_Writeoff -->
  <testcase name="NewLoanMultiDisb_Void" time="0.0" classname="pack.AA_TN_PDL">
    <ignored/>
  </testcase> <!-- NewLoanMultiDisb_Void -->
  <testcase name="Partialpayment_void" time="0.0" classname="pack.AA_TN_PDL">
    <ignored/>
  </testcase> <!-- Partialpayment_void -->
  <testcase name="BorrowerNewLoan_Rule" time="0.0" classname="pack.AA_TN_PDL">
    <ignored/>
  </testcase> <!-- BorrowerNewLoan_Rule -->
  <testcase name="PartialPayment_ACH_Deposit" time="0.0" classname="pack.AA_FL_PDL">
    <ignored/>
  </testcase> <!-- PartialPayment_ACH_Deposit -->
  <testcase name="Newloan_DisbACH_void" time="0.0" classname="pack.AA_FL_PDL">
    <ignored/>
  </testcase> <!-- Newloan_DisbACH_void -->
  <testcase name="NewLoan_validate_RPP" time="0.0" classname="pack.AA_TN_PDL">
    <ignored/>
  </testcase> <!-- NewLoan_validate_RPP -->
  <testcase name="NewLoan_Weekly_Duedate" time="0.0" classname="pack.AA_FL_PDL">
    <ignored/>
  </testcase> <!-- NewLoan_Weekly_Duedate -->
  <testcase name="NewLoanMultipledisbursement_AgestoreVoid" time="0.0" classname="pack.AA_TN_PDL">
    <ignored/>
  </testcase> <!-- NewLoanMultipledisbursement_AgestoreVoid -->
  <testcase name="PartialPayment_BuyBackChange_Void" time="0.0" classname="pack.AA_TN_PDL">
    <ignored/>
  </testcase> <!-- PartialPayment_BuyBackChange_Void -->
  <testcase name="NewLoan_Deposit_Return_Prenotedeposit" time="0.0" classname="pack.AA_FL_PDL">
    <ignored/>
  </testcase> <!-- NewLoan_Deposit_Return_Prenotedeposit -->
  <testcase name="Newloan_MultipullDisb" time="0.0" classname="pack.AA_FL_PDL">
    <ignored/>
  </testcase> <!-- Newloan_MultipullDisb -->
  <testcase name="Loan_ReturnPosting_NSF15_Void_WO60days_Returndate" time="0.0" classname="pack.AA_FL_PDL">
    <ignored/>
  </testcase> <!-- Loan_ReturnPosting_NSF15_Void_WO60days_Returndate -->
  <testcase name="Deposit_ACR_ACHP_2tender_type_cck_same_transaction" time="0.0" classname="pack.AA_TN_PDL">
    <ignored/>
  </testcase> <!-- Deposit_ACR_ACHP_2tender_type_cck_same_transaction -->
  <testcase name="Rescind_AgeStore" time="0.0" classname="pack.AA_FL_PDL">
=======
<testsuite hostname="qtlsys2-17" ignored="58" name="Test" tests="1" failures="0" timestamp="28 Aug 2019 07:52:10 GMT" time="271.281" errors="0">
  <testcase name="Advance_deposit_ACHPPwith2tendertypessMOwithsamenumbers_Transactionnotprocessed" time="255.547" classname="pack.AA_TN_PDL"/>
  <testcase name="BorrowerNewLoan_Rule" time="0.0" classname="pack.AA_FL_PDL">
    <ignored/>
  </testcase> <!-- BorrowerNewLoan_Rule -->
  <testcase name="LoanwithACH_NACHA_ACHDepProc_ProcessClear" time="0.0" classname="pack.AA_FL_PDL">
>>>>>>> dcd7f96de8f02d079128ae6384adc579e09de9df
    <ignored/>
  </testcase> <!-- Rescind_AgeStore -->
  <testcase name="PartialPayment_BuyBack" time="0.0" classname="pack.AA_TN_PDL">
    <ignored/>
  </testcase> <!-- PartialPayment_BuyBack -->
  <testcase name="PartialPayment_BuyBack_Void" time="0.0" classname="pack.AA_FL_PDL">
    <ignored/>
<<<<<<< HEAD
  </testcase> <!-- PartialPayment_BuyBack_Void -->
  <testcase name="Prenotedeposit_Verification" time="0.0" classname="pack.AA_TN_PDL">
    <ignored/>
  </testcase> <!-- Prenotedeposit_Verification -->
  <testcase name="NewLoan_Biweekly_Duedate" time="0.0" classname="pack.AA_FL_PDL">
    <ignored/>
  </testcase> <!-- NewLoan_Biweekly_Duedate -->
  <testcase name="Deposit_ACR_WOR_2tender_type_same_MO_transaction" time="0.0" classname="pack.AA_TN_PDL">
    <ignored/>
  </testcase> <!-- Deposit_ACR_WOR_2tender_type_same_MO_transaction -->
  <testcase name="Newloan_PartialPayment_Deposit_Clear_Refund" time="0.0" classname="pack.AA_FL_PDL">
    <ignored/>
  </testcase> <!-- Newloan_PartialPayment_Deposit_Clear_Refund -->
  <testcase name="BorrowerRegistration_NewLoan" time="0.0" classname="pack.AA_FL_PDL">
    <ignored/>
  </testcase> <!-- BorrowerRegistration_NewLoan -->
  <testcase name="VerifyLoanAmount" time="0.0" classname="pack.AA_FL_PDL">
    <ignored/>
  </testcase> <!-- VerifyLoanAmount -->
  <testcase name="NewLoan_AgeStore_BuyBack" time="0.0" classname="pack.AA_FL_PDL">
    <ignored/>
  </testcase> <!-- NewLoan_AgeStore_BuyBack -->
  <testcase name="Prenotedeposit_Verification_within5businessdays" time="0.0" classname="pack.AA_FL_PDL">
    <ignored/>
  </testcase> <!-- Prenotedeposit_Verification_within5businessdays -->
  <testcase name="LoanwithCheck_Deposit_ReturnwithoutR01R09_FutureDepositNotposted" time="0.0" classname="pack.AA_FL_PDL">
    <ignored/>
  </testcase> <!-- LoanwithCheck_Deposit_ReturnwithoutR01R09_FutureDepositNotposted -->
  <testcase name="LoanwithCheck__DepConvertACH__Deposit__ACHReturn" time="0.0" classname="pack.AA_FL_PDL">
    <ignored/>
  </testcase> <!-- LoanwithCheck__DepConvertACH__Deposit__ACHReturn -->
  <testcase name="Loan__ACHOptOutBeforePrenotedate_PrenoteDepositShouldnotpost" time="0.0" classname="pack.AA_FL_PDL">
    <ignored/>
  </testcase> <!-- Loan__ACHOptOutBeforePrenotedate_PrenoteDepositShouldnotpost -->
  <testcase name="NewLoan_SemiMonthly_Duedate" time="0.0" classname="pack.AA_FL_PDL">
    <ignored/>
  </testcase> <!-- NewLoan_SemiMonthly_Duedate -->
  <testcase name="VerifyLoanAmount" time="0.0" classname="pack.AA_TN_PDL">
=======
  </testcase> <!-- NewLoan_RPP_AgeInstwise_PPPayment -->
  <testcase name="VerifyBuyBack_TotalDue" time="0.0" classname="pack.AA_FL_PDL">
    <ignored/>
  </testcase> <!-- VerifyBuyBack_TotalDue -->
  <testcase name="EPP_MissRPPPayment_EOD_Forcefully" time="0.0" classname="pack.AA_FL_PDL">
    <ignored/>
  </testcase> <!-- EPP_MissRPPPayment_EOD_Forcefully -->
  <testcase name="Partialpayment_void" time="0.0" classname="pack.AA_FL_PDL">
    <ignored/>
  </testcase> <!-- Partialpayment_void -->
  <testcase name="Partialpayment_agestorevoid" time="0.0" classname="pack.AA_FL_PDL">
    <ignored/>
  </testcase> <!-- Partialpayment_agestorevoid -->
  <testcase name="NewLoan_DueDate_Holiday_Verification" time="0.0" classname="pack.AA_FL_PDL">
    <ignored/>
  </testcase> <!-- NewLoan_DueDate_Holiday_Verification -->
  <testcase name="Loan_Deposit_FullPrePayment_Clear_Refund" time="0.0" classname="pack.AA_FL_PDL">
    <ignored/>
  </testcase> <!-- Loan_Deposit_FullPrePayment_Clear_Refund -->
  <testcase name="NewLoan_Prenote_Deposit_Verification_weekly" time="0.0" classname="pack.AA_FL_PDL">
    <ignored/>
  </testcase> <!-- NewLoan_Prenote_Deposit_Verification_weekly -->
  <testcase name="NewLoan_PreNoteDiposit_6daysBeforeDueDate" time="0.0" classname="pack.AA_FL_PDL">
    <ignored/>
  </testcase> <!-- NewLoan_PreNoteDiposit_6daysBeforeDueDate -->
  <testcase name="Byback_agestore_void" time="0.0" classname="pack.AA_FL_PDL">
    <ignored/>
  </testcase> <!-- Byback_agestore_void -->
  <testcase name="NewLoan_VoidEncryptionKey" time="0.0" classname="pack.AA_FL_PDL">
    <ignored/>
  </testcase> <!-- NewLoan_VoidEncryptionKey -->
  <testcase name="Newloan_VoidPrePayment" time="0.0" classname="pack.AA_TN_PDL">
    <ignored/>
  </testcase> <!-- Newloan_VoidPrePayment -->
  <testcase name="LoanWithCheck_ConvertAch_AchPrePayment_AchClr_Refund" time="0.0" classname="pack.AA_FL_PDL">
>>>>>>> dcd7f96de8f02d079128ae6384adc579e09de9df
    <ignored/>
  </testcase> <!-- VerifyLoanAmount -->
  <testcase name="NewLoan_AgeStore_BuyBack" time="0.0" classname="pack.AA_TN_PDL">
    <ignored/>
  </testcase> <!-- NewLoan_AgeStore_BuyBack -->
  <testcase name="Void" time="0.0" classname="pack.AA_FL_PDL">
    <ignored/>
  </testcase> <!-- Void -->
  <testcase name="PartialPayment_BuyBack_Void" time="0.0" classname="pack.AA_TN_PDL">
    <ignored/>
<<<<<<< HEAD
  </testcase> <!-- PartialPayment_BuyBack_Void -->
  <testcase name="NewLoan_Monthly_Duedate" time="0.0" classname="pack.AA_FL_PDL">
=======
  </testcase> <!-- LoanwithCheck_ConverttoACH_ACHDepproc_ProcClear -->
  <testcase name="BuyBack_Void" time="0.0" classname="pack.AA_FL_PDL">
    <ignored/>
  </testcase> <!-- BuyBack_Void -->
  <testcase name="Partialpayment_agestorevoid" time="0.0" classname="pack.AA_TN_PDL">
>>>>>>> dcd7f96de8f02d079128ae6384adc579e09de9df
    <ignored/>
  </testcase> <!-- NewLoan_Monthly_Duedate -->
  <testcase name="Prenotedeposit_Verification" time="0.0" classname="pack.AA_FL_PDL">
    <ignored/>
<<<<<<< HEAD
=======
  </testcase> <!-- NewLoan_ReturnPosting_60days_Writeoff -->
  <testcase name="Partialpayment_void" time="0.0" classname="pack.AA_TN_PDL">
    <ignored/>
  </testcase> <!-- Partialpayment_void -->
  <testcase name="PartialPayment_ACH_Deposit" time="0.0" classname="pack.AA_FL_PDL">
    <ignored/>
  </testcase> <!-- PartialPayment_ACH_Deposit -->
  <testcase name="Newloan_DisbACH_void" time="0.0" classname="pack.AA_FL_PDL">
    <ignored/>
  </testcase> <!-- Newloan_DisbACH_void -->
  <testcase name="NewLoan_Weekly_Duedate" time="0.0" classname="pack.AA_FL_PDL">
    <ignored/>
  </testcase> <!-- NewLoan_Weekly_Duedate -->
  <testcase name="PartialPayment_BuyBackChange_Void" time="0.0" classname="pack.AA_TN_PDL">
    <ignored/>
  </testcase> <!-- PartialPayment_BuyBackChange_Void -->
  <testcase name="NewLoan_Deposit_Return_Prenotedeposit" time="0.0" classname="pack.AA_FL_PDL">
    <ignored/>
  </testcase> <!-- NewLoan_Deposit_Return_Prenotedeposit -->
  <testcase name="Newloan_MultipullDisb" time="0.0" classname="pack.AA_FL_PDL">
    <ignored/>
  </testcase> <!-- Newloan_MultipullDisb -->
  <testcase name="Loan_ReturnPosting_NSF15_Void_WO60days_Returndate" time="0.0" classname="pack.AA_FL_PDL">
    <ignored/>
  </testcase> <!-- Loan_ReturnPosting_NSF15_Void_WO60days_Returndate -->
  <testcase name="Rescind_AgeStore" time="0.0" classname="pack.AA_FL_PDL">
    <ignored/>
  </testcase> <!-- Rescind_AgeStore -->
  <testcase name="PartialPayment_BuyBack_Void" time="0.0" classname="pack.AA_FL_PDL">
    <ignored/>
  </testcase> <!-- PartialPayment_BuyBack_Void -->
  <testcase name="NewLoan_Biweekly_Duedate" time="0.0" classname="pack.AA_FL_PDL">
    <ignored/>
  </testcase> <!-- NewLoan_Biweekly_Duedate -->
  <testcase name="Newloan_PartialPayment_Deposit_Clear_Refund" time="0.0" classname="pack.AA_FL_PDL">
    <ignored/>
  </testcase> <!-- Newloan_PartialPayment_Deposit_Clear_Refund -->
  <testcase name="BorrowerRegistration_NewLoan" time="0.0" classname="pack.AA_FL_PDL">
    <ignored/>
  </testcase> <!-- BorrowerRegistration_NewLoan -->
  <testcase name="VerifyLoanAmount" time="0.0" classname="pack.AA_FL_PDL">
    <ignored/>
  </testcase> <!-- VerifyLoanAmount -->
  <testcase name="NewLoan_AgeStore_BuyBack" time="0.0" classname="pack.AA_FL_PDL">
    <ignored/>
  </testcase> <!-- NewLoan_AgeStore_BuyBack -->
  <testcase name="Prenotedeposit_Verification_within5businessdays" time="0.0" classname="pack.AA_FL_PDL">
    <ignored/>
  </testcase> <!-- Prenotedeposit_Verification_within5businessdays -->
  <testcase name="LoanwithCheck_Deposit_ReturnwithoutR01R09_FutureDepositNotposted" time="0.0" classname="pack.AA_FL_PDL">
    <ignored/>
  </testcase> <!-- LoanwithCheck_Deposit_ReturnwithoutR01R09_FutureDepositNotposted -->
  <testcase name="Newloan_PartialPayment_Deposit_Clear_Refund" time="0.0" classname="pack.AA_TN_PDL">
    <ignored/>
  </testcase> <!-- Newloan_PartialPayment_Deposit_Clear_Refund -->
  <testcase name="LoanwithCheck__DepConvertACH__Deposit__ACHReturn" time="0.0" classname="pack.AA_FL_PDL">
    <ignored/>
  </testcase> <!-- LoanwithCheck__DepConvertACH__Deposit__ACHReturn -->
  <testcase name="NewLoan_SemiMonthly_Duedate" time="0.0" classname="pack.AA_FL_PDL">
    <ignored/>
  </testcase> <!-- NewLoan_SemiMonthly_Duedate -->
  <testcase name="NewLoan_AgeStore_BuyBack" time="0.0" classname="pack.AA_TN_PDL">
    <ignored/>
  </testcase> <!-- NewLoan_AgeStore_BuyBack -->
  <testcase name="Void" time="0.0" classname="pack.AA_FL_PDL">
    <ignored/>
  </testcase> <!-- Void -->
  <testcase name="NewLoan_Monthly_Duedate" time="0.0" classname="pack.AA_FL_PDL">
    <ignored/>
  </testcase> <!-- NewLoan_Monthly_Duedate -->
  <testcase name="Prenotedeposit_Verification" time="0.0" classname="pack.AA_FL_PDL">
    <ignored/>
>>>>>>> dcd7f96de8f02d079128ae6384adc579e09de9df
  </testcase> <!-- Prenotedeposit_Verification -->
  <testcase name="Loan_Agestoreduedate_performdepositPrepayment_agestore_ProcessClear" time="0.0" classname="pack.AA_FL_PDL">
    <ignored/>
  </testcase> <!-- Loan_Agestoreduedate_performdepositPrepayment_agestore_ProcessClear -->
  <testcase name="NewLoan_Perform_EPP" time="0.0" classname="pack.AA_FL_PDL">
    <ignored/>
  </testcase> <!-- NewLoan_Perform_EPP -->
  <testcase name="ConvertCheckToACHNacha_ACHDepositProcess_ACHReturn" time="0.0" classname="pack.AA_FL_PDL">
    <ignored/>
  </testcase> <!-- ConvertCheckToACHNacha_ACHDepositProcess_ACHReturn -->
  <testcase name="EPP_MissRPPPayment_EOD_Checkbox" time="0.0" classname="pack.AA_FL_PDL">
    <ignored/>
  </testcase> <!-- EPP_MissRPPPayment_EOD_Checkbox -->
  <testcase name="Loan_Deposit_PrePaymentfull_Return_RefundnotDisplay" time="0.0" classname="pack.AA_FL_PDL">
    <ignored/>
  </testcase> <!-- Loan_Deposit_PrePaymentfull_Return_RefundnotDisplay -->
  <testcase name="Rescind_AgeStore" time="0.0" classname="pack.AA_TN_PDL">
    <ignored/>
  </testcase> <!-- Rescind_AgeStore -->
  <testcase name="Loan_ReturnPosting_15PerofTotalDue__CheckWriteOff120daystoretdate" time="0.0" classname="pack.AA_FL_PDL">
    <ignored/>
  </testcase> <!-- Loan_ReturnPosting_15PerofTotalDue__CheckWriteOff120daystoretdate -->
<<<<<<< HEAD
  <testcase name="NewLoan_Deposit_Return_Prenotedeposit" time="0.0" classname="pack.AA_TN_PDL">
    <ignored/>
  </testcase> <!-- NewLoan_Deposit_Return_Prenotedeposit -->
  <testcase name="Newloan_MultipullDisb" time="0.0" classname="pack.AA_TN_PDL">
    <ignored/>
  </testcase> <!-- Newloan_MultipullDisb -->
  <testcase name="NewLoanMultipledisbursement_AgestoreVoid" time="0.0" classname="pack.AA_FL_PDL">
    <ignored/>
  </testcase> <!-- NewLoanMultipledisbursement_AgestoreVoid -->
  <testcase name="PartialPayment_BuyBackChange_Void" time="0.0" classname="pack.AA_FL_PDL">
    <ignored/>
=======
  <testcase name="NewLoanMultipledisbursement_AgestoreVoid" time="0.0" classname="pack.AA_FL_PDL">
    <ignored/>
  </testcase> <!-- NewLoanMultipledisbursement_AgestoreVoid -->
  <testcase name="PartialPayment_BuyBackChange_Void" time="0.0" classname="pack.AA_FL_PDL">
    <ignored/>
>>>>>>> dcd7f96de8f02d079128ae6384adc579e09de9df
  </testcase> <!-- PartialPayment_BuyBackChange_Void -->
  <testcase name="NewLoan_PreNoteDeposit_PreNoteClear" time="0.0" classname="pack.AA_FL_PDL">
    <ignored/>
  </testcase> <!-- NewLoan_PreNoteDeposit_PreNoteClear -->
  <testcase name="Rescind" time="0.0" classname="pack.AA_FL_PDL">
    <ignored/>
  </testcase> <!-- Rescind -->
  <testcase name="Loan_Deposit_PrePayment_Return" time="0.0" classname="pack.AA_FL_PDL">
    <ignored/>
  </testcase> <!-- Loan_Deposit_PrePayment_Return -->
  <testcase name="NewLoan_Deposit_Clear_transactions_dropdown" time="0.0" classname="pack.AA_TN_PDL">
    <ignored/>
  </testcase> <!-- NewLoan_Deposit_Clear_transactions_dropdown -->
  <testcase name="PartialPayment_BuyBack" time="0.0" classname="pack.AA_FL_PDL">
    <ignored/>
  </testcase> <!-- PartialPayment_BuyBack -->
  <testcase name="NewLoanMultiDisb_Void" time="0.0" classname="pack.AA_FL_PDL">
    <ignored/>
  </testcase> <!-- NewLoanMultiDisb_Void -->
>>>>>>> 99f7b1da04307c058e2d38ab42d6146b465ed3d1
</testsuite> <!-- Test -->
